Database version : {u'VERSION()': '5.7.18'} 
Connecting to twitch.tv
Connected to twitch
Sending our details to twitch...
:tmi.twitch.tv 001 tpr_bot2 :Welcome, GLHF!
:tmi.twitch.tv 002 tpr_bot2 :Your host is tmi.twitch.tv
:tmi.twitch.tv 003 tpr_bot2 :This server is rather new
:tmi.twitch.tv 004 tpr_bot2 :-
:tmi.twitch.tv 375 tpr_bot2 :-
:tmi.twitch.tv 372 tpr_bot2 :You are in a maze of twisty passages, all alike.
:tmi.twitch.tv 376 tpr_bot2 :>
:tpr_bot2!tpr_bot2@tpr_bot2.tmi.twitch.tv JOIN #twitchplaysrobotics
:tpr_bot2.tmi.twitch.tv 353 tpr_bot2 = #twitchplaysrobotics :tpr_bot2
:tpr_bot2.tmi.twitch.tv 366 tpr_bot2 #twitchplaysrobotics :End of /NAMES list
Joined twitchplaysrobotics channel..
Sent: PRIVMSG #twitchplaysrobotics :Joined chat...
('recieved ping...', ' sending pong...')
('recieved ping...', ' sending pong...')
('recieved ping...', ' sending pong...')
('recieved ping...', ' sending pong...')
('recieved ping...', ' sending pong...')
('recieved ping...', ' sending pong...')
('2017-08-16 16:36:31', 'doctorjoshuvm: ?')
Adding to the chat table...
('2017-08-16 16:36:31', 'tpr_bot2: @doctorjoshuvm twitch plays robotics is a community-driven project to teach robots language. to learn more about any aspect of the project, type ?robots, ?silverrobots ?reinforcement, ?votes, ?scores, ?myscore, or ?commandscores. more details at https://tpr-uvm.github.io.')
('recieved ping...', ' sending pong...')
('recieved ping...', ' sending pong...')
('recieved ping...', ' sending pong...')
('recieved ping...', ' sending pong...')
('recieved ping...', ' sending pong...')
('recieved ping...', ' sending pong...')
('recieved ping...', ' sending pong...')
('recieved ping...', ' sending pong...')
('recieved ping...', ' sending pong...')
('recieved ping...', ' sending pong...')
('2017-08-16 17:18:44', 'supergamemaker: !walk')
Adding to the chat table...
('2017-08-16 17:18:44', 'tpr_bot2: @supergamemaker congratulations! you just earned your first point.')
('recieved ping...', ' sending pong...')
('recieved ping...', ' sending pong...')
('recieved ping...', ' sending pong...')
('recieved ping...', ' sending pong...')
('recieved ping...', ' sending pong...')
('recieved ping...', ' sending pong...')
('recieved ping...', ' sending pong...')
('recieved ping...', ' sending pong...')
('recieved ping...', ' sending pong...')
('recieved ping...', ' sending pong...')
('recieved ping...', ' sending pong...')
('recieved ping...', ' sending pong...')
('recieved ping...', ' sending pong...')
('recieved ping...', ' sending pong...')
('recieved ping...', ' sending pong...')
('2017-08-16 18:29:49', 'j99970: !gn n')
Adding to the chat table...
('2017-08-16 18:29:49', 'tpr_bot2: @j99970 congratulations! you just earned your first point.')
('2017-08-16 18:30:16', 'j99970: !b b n')
Adding to the chat table...
('2017-08-16 18:30:41', 'j99970: !o n')
Adding to the chat table...
('recieved ping...', ' sending pong...')
('2017-08-16 18:31:08', 'j99970: !c n')
Adding to the chat table...
('recieved ping...', ' sending pong...')
('recieved ping...', ' sending pong...')
('recieved ping...', ' sending pong...')
('recieved ping...', ' sending pong...')
('2017-08-16 18:51:36', 'broccoli_wizard: !bn')
Adding to the chat table...
('2017-08-16 18:51:37', 'tpr_bot2: @broccoli_wizard congratulations! you just earned your first point.')
('2017-08-16 18:51:58', 'broccoli_wizard: !oy')
Adding to the chat table...
('recieved ping...', ' sending pong...')
('recieved ping...', ' sending pong...')
('recieved ping...', ' sending pong...')
('recieved ping...', ' sending pong...')
('recieved ping...', ' sending pong...')
('2017-08-16 19:14:23', 'misterfishy12: !walk')
Adding to the chat table...
('2017-08-16 19:14:23', 'tpr_bot2: @misterfishy12 congratulations! you just earned your first point.')
('2017-08-16 19:14:40', 'misterfishy12: !stop')
Adding to the chat table...
('2017-08-16 19:15:04', 'misterfishy12: !flip')
Adding to the chat table...
('recieved ping...', ' sending pong...')
('recieved ping...', ' sending pong...')
('recieved ping...', ' sending pong...')
('recieved ping...', ' sending pong...')
('2017-08-16 19:31:05', 'rodrigoxbg: !spin')
Adding to the chat table...
('recieved ping...', ' sending pong...')
('recieved ping...', ' sending pong...')
('recieved ping...', ' sending pong...')
('recieved ping...', ' sending pong...')
('recieved ping...', ' sending pong...')
('recieved ping...', ' sending pong...')
('recieved ping...', ' sending pong...')
('recieved ping...', ' sending pong...')
('recieved ping...', ' sending pong...')
('recieved ping...', ' sending pong...')
('recieved ping...', ' sending pong...')
('recieved ping...', ' sending pong...')
('recieved ping...', ' sending pong...')
('recieved ping...', ' sending pong...')
('recieved ping...', ' sending pong...')
('recieved ping...', ' sending pong...')
('recieved ping...', ' sending pong...')
('recieved ping...', ' sending pong...')
('recieved ping...', ' sending pong...')
('recieved ping...', ' sending pong...')
('recieved ping...', ' sending pong...')
('recieved ping...', ' sending pong...')
('recieved ping...', ' sending pong...')
('recieved ping...', ' sending pong...')
('recieved ping...', ' sending pong...')
('recieved ping...', ' sending pong...')
('recieved ping...', ' sending pong...')
('recieved ping...', ' sending pong...')
('recieved ping...', ' sending pong...')
('recieved ping...', ' sending pong...')
('recieved ping...', ' sending pong...')
('recieved ping...', ' sending pong...')
('recieved ping...', ' sending pong...')
('recieved ping...', ' sending pong...')
('recieved ping...', ' sending pong...')
('2017-08-16 22:08:42', 'zmahoor: ?')
Adding to the chat table...
('2017-08-16 22:08:42', 'tpr_bot2: @zmahoor twitch plays robotics is a community-driven project to teach robots language. to learn more about any aspect of the project, type ?robots, ?silverrobots ?reinforcement, ?votes, ?scores, ?myscore, or ?commandscores. more details at https://tpr-uvm.github.io.')
('recieved ping...', ' sending pong...')
('recieved ping...', ' sending pong...')
('recieved ping...', ' sending pong...')
('recieved ping...', ' sending pong...')
('recieved ping...', ' sending pong...')
('recieved ping...', ' sending pong...')
('recieved ping...', ' sending pong...')
('recieved ping...', ' sending pong...')
('recieved ping...', ' sending pong...')
('recieved ping...', ' sending pong...')
('recieved ping...', ' sending pong...')
('recieved ping...', ' sending pong...')
('recieved ping...', ' sending pong...')
('recieved ping...', ' sending pong...')
('recieved ping...', ' sending pong...')
('recieved ping...', ' sending pong...')
('recieved ping...', ' sending pong...')
('recieved ping...', ' sending pong...')
('recieved ping...', ' sending pong...')
('recieved ping...', ' sending pong...')
('recieved ping...', ' sending pong...')
('recieved ping...', ' sending pong...')
('recieved ping...', ' sending pong...')
('recieved ping...', ' sending pong...')
('recieved ping...', ' sending pong...')
('recieved ping...', ' sending pong...')
('recieved ping...', ' sending pong...')
('recieved ping...', ' sending pong...')
('recieved ping...', ' sending pong...')
('recieved ping...', ' sending pong...')
('recieved ping...', ' sending pong...')
('recieved ping...', ' sending pong...')
('recieved ping...', ' sending pong...')
('recieved ping...', ' sending pong...')
('recieved ping...', ' sending pong...')
('recieved ping...', ' sending pong...')
('recieved ping...', ' sending pong...')
('recieved ping...', ' sending pong...')
('recieved ping...', ' sending pong...')
('recieved ping...', ' sending pong...')
('recieved ping...', ' sending pong...')
('recieved ping...', ' sending pong...')
('recieved ping...', ' sending pong...')
('recieved ping...', ' sending pong...')
('recieved ping...', ' sending pong...')
('recieved ping...', ' sending pong...')
('recieved ping...', ' sending pong...')
('recieved ping...', ' sending pong...')
('recieved ping...', ' sending pong...')
('recieved ping...', ' sending pong...')
('recieved ping...', ' sending pong...')
('recieved ping...', ' sending pong...')
('recieved ping...', ' sending pong...')
('recieved ping...', ' sending pong...')
('recieved ping...', ' sending pong...')
('recieved ping...', ' sending pong...')
('2017-08-17 02:18:58', 'marlon99rocks: !on')
Adding to the chat table...
('2017-08-17 02:18:58', 'tpr_bot2: @marlon99rocks congratulations! you just earned your first point.')
('2017-08-17 02:19:12', 'marlon99rocks: !oy')
Adding to the chat table...
('2017-08-17 02:19:29', 'marlon99rocks: !cy')
Adding to the chat table...
('2017-08-17 02:19:56', 'marlon99rocks: !pn')
Adding to the chat table...
('2017-08-17 02:20:09', 'marlon99rocks: !pl')
Adding to the chat table...
('2017-08-17 02:20:31', 'marlon99rocks: !rl')
Adding to the chat table...
('2017-08-17 02:20:57', 'marlon99rocks: !gy')
Adding to the chat table...
('2017-08-17 02:21:29', 'marlon99rocks: !by')
Adding to the chat table...
('recieved ping...', ' sending pong...')
('recieved ping...', ' sending pong...')
('recieved ping...', ' sending pong...')
('recieved ping...', ' sending pong...')
('recieved ping...', ' sending pong...')
('recieved ping...', ' sending pong...')
('recieved ping...', ' sending pong...')
('recieved ping...', ' sending pong...')
('recieved ping...', ' sending pong...')
('recieved ping...', ' sending pong...')
('recieved ping...', ' sending pong...')
('recieved ping...', ' sending pong...')
('recieved ping...', ' sending pong...')
('recieved ping...', ' sending pong...')
('recieved ping...', ' sending pong...')
('recieved ping...', ' sending pong...')
('recieved ping...', ' sending pong...')
('recieved ping...', ' sending pong...')
('recieved ping...', ' sending pong...')
('recieved ping...', ' sending pong...')
('recieved ping...', ' sending pong...')
('recieved ping...', ' sending pong...')
('recieved ping...', ' sending pong...')
('recieved ping...', ' sending pong...')
('recieved ping...', ' sending pong...')
('recieved ping...', ' sending pong...')
('recieved ping...', ' sending pong...')
('recieved ping...', ' sending pong...')
('recieved ping...', ' sending pong...')
('recieved ping...', ' sending pong...')
('recieved ping...', ' sending pong...')
('recieved ping...', ' sending pong...')
('2017-08-17 04:45:29', 'kauddix: !ry')
Adding to the chat table...
('2017-08-17 04:45:29', 'tpr_bot2: @kauddix congratulations! you just earned your first point.')
('2017-08-17 04:45:48', 'kauddix: walk')
Adding to the chat table...
('recieved ping...', ' sending pong...')
('recieved ping...', ' sending pong...')
('recieved ping...', ' sending pong...')
('recieved ping...', ' sending pong...')
('recieved ping...', ' sending pong...')
('recieved ping...', ' sending pong...')
('recieved ping...', ' sending pong...')
('recieved ping...', ' sending pong...')
('recieved ping...', ' sending pong...')
('recieved ping...', ' sending pong...')
('recieved ping...', ' sending pong...')
('recieved ping...', ' sending pong...')
('recieved ping...', ' sending pong...')
('recieved ping...', ' sending pong...')
('recieved ping...', ' sending pong...')
('recieved ping...', ' sending pong...')
('recieved ping...', ' sending pong...')
('recieved ping...', ' sending pong...')
('recieved ping...', ' sending pong...')
('recieved ping...', ' sending pong...')
('recieved ping...', ' sending pong...')
('recieved ping...', ' sending pong...')
('recieved ping...', ' sending pong...')
('2017-08-17 06:28:20', 'wetteerbro: !bd')
Adding to the chat table...
('2017-08-17 06:28:21', 'tpr_bot2: @wetteerbro congratulations! you just earned your first point.')
('recieved ping...', ' sending pong...')
('recieved ping...', ' sending pong...')
('2017-08-17 06:35:04', 'wetteerbro: !walk')
Adding to the chat table...
('recieved ping...', ' sending pong...')
('recieved ping...', ' sending pong...')
('recieved ping...', ' sending pong...')
('recieved ping...', ' sending pong...')
('recieved ping...', ' sending pong...')
('recieved ping...', ' sending pong...')
('recieved ping...', ' sending pong...')
('recieved ping...', ' sending pong...')
('recieved ping...', ' sending pong...')
('recieved ping...', ' sending pong...')
('recieved ping...', ' sending pong...')
('recieved ping...', ' sending pong...')
('recieved ping...', ' sending pong...')
('recieved ping...', ' sending pong...')
('recieved ping...', ' sending pong...')
('recieved ping...', ' sending pong...')
('recieved ping...', ' sending pong...')
('recieved ping...', ' sending pong...')
('recieved ping...', ' sending pong...')
('recieved ping...', ' sending pong...')
('recieved ping...', ' sending pong...')
('recieved ping...', ' sending pong...')
('recieved ping...', ' sending pong...')
('recieved ping...', ' sending pong...')
('recieved ping...', ' sending pong...')
('recieved ping...', ' sending pong...')
('recieved ping...', ' sending pong...')
('recieved ping...', ' sending pong...')
('recieved ping...', ' sending pong...')
('recieved ping...', ' sending pong...')
('recieved ping...', ' sending pong...')
('recieved ping...', ' sending pong...')
('recieved ping...', ' sending pong...')
('recieved ping...', ' sending pong...')
('recieved ping...', ' sending pong...')
('recieved ping...', ' sending pong...')
('recieved ping...', ' sending pong...')
('recieved ping...', ' sending pong...')
('recieved ping...', ' sending pong...')
('recieved ping...', ' sending pong...')
('recieved ping...', ' sending pong...')
('recieved ping...', ' sending pong...')
('recieved ping...', ' sending pong...')
('recieved ping...', ' sending pong...')
('recieved ping...', ' sending pong...')
('recieved ping...', ' sending pong...')
('recieved ping...', ' sending pong...')
('recieved ping...', ' sending pong...')
('recieved ping...', ' sending pong...')
('2017-08-17 10:16:16', 'chln93: g')
Adding to the chat table...
('recieved ping...', ' sending pong...')
('recieved ping...', ' sending pong...')
('recieved ping...', ' sending pong...')
('recieved ping...', ' sending pong...')
('recieved ping...', ' sending pong...')
('recieved ping...', ' sending pong...')
('recieved ping...', ' sending pong...')
('recieved ping...', ' sending pong...')
('recieved ping...', ' sending pong...')
('recieved ping...', ' sending pong...')
('recieved ping...', ' sending pong...')
('recieved ping...', ' sending pong...')
('recieved ping...', ' sending pong...')
('recieved ping...', ' sending pong...')
('recieved ping...', ' sending pong...')
('recieved ping...', ' sending pong...')
('recieved ping...', ' sending pong...')
('recieved ping...', ' sending pong...')
('recieved ping...', ' sending pong...')
('recieved ping...', ' sending pong...')
('recieved ping...', ' sending pong...')
('2017-08-17 11:53:13', 'wattzy49: !walk')
Adding to the chat table...
('2017-08-17 11:53:13', 'tpr_bot2: @wattzy49 congratulations! you just earned your first point.')
('recieved ping...', ' sending pong...')
('2017-08-17 11:53:33', 'wattzy49: !cd')
Adding to the chat table...
('recieved ping...', ' sending pong...')
('recieved ping...', ' sending pong...')
('recieved ping...', ' sending pong...')
('recieved ping...', ' sending pong...')
('recieved ping...', ' sending pong...')
('2017-08-17 12:18:27', 'skywalker0112: !cy')
Adding to the chat table...
('2017-08-17 12:18:27', 'tpr_bot2: @skywalker0112 congratulations! you just earned your first point.')
('recieved ping...', ' sending pong...')
('recieved ping...', ' sending pong...')
('recieved ping...', ' sending pong...')
('recieved ping...', ' sending pong...')
('recieved ping...', ' sending pong...')
('recieved ping...', ' sending pong...')
('recieved ping...', ' sending pong...')
('2017-08-17 12:52:21', 'traumatr1gg3r: !sn')
Adding to the chat table...
('2017-08-17 12:52:22', 'tpr_bot2: @traumatr1gg3r congratulations! you just earned your first point.')
('recieved ping...', ' sending pong...')
('2017-08-17 12:52:41', 'traumatr1gg3r: !sy')
Adding to the chat table...
('2017-08-17 12:53:06', 'traumatr1gg3r: !rn')
Adding to the chat table...
('2017-08-17 12:53:20', 'traumatr1gg3r: !ry')
Adding to the chat table...
('recieved ping...', ' sending pong...')
('recieved ping...', ' sending pong...')
Traceback (most recent call last):
  File "chatBot.py", line 20, in <module>
    newMessages = t.recieve_messages(amount = 1024)
  File "/Users/twitchplaysrobotics/TPR-1.0/bots/twitch.py", line 123, in recieve_messages
    data = self.sock.recv(amount)
KeyboardInterrupt
