Database version : {u'VERSION()': '5.7.18'} 
Connecting to twitch.tv
Connected to twitch
Sending our details to twitch...
:tmi.twitch.tv 001 tpr_bot2 :Welcome, GLHF!
:tmi.twitch.tv 002 tpr_bot2 :Your host is tmi.twitch.tv
:tmi.twitch.tv 003 tpr_bot2 :This server is rather new
:tmi.twitch.tv 004 tpr_bot2 :-
:tmi.twitch.tv 375 tpr_bot2 :-
:tmi.twitch.tv 372 tpr_bot2 :You are in a maze of twisty passages, all alike.
:tmi.twitch.tv 376 tpr_bot2 :>
:tpr_bot2!tpr_bot2@tpr_bot2.tmi.twitch.tv JOIN #twitchplaysrobotics
:tpr_bot2.tmi.twitch.tv 353 tpr_bot2 = #twitchplaysrobotics :tpr_bot2
:tpr_bot2.tmi.twitch.tv 366 tpr_bot2 #twitchplaysrobotics :End of /NAMES list
Joined twitchplaysrobotics channel..
Sent: PRIVMSG #twitchplaysrobotics :Joined chat...
('2017-08-17 21:04:33', 'junglegeee: ?')
Adding to the chat table...
('2017-08-17 21:04:34', 'tpr_bot2: @junglegeee twitch plays robotics is a community-driven project to teach robots language. to learn more about any aspect of the project, type ?robots, ?silverrobots ?reinforcement, ?votes, ?scores, ?myscore, or ?commandscores. more details at https://tpr-uvm.github.io.')
('recieved ping...', ' sending pong...')
('2017-08-17 21:09:12', 'junglegeee: ?')
Adding to the chat table...
('2017-08-17 21:09:12', 'tpr_bot2: @junglegeee twitch plays robotics is a community-driven project to teach robots language. to learn more about any aspect of the project, type ?robots, ?silverrobots ?reinforcement, ?votes, ?scores, ?myscore, or ?commandscores. more details at https://tpr-uvm.github.io.')
('2017-08-17 21:10:40', 'junglegeee: !ol')
Adding to the chat table...
('2017-08-17 21:11:05', 'junglegeee: !cl')
Adding to the chat table...
('2017-08-17 21:11:12', 'junglegeee: !cn')
Adding to the chat table...
('2017-08-17 21:11:49', 'junglegeee: !pn')
Adding to the chat table...
('2017-08-17 21:12:33', 'junglegeee: !pd')
Adding to the chat table...
('2017-08-17 21:12:40', 'junglegeee: !ry')
Adding to the chat table...
('recieved ping...', ' sending pong...')
('2017-08-17 21:15:15', 'junglegeee: !ol')
Adding to the chat table...
('2017-08-17 21:15:28', 'junglegeee: !on')
Adding to the chat table...
('2017-08-17 21:16:19', 'junglegeee: !cy')
Adding to the chat table...
('2017-08-17 21:16:26', 'junglegeee: !cl')
Adding to the chat table...
('recieved ping...', ' sending pong...')
('2017-08-17 21:17:50', 'junglegeee: !rn')
Adding to the chat table...
('2017-08-17 21:19:01', 'dablob448: !gn')
Adding to the chat table...
('2017-08-17 21:19:01', 'tpr_bot2: @dablob448 congratulations! you just earned your first point.')
('2017-08-17 21:19:28', 'dablob448: ded')
Adding to the chat table...
('2017-08-17 21:20:41', 'dablob448: ?')
Adding to the chat table...
('2017-08-17 21:20:41', 'tpr_bot2: @dablob448 twitch plays robotics is a community-driven project to teach robots language. to learn more about any aspect of the project, type ?robots, ?silverrobots ?reinforcement, ?votes, ?scores, ?myscore, or ?commandscores. more details at https://tpr-uvm.github.io.')
('2017-08-17 21:20:47', 'junglegeee: !cn')
Adding to the chat table...
('2017-08-17 21:21:05', 'dablob448: !rn')
Adding to the chat table...
('2017-08-17 21:21:21', 'junglegeee: !pn')
Adding to the chat table...
('recieved ping...', ' sending pong...')
('2017-08-17 21:21:44', 'junglegeee: ?votes')
Adding to the chat table...
('2017-08-17 21:21:44', 'tpr_bot2: @junglegeee every three minutes, the command most voted on by the crowd is issued to the robot. there is no set list; you can type in anything you like. you can vote for a command by typing !command. dont forget the exclamation mark!')
('2017-08-17 21:22:08', 'dablob448: !by')
Adding to the chat table...
('2017-08-17 21:22:16', 'junglegeee: !rn')
Adding to the chat table...
('2017-08-17 21:22:46', 'junglegeee: the stream is buffering for me')
Adding to the chat table...
('2017-08-17 21:23:36', 'junglegeee: !by')
Adding to the chat table...
('recieved ping...', ' sending pong...')
('recieved ping...', ' sending pong...')
('recieved ping...', ' sending pong...')
('recieved ping...', ' sending pong...')
('recieved ping...', ' sending pong...')
('recieved ping...', ' sending pong...')
('recieved ping...', ' sending pong...')
('recieved ping...', ' sending pong...')
('recieved ping...', ' sending pong...')
('recieved ping...', ' sending pong...')
('recieved ping...', ' sending pong...')
('recieved ping...', ' sending pong...')
('recieved ping...', ' sending pong...')
('2017-08-17 22:19:58', 'pikachu32x: !rd')
Adding to the chat table...
('2017-08-17 22:19:58', 'tpr_bot2: @pikachu32x congratulations! you just earned your first point.')
('2017-08-17 22:20:18', 'pikachu32x: !gd')
Adding to the chat table...
('recieved ping...', ' sending pong...')
('recieved ping...', ' sending pong...')
('recieved ping...', ' sending pong...')
('recieved ping...', ' sending pong...')
('recieved ping...', ' sending pong...')
('2017-08-17 22:47:01', 'leifthrasirv: !jump')
Adding to the chat table...
('2017-08-17 22:47:01', 'tpr_bot2: @leifthrasirv congratulations! you just earned your first point.')
('recieved ping...', ' sending pong...')
('2017-08-17 22:48:19', 'leifthrasirv: !bn')
Adding to the chat table...
('2017-08-17 22:50:29', 'leifthrasirv: !rn')
Adding to the chat table...
('2017-08-17 22:51:41', 'leifthrasirv: ?help')
Adding to the chat table...
('2017-08-17 22:51:41', 'tpr_bot2: @leifthrasirv twitch plays robotics is a community-driven project to teach robots language. to learn more about any aspect of the project, type ?robots, ?silverrobots ?reinforcement, ?votes, ?scores, ?myscore, or ?commandscores. more details at https://tpr-uvm.github.io.')
('2017-08-17 22:52:02', 'leifthrasirv: !ol')
Adding to the chat table...
('2017-08-17 22:52:36', 'leifthrasirv: ?commandscores')
Adding to the chat table...
('2017-08-17 22:52:36', 'tpr_bot2: @leifthrasirv we wish to discover which commands are most learnable by the robots. a command is considered learnable if, over time, robots become increasingly obedient to that command. in other words, bots collect an increasing number of yess from the crowd, under that command, over time.')
('recieved ping...', ' sending pong...')
('recieved ping...', ' sending pong...')
('recieved ping...', ' sending pong...')
('recieved ping...', ' sending pong...')
('recieved ping...', ' sending pong...')
('recieved ping...', ' sending pong...')
('recieved ping...', ' sending pong...')
('recieved ping...', ' sending pong...')
('recieved ping...', ' sending pong...')
('recieved ping...', ' sending pong...')
('recieved ping...', ' sending pong...')
('recieved ping...', ' sending pong...')
('2017-08-17 23:47:20', 'mrarnimal: !oy')
Adding to the chat table...
('2017-08-17 23:47:20', 'tpr_bot2: @mrarnimal congratulations! you just earned your first point.')
('2017-08-17 23:47:42', 'mrarnimal: !cl')
Adding to the chat table...
('2017-08-17 23:47:55', 'mrarnimal: !cy')
Adding to the chat table...
('2017-08-17 23:47:57', 'chesterlescure: !cl')
Adding to the chat table...
('2017-08-17 23:47:57', 'tpr_bot2: @chesterlescure congratulations! you just earned your first point.')
('recieved ping...', ' sending pong...')
('2017-08-17 23:48:12', 'chesterlescure: !pd')
Adding to the chat table...
('2017-08-17 23:48:56', 'chesterlescure: !rn')
Adding to the chat table...
('2017-08-17 23:49:10', 'chesterlescure: !gy')
Adding to the chat table...
('2017-08-17 23:49:22', 'chesterlescure: !gd')
Adding to the chat table...
('2017-08-17 23:49:48', 'chesterlescure: !bl')
Adding to the chat table...
('2017-08-17 23:49:55', 'chesterlescure: !by')
Adding to the chat table...
('2017-08-17 23:50:16', 'chesterlescure: !oy')
Adding to the chat table...
('2017-08-17 23:50:26', 'chesterlescure: !od')
Adding to the chat table...
('2017-08-17 23:50:45', 'chesterlescure: !cn')
Adding to the chat table...
('recieved ping...', ' sending pong...')
('2017-08-17 23:56:26', 'tpr_bot2: joined chat...')
('recieved ping...', ' sending pong...')
('recieved ping...', ' sending pong...')
('recieved ping...', ' sending pong...')
('recieved ping...', ' sending pong...')
('recieved ping...', ' sending pong...')
('recieved ping...', ' sending pong...')
('recieved ping...', ' sending pong...')
('recieved ping...', ' sending pong...')
('recieved ping...', ' sending pong...')
('recieved ping...', ' sending pong...')
('recieved ping...', ' sending pong...')
('recieved ping...', ' sending pong...')
('recieved ping...', ' sending pong...')
('recieved ping...', ' sending pong...')
('recieved ping...', ' sending pong...')
('recieved ping...', ' sending pong...')
('recieved ping...', ' sending pong...')
('recieved ping...', ' sending pong...')
('2017-08-18 01:17:35', 'knightzito23: !command suck')
Adding to the chat table...
('2017-08-18 01:17:35', 'tpr_bot2: @knightzito23 congratulations! you just earned your first point.')
('recieved ping...', ' sending pong...')
('2017-08-18 01:17:57', 'knightzito23: !rn')
Adding to the chat table...
('2017-08-18 01:18:03', 'lowtierking: !rn')
Adding to the chat table...
('2017-08-18 01:18:04', 'tpr_bot2: @lowtierking congratulations! you just earned your first point.')
('2017-08-18 01:18:30', 'lowtierking: !gn')
Adding to the chat table...
('2017-08-18 01:18:33', 'knightzito23: !gn')
Adding to the chat table...
('2017-08-18 01:18:50', 'knightzito23: bn')
Adding to the chat table...
('2017-08-18 01:18:52', 'lowtierking: !bn')
Adding to the chat table...
('2017-08-18 01:18:53', 'knightzito23: !bn')
Adding to the chat table...
('2017-08-18 01:19:26', 'knightzito23: !oy')
Adding to the chat table...
('2017-08-18 01:19:36', 'lowtierking: !oy')
Adding to the chat table...
('2017-08-18 01:20:01', 'lowtierking: !cn')
Adding to the chat table...
('2017-08-18 01:20:02', 'knightzito23: !cn')
Adding to the chat table...
('2017-08-18 01:20:31', 'knightzito23: !pn')
Adding to the chat table...
('2017-08-18 01:20:35', 'lowtierking: !pn')
Adding to the chat table...
('2017-08-18 01:20:56', 'lowtierking: !rn')
Adding to the chat table...
('2017-08-18 01:20:58', 'knightzito23: !ry')
Adding to the chat table...
('2017-08-18 01:21:02', 'lowtierking: !ry')
Adding to the chat table...
('2017-08-18 01:21:15', 'lowtierking: !fly')
Adding to the chat table...
('2017-08-18 01:21:38', 'lowtierking: !gn')
Adding to the chat table...
('2017-08-18 01:21:38', 'knightzito23: !gn')
Adding to the chat table...
('2017-08-18 01:21:41', 'knightzito23: !fly')
Adding to the chat table...
('2017-08-18 01:22:00', 'lowtierking: !bn')
Adding to the chat table...
('2017-08-18 01:22:06', 'knightzito23: !bn')
Adding to the chat table...
('recieved ping...', ' sending pong...')
('2017-08-18 01:22:41', 'knightzito23: !on')
Adding to the chat table...
('2017-08-18 01:22:42', 'lowtierking: !on')
Adding to the chat table...
('2017-08-18 01:23:01', 'lowtierking: !cn')
Adding to the chat table...
('2017-08-18 01:23:04', 'knightzito23: !cn')
Adding to the chat table...
('2017-08-18 01:23:28', 'lowtierking: !pn')
Adding to the chat table...
('2017-08-18 01:23:39', 'knightzito23: !pn')
Adding to the chat table...
('2017-08-18 01:24:08', 'lowtierking: !rn')
Adding to the chat table...
('2017-08-18 01:24:12', 'knightzito23: !rn')
Adding to the chat table...
('2017-08-18 01:24:41', 'knightzito23: !gn')
Adding to the chat table...
('2017-08-18 01:24:42', 'lowtierking: !gn')
Adding to the chat table...
('2017-08-18 01:25:03', 'lowtierking: !bd')
Adding to the chat table...
('2017-08-18 01:25:06', 'lowtierking: !bn')
Adding to the chat table...
('2017-08-18 01:25:07', 'knightzito23: !bd')
Adding to the chat table...
('2017-08-18 01:25:16', 'knightzito23: !levitate')
Adding to the chat table...
('2017-08-18 01:25:33', 'lowtierking: !levitate')
Adding to the chat table...
('2017-08-18 01:25:39', 'lowtierking: !on')
Adding to the chat table...
('2017-08-18 01:25:41', 'knightzito23: !on')
Adding to the chat table...
('2017-08-18 01:26:06', 'lowtierking: !cn')
Adding to the chat table...
('2017-08-18 01:26:10', 'knightzito23: !cn')
Adding to the chat table...
('2017-08-18 01:26:32', 'knightzito23: !roll forward')
Adding to the chat table...
('2017-08-18 01:26:46', 'knightzito23: !pn')
Adding to the chat table...
('recieved ping...', ' sending pong...')
('2017-08-18 01:26:47', 'lowtierking: !roll forward')
Adding to the chat table...
('2017-08-18 01:26:54', 'lowtierking: !pn')
Adding to the chat table...
('2017-08-18 01:27:04', 'lowtierking: !rn')
Adding to the chat table...
('2017-08-18 01:27:13', 'knightzito23: !rn')
Adding to the chat table...
('2017-08-18 01:27:34', 'lowtierking: !gn')
Adding to the chat table...
('2017-08-18 01:27:40', 'knightzito23: !gn')
Adding to the chat table...
('2017-08-18 01:28:19', 'knightzito23: !bn')
Adding to the chat table...
('2017-08-18 01:28:48', 'knightzito23: !on')
Adding to the chat table...
('2017-08-18 01:29:12', 'knightzito23: !bn')
Adding to the chat table...
('2017-08-18 01:29:17', 'lowtierking: !cn')
Adding to the chat table...
('2017-08-18 01:29:22', 'knightzito23: !cn')
Adding to the chat table...
('2017-08-18 01:29:43', 'lowtierking: !pn')
Adding to the chat table...
('2017-08-18 01:29:44', 'knightzito23: !pn')
Adding to the chat table...
('2017-08-18 01:30:12', 'knightzito23: !rn')
Adding to the chat table...
('2017-08-18 01:30:15', 'lowtierking: !rn')
Adding to the chat table...
('2017-08-18 01:30:44', 'lowtierking: !gn')
Adding to the chat table...
('2017-08-18 01:30:49', 'knightzito23: !gn')
Adding to the chat table...
('2017-08-18 01:31:08', 'lowtierking: !bn')
Adding to the chat table...
('recieved ping...', ' sending pong...')
('2017-08-18 01:31:15', 'knightzito23: !bn')
Adding to the chat table...
('2017-08-18 01:31:41', 'lowtierking: !on')
Adding to the chat table...
('2017-08-18 01:31:50', 'knightzito23: !on')
Adding to the chat table...
('2017-08-18 01:32:29', 'knightzito23: !hold still')
Adding to the chat table...
('2017-08-18 01:32:51', 'knightzito23: !py')
Adding to the chat table...
('2017-08-18 01:33:21', 'knightzito23: !rn')
Adding to the chat table...
('2017-08-18 01:33:33', 'knightzito23: !y')
Adding to the chat table...
('2017-08-18 01:33:51', 'knightzito23: !gy')
Adding to the chat table...
('2017-08-18 01:34:24', 'knightzito23: !bn')
Adding to the chat table...
('2017-08-18 01:35:14', 'knightzito23: !cn')
Adding to the chat table...
('recieved ping...', ' sending pong...')
('2017-08-18 01:35:49', 'knightzito23: !py')
Adding to the chat table...
('2017-08-18 01:36:28', 'knightzito23: !rn')
Adding to the chat table...
('2017-08-18 01:39:11', 'lowtierking: !commit mass genocide')
Adding to the chat table...
('recieved ping...', ' sending pong...')
('2017-08-18 01:41:26', 'lowtierking: !cy')
Adding to the chat table...
('recieved ping...', ' sending pong...')
('recieved ping...', ' sending pong...')
('recieved ping...', ' sending pong...')
('recieved ping...', ' sending pong...')
('recieved ping...', ' sending pong...')
('recieved ping...', ' sending pong...')
('recieved ping...', ' sending pong...')
('recieved ping...', ' sending pong...')
('recieved ping...', ' sending pong...')
('recieved ping...', ' sending pong...')
('recieved ping...', ' sending pong...')
('recieved ping...', ' sending pong...')
('recieved ping...', ' sending pong...')
('recieved ping...', ' sending pong...')
('recieved ping...', ' sending pong...')
('recieved ping...', ' sending pong...')
('recieved ping...', ' sending pong...')
('recieved ping...', ' sending pong...')
('recieved ping...', ' sending pong...')
('recieved ping...', ' sending pong...')
('recieved ping...', ' sending pong...')
('recieved ping...', ' sending pong...')
('2017-08-18 03:21:39', 'minibuka1: !gy')
Adding to the chat table...
('2017-08-18 03:21:39', 'tpr_bot2: @minibuka1 congratulations! you just earned your first point.')
('2017-08-18 03:21:51', 'minibuka1: !by')
Adding to the chat table...
('2017-08-18 03:22:00', 'minibuka1: !bl')
Adding to the chat table...
('recieved ping...', ' sending pong...')
('recieved ping...', ' sending pong...')
('recieved ping...', ' sending pong...')
('recieved ping...', ' sending pong...')
('recieved ping...', ' sending pong...')
('recieved ping...', ' sending pong...')
('recieved ping...', ' sending pong...')
('recieved ping...', ' sending pong...')
('recieved ping...', ' sending pong...')
('recieved ping...', ' sending pong...')
('recieved ping...', ' sending pong...')
('recieved ping...', ' sending pong...')
('recieved ping...', ' sending pong...')
('recieved ping...', ' sending pong...')
('recieved ping...', ' sending pong...')
('recieved ping...', ' sending pong...')
('2017-08-18 04:33:09', 'hammersedge: ?')
Adding to the chat table...
('2017-08-18 04:33:09', 'tpr_bot2: @hammersedge twitch plays robotics is a community-driven project to teach robots language. to learn more about any aspect of the project, type ?robots, ?silverrobots ?reinforcement, ?votes, ?scores, ?myscore, or ?commandscores. more details at https://tpr-uvm.github.io.')
('recieved ping...', ' sending pong...')
('recieved ping...', ' sending pong...')
('recieved ping...', ' sending pong...')
('recieved ping...', ' sending pong...')
('recieved ping...', ' sending pong...')
('recieved ping...', ' sending pong...')
('2017-08-18 04:59:45', 'nighthawk52: what is this')
Adding to the chat table...
('2017-08-18 05:00:39', 'nighthawk52: !command')
Adding to the chat table...
('2017-08-18 05:00:39', 'tpr_bot2: @nighthawk52 congratulations! you just earned your first point.')
('2017-08-18 05:00:58', 'nighthawk52: !jump')
Adding to the chat table...
('recieved ping...', ' sending pong...')
('recieved ping...', ' sending pong...')
('recieved ping...', ' sending pong...')
('recieved ping...', ' sending pong...')
('recieved ping...', ' sending pong...')
('recieved ping...', ' sending pong...')
('recieved ping...', ' sending pong...')
('2017-08-18 05:33:38', 'undera4: !rn')
Adding to the chat table...
('2017-08-18 05:33:38', 'tpr_bot2: @undera4 congratulations! you just earned your first point.')
('2017-08-18 05:33:54', 'undera4: !rl')
Adding to the chat table...
('2017-08-18 05:33:59', 'undera4: !rd')
Adding to the chat table...
('2017-08-18 05:34:05', 'undera4: !gl')
Adding to the chat table...
('2017-08-18 05:34:10', 'undera4: !gn')
Adding to the chat table...
('recieved ping...', ' sending pong...')
('2017-08-18 05:34:30', 'undera4: !bn')
Adding to the chat table...
('2017-08-18 05:34:32', 'undera4: !bd')
Adding to the chat table...
('2017-08-18 05:35:02', 'undera4: !ol')
Adding to the chat table...
('2017-08-18 05:35:10', 'undera4: !oy')
Adding to the chat table...
('2017-08-18 05:35:31', 'undera4: !rn')
Adding to the chat table...
('2017-08-18 05:35:37', 'undera4: !cn')
Adding to the chat table...
('2017-08-18 05:35:40', 'undera4: !cl')
Adding to the chat table...
('2017-08-18 05:36:00', 'undera4: !pl')
Adding to the chat table...
('2017-08-18 05:36:02', 'undera4: !py')
Adding to the chat table...
('2017-08-18 05:36:31', 'undera4: !rl')
Adding to the chat table...
('2017-08-18 05:36:33', 'undera4: !rn')
Adding to the chat table...
('2017-08-18 05:37:03', 'undera4: !gl')
Adding to the chat table...
('2017-08-18 05:37:08', 'undera4: !gn')
Adding to the chat table...
('2017-08-18 05:37:33', 'undera4: !by')
Adding to the chat table...
('2017-08-18 05:37:38', 'undera4: !bl')
Adding to the chat table...
('2017-08-18 05:38:06', 'undera4: !oy')
Adding to the chat table...
('2017-08-18 05:38:09', 'undera4: !ol')
Adding to the chat table...
('2017-08-18 05:38:30', 'undera4: !stand')
Adding to the chat table...
('2017-08-18 05:38:39', 'undera4: !cn')
Adding to the chat table...
('recieved ping...', ' sending pong...')
('2017-08-18 05:38:59', 'undera4: !cd')
Adding to the chat table...
('2017-08-18 05:39:11', 'undera4: !pn')
Adding to the chat table...
('2017-08-18 05:39:13', 'undera4: !pl')
Adding to the chat table...
('2017-08-18 05:39:35', 'undera4: !rd')
Adding to the chat table...
('2017-08-18 05:39:37', 'undera4: !rn')
Adding to the chat table...
('2017-08-18 05:40:08', 'undera4: !gy')
Adding to the chat table...
('2017-08-18 05:40:13', 'undera4: !gl')
Adding to the chat table...
('2017-08-18 05:40:38', 'undera4: !bn')
Adding to the chat table...
('2017-08-18 05:40:40', 'undera4: !bd')
Adding to the chat table...
('2017-08-18 05:41:13', 'undera4: !oy')
Adding to the chat table...
('2017-08-18 05:41:16', 'undera4: !ol')
Adding to the chat table...
('2017-08-18 05:41:39', 'undera4: !cn')
Adding to the chat table...
('2017-08-18 05:41:41', 'undera4: !cd')
Adding to the chat table...
('2017-08-18 05:42:13', 'undera4: !pn')
Adding to the chat table...
('2017-08-18 05:42:15', 'undera4: !pd')
Adding to the chat table...
('2017-08-18 05:42:44', 'undera4: !ry')
Adding to the chat table...
('2017-08-18 05:42:46', 'undera4: !rl')
Adding to the chat table...
('2017-08-18 05:43:03', 'undera4: !jump')
Adding to the chat table...
('2017-08-18 05:43:15', 'undera4: !gn')
Adding to the chat table...
('2017-08-18 05:43:16', 'undera4: !gl')
Adding to the chat table...
('2017-08-18 05:43:42', 'undera4: !bn')
Adding to the chat table...
('2017-08-18 05:43:44', 'undera4: !bl')
Adding to the chat table...
('recieved ping...', ' sending pong...')
('2017-08-18 05:44:18', 'undera4: !on')
Adding to the chat table...
('2017-08-18 05:44:27', 'undera4: !ol')
Adding to the chat table...
('2017-08-18 05:44:48', 'undera4: !cm')
Adding to the chat table...
('2017-08-18 05:44:51', 'undera4: !cn')
Adding to the chat table...
('2017-08-18 05:44:55', 'undera4: !cd')
Adding to the chat table...
('2017-08-18 05:45:15', 'undera4: !pn')
Adding to the chat table...
('2017-08-18 05:45:18', 'undera4: !pl')
Adding to the chat table...
('2017-08-18 05:46:40', 'undera4: !gn')
Adding to the chat table...
('2017-08-18 05:46:43', 'undera4: !bn')
Adding to the chat table...
('2017-08-18 05:47:21', 'undera4: !oy')
Adding to the chat table...
('2017-08-18 05:47:49', 'undera4: !cd')
Adding to the chat table...
('2017-08-18 05:47:52', 'undera4: !n')
Adding to the chat table...
('2017-08-18 05:47:54', 'undera4: !cn')
Adding to the chat table...
('recieved ping...', ' sending pong...')
('2017-08-18 05:48:21', 'undera4: !pn')
Adding to the chat table...
('recieved ping...', ' sending pong...')
('recieved ping...', ' sending pong...')
('recieved ping...', ' sending pong...')
('recieved ping...', ' sending pong...')
('recieved ping...', ' sending pong...')
('recieved ping...', ' sending pong...')
('recieved ping...', ' sending pong...')
('recieved ping...', ' sending pong...')
('recieved ping...', ' sending pong...')
('recieved ping...', ' sending pong...')
('recieved ping...', ' sending pong...')
('2017-08-18 06:39:27', 'straycatca: y')
Adding to the chat table...
('recieved ping...', ' sending pong...')
('recieved ping...', ' sending pong...')
('2017-08-18 06:48:17', 'djsapsan: !gl')
Adding to the chat table...
('2017-08-18 06:48:18', 'djsapsan: !bl')
Adding to the chat table...
('2017-08-18 06:48:22', 'djsapsan: !bn')
Adding to the chat table...
('2017-08-18 06:49:00', 'djsapsan: !od')
Adding to the chat table...
('2017-08-18 06:49:03', 'djsapsan: !on')
Adding to the chat table...
('recieved ping...', ' sending pong...')
('recieved ping...', ' sending pong...')
('recieved ping...', ' sending pong...')
('recieved ping...', ' sending pong...')
('recieved ping...', ' sending pong...')
('recieved ping...', ' sending pong...')
('recieved ping...', ' sending pong...')
('recieved ping...', ' sending pong...')
('recieved ping...', ' sending pong...')
('recieved ping...', ' sending pong...')
('recieved ping...', ' sending pong...')
('recieved ping...', ' sending pong...')
('recieved ping...', ' sending pong...')
('recieved ping...', ' sending pong...')
('recieved ping...', ' sending pong...')
('recieved ping...', ' sending pong...')
('recieved ping...', ' sending pong...')
('recieved ping...', ' sending pong...')
('recieved ping...', ' sending pong...')
('recieved ping...', ' sending pong...')
('recieved ping...', ' sending pong...')
('recieved ping...', ' sending pong...')
('recieved ping...', ' sending pong...')
('recieved ping...', ' sending pong...')
('recieved ping...', ' sending pong...')
('recieved ping...', ' sending pong...')
('recieved ping...', ' sending pong...')
('recieved ping...', ' sending pong...')
('recieved ping...', ' sending pong...')
('recieved ping...', ' sending pong...')
('recieved ping...', ' sending pong...')
('recieved ping...', ' sending pong...')
('recieved ping...', ' sending pong...')
('recieved ping...', ' sending pong...')
('recieved ping...', ' sending pong...')
('recieved ping...', ' sending pong...')
('recieved ping...', ' sending pong...')
('recieved ping...', ' sending pong...')
('recieved ping...', ' sending pong...')
('recieved ping...', ' sending pong...')
('recieved ping...', ' sending pong...')
('2017-08-18 09:51:38', 'tristah: ?robots')
Adding to the chat table...
('2017-08-18 09:51:39', 'tpr_bot2: @tristah every 30 seconds one robot, out a population of 50, is simulated. it "hears" the current command and senses its environment. there are 10 species of bots: have you seen them all?')
('2017-08-18 09:52:12', 'tristah: !rn')
Adding to the chat table...
('2017-08-18 09:52:12', 'tpr_bot2: @tristah congratulations! you just earned your first point.')
('2017-08-18 09:53:36', 'tristah: !flip')
Adding to the chat table...
('2017-08-18 09:53:43', 'tristah: !walk')
Adding to the chat table...
('recieved ping...', ' sending pong...')
('2017-08-18 09:54:07', 'tristah: !flip')
Adding to the chat table...
('recieved ping...', ' sending pong...')
('recieved ping...', ' sending pong...')
('recieved ping...', ' sending pong...')
Traceback (most recent call last):
  File "chatBot.py", line 20, in <module>
    newMessages = t.recieve_messages(amount = 1024)
  File "/Users/twitchplaysrobotics/TPR-1.0/bots/twitch.py", line 123, in recieve_messages
    data = self.sock.recv(amount)
KeyboardInterrupt
