Database version : {u'VERSION()': '5.7.18'} 
Connecting to twitch.tv
Connected to twitch
Sending our details to twitch...
:tmi.twitch.tv 001 tpr_bot2 :Welcome, GLHF!
:tmi.twitch.tv 002 tpr_bot2 :Your host is tmi.twitch.tv
:tmi.twitch.tv 003 tpr_bot2 :This server is rather new
:tmi.twitch.tv 004 tpr_bot2 :-
:tmi.twitch.tv 375 tpr_bot2 :-
:tmi.twitch.tv 372 tpr_bot2 :You are in a maze of twisty passages, all alike.
:tmi.twitch.tv 376 tpr_bot2 :>
:tpr_bot2!tpr_bot2@tpr_bot2.tmi.twitch.tv JOIN #twitchplaysrobotics
:tpr_bot2.tmi.twitch.tv 353 tpr_bot2 = #twitchplaysrobotics :tpr_bot2
:tpr_bot2.tmi.twitch.tv 366 tpr_bot2 #twitchplaysrobotics :End of /NAMES list
Joined twitchplaysrobotics channel..
Sent: PRIVMSG #twitchplaysrobotics :Joined chat...
('2017-08-14 09:14:27', 'tpr_bot2: joined chat...')
('recieved ping...', ' sending pong...')
('recieved ping...', ' sending pong...')
('recieved ping...', ' sending pong...')
('recieved ping...', ' sending pong...')
('recieved ping...', ' sending pong...')
('recieved ping...', ' sending pong...')
('2017-08-14 09:43:54', 'djsapsan: !gn')
Adding to the chat table...
('2017-08-14 09:43:59', 'djsapsan: sn')
Adding to the chat table...
('2017-08-14 09:44:00', 'djsapsan: !sn')
Adding to the chat table...
('2017-08-14 09:44:02', 'djsapsan: !sd')
Adding to the chat table...
('2017-08-14 09:44:17', 'djsapsan: !cl')
Adding to the chat table...
('2017-08-14 09:44:21', 'djsapsan: !cy')
Adding to the chat table...
('2017-08-14 09:44:47', 'djsapsan: !pl')
Adding to the chat table...
('2017-08-14 09:44:49', 'djsapsan: !py')
Adding to the chat table...
('2017-08-14 09:45:22', 'djsapsan: !rd')
Adding to the chat table...
('2017-08-14 09:45:24', 'djsapsan: !rn')
Adding to the chat table...
('2017-08-14 09:45:47', 'djsapsan: !gl')
Adding to the chat table...
('2017-08-14 09:45:51', 'djsapsan: !gn')
Adding to the chat table...
('recieved ping...', ' sending pong...')
('2017-08-14 09:46:31', 'djsapsan: !bl')
Adding to the chat table...
('2017-08-14 09:46:33', 'djsapsan: !by')
Adding to the chat table...
('2017-08-14 09:46:59', 'djsapsan: !ol')
Adding to the chat table...
('2017-08-14 09:47:03', 'djsapsan: !oy')
Adding to the chat table...
('2017-08-14 09:47:30', 'djsapsan: !cl')
Adding to the chat table...
('2017-08-14 09:47:33', 'djsapsan: !cn')
Adding to the chat table...
('2017-08-14 09:47:52', 'djsapsan: !pd')
Adding to the chat table...
('2017-08-14 09:47:54', 'djsapsan: !py')
Adding to the chat table...
('2017-08-14 09:48:26', 'djsapsan: !rl')
Adding to the chat table...
('2017-08-14 09:48:31', 'djsapsan: !rn')
Adding to the chat table...
('2017-08-14 09:49:13', 'djsapsan: !gl')
Adding to the chat table...
('2017-08-14 09:49:16', 'djsapsan: !gy')
Adding to the chat table...
('2017-08-14 09:49:21', 'djsapsan: !bl')
Adding to the chat table...
('2017-08-14 09:49:24', 'djsapsan: !bn')
Adding to the chat table...
('2017-08-14 09:49:31', 'djsapsan: !lie')
Adding to the chat table...
('2017-08-14 09:49:57', 'djsapsan: !ol')
Adding to the chat table...
('2017-08-14 09:49:58', 'djsapsan: !on')
Adding to the chat table...
('2017-08-14 09:50:28', 'djsapsan: !cl')
Adding to the chat table...
('2017-08-14 09:50:29', 'djsapsan: !cn')
Adding to the chat table...
('2017-08-14 09:50:53', 'djsapsan: !pd')
Adding to the chat table...
('2017-08-14 09:50:55', 'djsapsan: !py')
Adding to the chat table...
('recieved ping...', ' sending pong...')
('2017-08-14 09:51:13', 'djsapsan: !lie')
Adding to the chat table...
('2017-08-14 09:51:24', 'djsapsan: !rl')
Adding to the chat table...
('2017-08-14 09:51:28', 'djsapsan: !rn')
Adding to the chat table...
('2017-08-14 09:51:53', 'djsapsan: !gl')
Adding to the chat table...
('2017-08-14 09:51:57', 'djsapsan: !gn')
Adding to the chat table...
('2017-08-14 09:52:27', 'djsapsan: !bl')
Adding to the chat table...
('2017-08-14 09:52:34', 'djsapsan: !bn')
Adding to the chat table...
('2017-08-14 09:53:02', 'djsapsan: !ol')
Adding to the chat table...
('2017-08-14 09:53:10', 'djsapsan: !on')
Adding to the chat table...
('2017-08-14 09:53:35', 'djsapsan: !cl')
Adding to the chat table...
('recieved ping...', ' sending pong...')
('recieved ping...', ' sending pong...')
('2017-08-14 10:04:23', 'zmahoor: ?')
Adding to the chat table...
('2017-08-14 10:04:23', 'tpr_bot2: @zmahoor twitch plays robotics is a community-driven project to teach robots language. to learn more about any aspect of the project, type ?robots, ?silverrobots ?reinforcement, ?votes, ?scores, ?myscore, or ?commandscores. more details at https://tpr-uvm.github.io.')
('recieved ping...', ' sending pong...')
('recieved ping...', ' sending pong...')
('recieved ping...', ' sending pong...')
('recieved ping...', ' sending pong...')
('recieved ping...', ' sending pong...')
('recieved ping...', ' sending pong...')
('recieved ping...', ' sending pong...')
('recieved ping...', ' sending pong...')
('recieved ping...', ' sending pong...')
('recieved ping...', ' sending pong...')
('recieved ping...', ' sending pong...')
('recieved ping...', ' sending pong...')
('recieved ping...', ' sending pong...')
('recieved ping...', ' sending pong...')
('2017-08-14 11:05:19', 'zutkak: !rn')
Adding to the chat table...
('2017-08-14 11:05:31', 'zutkak: !gn')
Adding to the chat table...
('2017-08-14 11:05:39', 'zutkak: !bn')
Adding to the chat table...
('2017-08-14 11:05:52', 'zutkak: !on')
Adding to the chat table...
('2017-08-14 11:05:58', 'zutkak: !cy')
Adding to the chat table...
('2017-08-14 11:06:10', 'zutkak: !pn')
Adding to the chat table...
('2017-08-14 11:06:24', 'zutkak: !rn')
Adding to the chat table...
('2017-08-14 11:06:29', 'zutkak: !hn')
Adding to the chat table...
('2017-08-14 11:06:31', 'zutkak: !gn')
Adding to the chat table...
('2017-08-14 11:06:42', 'zutkak: !bn')
Adding to the chat table...
('2017-08-14 11:06:53', 'zutkak: !oy')
Adding to the chat table...
('2017-08-14 11:07:01', 'zutkak: !cn')
Adding to the chat table...
('2017-08-14 11:07:02', 'zutkak: !cl')
Adding to the chat table...
('2017-08-14 11:07:11', 'zutkak: !py')
Adding to the chat table...
('2017-08-14 11:07:23', 'zutkak: !rn')
Adding to the chat table...
('recieved ping...', ' sending pong...')
('2017-08-14 11:07:32', 'zutkak: !gy')
Adding to the chat table...
('2017-08-14 11:07:34', 'zutkak: !gl')
Adding to the chat table...
('recieved ping...', ' sending pong...')
('recieved ping...', ' sending pong...')
('recieved ping...', ' sending pong...')
('recieved ping...', ' sending pong...')
('recieved ping...', ' sending pong...')
('recieved ping...', ' sending pong...')
('recieved ping...', ' sending pong...')
('recieved ping...', ' sending pong...')
('recieved ping...', ' sending pong...')
('recieved ping...', ' sending pong...')
('recieved ping...', ' sending pong...')
('recieved ping...', ' sending pong...')
('recieved ping...', ' sending pong...')
('recieved ping...', ' sending pong...')
('recieved ping...', ' sending pong...')
('recieved ping...', ' sending pong...')
('recieved ping...', ' sending pong...')
('recieved ping...', ' sending pong...')
('recieved ping...', ' sending pong...')
('recieved ping...', ' sending pong...')
('recieved ping...', ' sending pong...')
('recieved ping...', ' sending pong...')
('recieved ping...', ' sending pong...')
('recieved ping...', ' sending pong...')
('recieved ping...', ' sending pong...')
('recieved ping...', ' sending pong...')
('recieved ping...', ' sending pong...')
('recieved ping...', ' sending pong...')
('recieved ping...', ' sending pong...')
('recieved ping...', ' sending pong...')
('recieved ping...', ' sending pong...')
('recieved ping...', ' sending pong...')
('recieved ping...', ' sending pong...')
('recieved ping...', ' sending pong...')
('recieved ping...', ' sending pong...')
('recieved ping...', ' sending pong...')
('recieved ping...', ' sending pong...')
('recieved ping...', ' sending pong...')
('recieved ping...', ' sending pong...')
('recieved ping...', ' sending pong...')
('recieved ping...', ' sending pong...')
('recieved ping...', ' sending pong...')
('recieved ping...', ' sending pong...')
('recieved ping...', ' sending pong...')
('recieved ping...', ' sending pong...')
('recieved ping...', ' sending pong...')
('recieved ping...', ' sending pong...')
('recieved ping...', ' sending pong...')
('recieved ping...', ' sending pong...')
('2017-08-14 14:45:33', 'djsapsan: !bl')
Adding to the chat table...
('2017-08-14 14:45:39', 'djsapsan: !by')
Adding to the chat table...
('2017-08-14 14:45:49', 'djsapsan: !od')
Adding to the chat table...
('2017-08-14 14:45:51', 'djsapsan: !on')
Adding to the chat table...
('2017-08-14 14:46:18', 'djsapsan: !cl')
Adding to the chat table...
('2017-08-14 14:46:30', 'djsapsan: !cn')
Adding to the chat table...
('recieved ping...', ' sending pong...')
('recieved ping...', ' sending pong...')
('recieved ping...', ' sending pong...')
('2017-08-14 14:58:42', 'zmahoor: @djsapsan let me know if you have any questions about these robots.')
Adding to the chat table...
('2017-08-14 14:59:15', 'zmahoor: also, i am gathering feedback from our users to improve this study.')
Adding to the chat table...
('recieved ping...', ' sending pong...')
('recieved ping...', ' sending pong...')
('recieved ping...', ' sending pong...')
('recieved ping...', ' sending pong...')
('recieved ping...', ' sending pong...')
('recieved ping...', ' sending pong...')
('2017-08-14 15:25:43', 'doctorjoshuvm: ?')
Adding to the chat table...
('2017-08-14 15:25:43', 'tpr_bot2: @doctorjoshuvm twitch plays robotics is a community-driven project to teach robots language. to learn more about any aspect of the project, type ?robots, ?silverrobots ?reinforcement, ?votes, ?scores, ?myscore, or ?commandscores. more details at https://tpr-uvm.github.io.')
('recieved ping...', ' sending pong...')
('recieved ping...', ' sending pong...')
('recieved ping...', ' sending pong...')
('recieved ping...', ' sending pong...')
('recieved ping...', ' sending pong...')
('recieved ping...', ' sending pong...')
('recieved ping...', ' sending pong...')
('recieved ping...', ' sending pong...')
('recieved ping...', ' sending pong...')
('recieved ping...', ' sending pong...')
('2017-08-14 16:13:36', 'qubit10: !gn')
Adding to the chat table...
('2017-08-14 16:13:45', 'qubit10: !gd')
Adding to the chat table...
('2017-08-14 16:14:39', 'qubit10: !on')
Adding to the chat table...
('2017-08-14 16:14:45', 'qubit10: !ol')
Adding to the chat table...
('2017-08-14 16:15:11', 'qubit10: !cn')
Adding to the chat table...
('2017-08-14 16:15:13', 'qubit10: !cl')
Adding to the chat table...
('recieved ping...', ' sending pong...')
('2017-08-14 16:15:43', 'qubit10: !pn')
Adding to the chat table...
('2017-08-14 16:15:46', 'qubit10: !pl')
Adding to the chat table...
('2017-08-14 16:16:09', 'zmahoor: ?')
Adding to the chat table...
('2017-08-14 16:16:09', 'tpr_bot2: @zmahoor twitch plays robotics is a community-driven project to teach robots language. to learn more about any aspect of the project, type ?robots, ?silverrobots ?reinforcement, ?votes, ?scores, ?myscore, or ?commandscores. more details at https://tpr-uvm.github.io.')
('2017-08-14 16:16:52', 'qubit10: ah, why is every robot keeps moving backward')
Adding to the chat table...
('2017-08-14 16:17:18', 'zmahoor: :)')
Adding to the chat table...
('2017-08-14 16:18:07', 'qubit10: @zmahoor is that you zahra?')
Adding to the chat table...
('2017-08-14 16:18:29', 'qubit10: this is nirav, we met in the knoxville ai group.. :)')
Adding to the chat table...
('2017-08-14 16:18:52', 'zmahoor: hey')
Adding to the chat table...
('2017-08-14 16:18:53', 'zmahoor: :)')
Adding to the chat table...
('2017-08-14 16:19:02', 'zmahoor: i remember you :)')
Adding to the chat table...
('2017-08-14 16:19:16', 'zmahoor: i heard you guys doing a tensor flow project')
Adding to the chat table...
('recieved ping...', ' sending pong...')
('2017-08-14 16:20:07', 'qubit10: yes, we are, slowly but surely, .')
Adding to the chat table...
('2017-08-14 16:20:29', 'zmahoor: :)')
Adding to the chat table...
('2017-08-14 16:20:30', 'qubit10: we are suppose to build an app to map a statement to an emoji')
Adding to the chat table...
('2017-08-14 16:20:50', 'zmahoor: sentiment analysis')
Adding to the chat table...
('2017-08-14 16:21:23', 'qubit10: yah, it should be simple to do, but both of us are too busy with other things.')
Adding to the chat table...
('2017-08-14 16:22:02', 'zmahoor: i never got around tensor flow but here i learnt keras')
Adding to the chat table...
('2017-08-14 16:22:17', 'zmahoor: it is very user friendly and easy to work')
Adding to the chat table...
('2017-08-14 16:23:03', 'zmahoor: https://keras.io')
Adding to the chat table...
('2017-08-14 16:23:10', 'qubit10: yes, i am familiar with keras as well, i believe it is just a wrapper around tflow as well? is that correct?')
Adding to the chat table...
(1406, u"Data too long for column 'txt' at row 1")
something went wrong. Unable inserting this message.
('2017-08-14 16:23:58', 'zmahoor: yes')
Adding to the chat table...
('2017-08-14 16:24:11', 'zmahoor: it can be tensor flow or theano')
Adding to the chat table...
('recieved ping...', ' sending pong...')
('2017-08-14 16:24:25', 'zmahoor: the backend')
Adding to the chat table...
('2017-08-14 16:25:21', 'zmahoor: when are you planning to graduate?')
Adding to the chat table...
('2017-08-14 16:25:50', 'qubit10: i have one more year left. now finishing up my dissertation and starting apply for post-doc soon.')
Adding to the chat table...
('2017-08-14 16:26:10', 'zmahoor: i thought you were planning to apply for data-science positions')
Adding to the chat table...
('2017-08-14 16:26:40', 'qubit10: i got into a fellowship prog. for data science and an internship as data scientist, but decided to stick to physics for now.')
Adding to the chat table...
(1406, u"Data too long for column 'txt' at row 1")
something went wrong. Unable inserting this message.
('2017-08-14 16:27:02', 'zmahoor: insight')
Adding to the chat table...
('2017-08-14 16:27:03', 'zmahoor: ?')
Adding to the chat table...
('2017-08-14 16:27:03', 'tpr_bot2: @zmahoor twitch plays robotics is a community-driven project to teach robots language. to learn more about any aspect of the project, type ?robots, ?silverrobots ?reinforcement, ?votes, ?scores, ?myscore, or ?commandscores. more details at https://tpr-uvm.github.io.')
('2017-08-14 16:27:11', 'zmahoor: or data incubator?')
Adding to the chat table...
('2017-08-14 16:27:13', 'qubit10: yes, i love what i do, and sadly that is coming the way of logic. lol')
Adding to the chat table...
('2017-08-14 16:27:23', 'qubit10: i got into data incubator')
Adding to the chat table...
('2017-08-14 16:27:27', 'qubit10: as a scholar')
Adding to the chat table...
('2017-08-14 16:27:48', 'zmahoor: i know it. i am planning to do the next round of data insight')
Adding to the chat table...
('2017-08-14 16:27:54', 'zmahoor: if i get in.')
Adding to the chat table...
('2017-08-14 16:28:47', 'zmahoor: my friend who got her phd in physics did the insight fellowship')
Adding to the chat table...
('2017-08-14 16:28:54', 'qubit10: if you want, i can send you the quiz questions i got for the interview process, it might prepare you for what to expect.')
Adding to the chat table...
(1406, u"Data too long for column 'txt' at row 1")
something went wrong. Unable inserting this message.
('recieved ping...', ' sending pong...')
('2017-08-14 16:29:14', 'zmahoor: insight is different though.')
Adding to the chat table...
('2017-08-14 16:29:18', 'zmahoor: the interview process')
Adding to the chat table...
('2017-08-14 16:30:18', 'zmahoor: did you interview with insight as well?')
Adding to the chat table...
('2017-08-14 16:30:48', 'qubit10: yes, thats right, my friend here also applied to insight, and apparently there is direct interview. for the incubator, i had to go through a quiz.')
Adding to the chat table...
(1406, u"Data too long for column 'txt' at row 1")
something went wrong. Unable inserting this message.
('2017-08-14 16:31:47', 'qubit10: no, i couldnt do interview with insight. they told me its too early for me to apply. they only accept candidate +/- 6 months before/after their graduation.')
Adding to the chat table...
(1406, u"Data too long for column 'txt' at row 1")
something went wrong. Unable inserting this message.
('2017-08-14 16:31:57', 'qubit10: i was about 1 year ahead of time.')
Adding to the chat table...
('2017-08-14 16:33:17', 'zmahoor: oh i see. my husband will be doing the data engineering fellowship with insight.')
Adding to the chat table...
('recieved ping...', ' sending pong...')
('2017-08-14 16:33:33', 'zmahoor: they did not tell him about that requir')
Adding to the chat table...
('2017-08-14 16:33:34', 'zmahoor: :)')
Adding to the chat table...
('2017-08-14 16:33:41', 'zmahoor: requirement')
Adding to the chat table...
('2017-08-14 16:34:35', 'qubit10: i applied for data science or healthcare-data (something like that). data eng. and deep learning are other options you have for insight.')
Adding to the chat table...
(1406, u"Data too long for column 'txt' at row 1")
something went wrong. Unable inserting this message.
('2017-08-14 16:34:43', 'qubit10: i dont know if the requirement is different.')
Adding to the chat table...
('recieved ping...', ' sending pong...')
('2017-08-14 16:38:25', 'zmahoor: maybe.. the goal is to get a full time job by the end of the program.')
Adding to the chat table...
('2017-08-14 16:39:10', 'zmahoor: i can tell you post-doc life is not fun :)')
Adding to the chat table...
('recieved ping...', ' sending pong...')
('2017-08-14 16:43:34', 'qubit10: haha. yes, i suppose that also depends on the adviser. if i am not having fun doing research, then i will leave.')
Adding to the chat table...
(1406, u"Data too long for column 'txt' at row 1")
something went wrong. Unable inserting this message.
('2017-08-14 16:44:55', 'qubit10: i typically like to collaborate and work with around 3-5 people at a time (3 active contributors), so if i end up at a place where im the only one in the group, i wont enjoy doing research at that point.')
Adding to the chat table...
(1406, u"Data too long for column 'txt' at row 1")
something went wrong. Unable inserting this message.
('recieved ping...', ' sending pong...')
('recieved ping...', ' sending pong...')
('recieved ping...', ' sending pong...')
('recieved ping...', ' sending pong...')
('recieved ping...', ' sending pong...')
('recieved ping...', ' sending pong...')
('recieved ping...', ' sending pong...')
('2017-08-14 17:16:42', 'zmahoor: :)')
Adding to the chat table...
('recieved ping...', ' sending pong...')
('recieved ping...', ' sending pong...')
('recieved ping...', ' sending pong...')
('recieved ping...', ' sending pong...')
('recieved ping...', ' sending pong...')
('recieved ping...', ' sending pong...')
('recieved ping...', ' sending pong...')
('recieved ping...', ' sending pong...')
('recieved ping...', ' sending pong...')
('2017-08-14 17:54:58', 'cracker3001: !gn')
Adding to the chat table...
('2017-08-14 17:54:58', 'tpr_bot2: @cracker3001 congratulations! you just earned your first point.')
('2017-08-14 17:55:47', 'cracker3001: !on')
Adding to the chat table...
('recieved ping...', ' sending pong...')
('recieved ping...', ' sending pong...')
('recieved ping...', ' sending pong...')
('recieved ping...', ' sending pong...')
('recieved ping...', ' sending pong...')
('recieved ping...', ' sending pong...')
('recieved ping...', ' sending pong...')
('recieved ping...', ' sending pong...')
('recieved ping...', ' sending pong...')
('recieved ping...', ' sending pong...')
('recieved ping...', ' sending pong...')
('recieved ping...', ' sending pong...')
('recieved ping...', ' sending pong...')
('recieved ping...', ' sending pong...')
('recieved ping...', ' sending pong...')
('recieved ping...', ' sending pong...')
('recieved ping...', ' sending pong...')
('recieved ping...', ' sending pong...')
('recieved ping...', ' sending pong...')
('recieved ping...', ' sending pong...')
('recieved ping...', ' sending pong...')
('recieved ping...', ' sending pong...')
('recieved ping...', ' sending pong...')
('recieved ping...', ' sending pong...')
('recieved ping...', ' sending pong...')
('recieved ping...', ' sending pong...')
('recieved ping...', ' sending pong...')
('recieved ping...', ' sending pong...')
('recieved ping...', ' sending pong...')
('recieved ping...', ' sending pong...')
('recieved ping...', ' sending pong...')
('recieved ping...', ' sending pong...')
('recieved ping...', ' sending pong...')
('recieved ping...', ' sending pong...')
('recieved ping...', ' sending pong...')
('recieved ping...', ' sending pong...')
('recieved ping...', ' sending pong...')
('recieved ping...', ' sending pong...')
('recieved ping...', ' sending pong...')
('recieved ping...', ' sending pong...')
('recieved ping...', ' sending pong...')
('recieved ping...', ' sending pong...')
('recieved ping...', ' sending pong...')
('recieved ping...', ' sending pong...')
('recieved ping...', ' sending pong...')
('recieved ping...', ' sending pong...')
('2017-08-14 21:20:35', 'joelbanana: !ol')
Adding to the chat table...
('2017-08-14 21:20:35', 'tpr_bot2: @joelbanana congratulations! you just earned your first point.')
('2017-08-14 21:21:04', 'joelbanana: !sd')
Adding to the chat table...
('recieved ping...', ' sending pong...')
('recieved ping...', ' sending pong...')
('recieved ping...', ' sending pong...')
('recieved ping...', ' sending pong...')
('2017-08-14 21:40:12', 'doctorjoshuvm: ?')
Adding to the chat table...
('2017-08-14 21:40:13', 'tpr_bot2: @doctorjoshuvm twitch plays robotics is a community-driven project to teach robots language. to learn more about any aspect of the project, type ?robots, ?silverrobots ?reinforcement, ?votes, ?scores, ?myscore, or ?commandscores. more details at https://tpr-uvm.github.io.')
('recieved ping...', ' sending pong...')
('recieved ping...', ' sending pong...')
('recieved ping...', ' sending pong...')
('recieved ping...', ' sending pong...')
('recieved ping...', ' sending pong...')
('recieved ping...', ' sending pong...')
('recieved ping...', ' sending pong...')
('recieved ping...', ' sending pong...')
('recieved ping...', ' sending pong...')
('recieved ping...', ' sending pong...')
('recieved ping...', ' sending pong...')
('recieved ping...', ' sending pong...')
('recieved ping...', ' sending pong...')
('recieved ping...', ' sending pong...')
('2017-08-14 22:42:35', 'admanta_: !bn')
Adding to the chat table...
('2017-08-14 22:42:38', 'admanta_: !bd')
Adding to the chat table...
('2017-08-14 22:42:56', 'admanta_: !oy')
Adding to the chat table...
('2017-08-14 22:42:59', 'admanta_: !ol')
Adding to the chat table...
('recieved ping...', ' sending pong...')
('recieved ping...', ' sending pong...')
('recieved ping...', ' sending pong...')
('recieved ping...', ' sending pong...')
('recieved ping...', ' sending pong...')
('recieved ping...', ' sending pong...')
('recieved ping...', ' sending pong...')
('recieved ping...', ' sending pong...')
('recieved ping...', ' sending pong...')
('recieved ping...', ' sending pong...')
('recieved ping...', ' sending pong...')
('recieved ping...', ' sending pong...')
('recieved ping...', ' sending pong...')
('2017-08-14 23:41:57', 'rockinbacon: !walk')
Adding to the chat table...
('2017-08-14 23:41:57', 'tpr_bot2: @rockinbacon congratulations! you just earned your first point.')
('2017-08-14 23:42:17', 'rockinbacon: !stop')
Adding to the chat table...
('2017-08-14 23:42:42', 'rockinbacon: !halt')
Adding to the chat table...
('recieved ping...', ' sending pong...')
('recieved ping...', ' sending pong...')
('recieved ping...', ' sending pong...')
('recieved ping...', ' sending pong...')
('recieved ping...', ' sending pong...')
('recieved ping...', ' sending pong...')
('recieved ping...', ' sending pong...')
('recieved ping...', ' sending pong...')
('recieved ping...', ' sending pong...')
('2017-08-15 00:22:06', 'ivanvarela: wtf')
Adding to the chat table...
('recieved ping...', ' sending pong...')
('2017-08-15 00:24:04', 'ivanvarela: !ry')
Adding to the chat table...
('2017-08-15 00:24:05', 'tpr_bot2: @ivanvarela congratulations! you just earned your first point.')
('recieved ping...', ' sending pong...')
('2017-08-15 00:30:26', 'cyb3rhack3r: ?')
Adding to the chat table...
('2017-08-15 00:30:27', 'tpr_bot2: @cyb3rhack3r twitch plays robotics is a community-driven project to teach robots language. to learn more about any aspect of the project, type ?robots, ?silverrobots ?reinforcement, ?votes, ?scores, ?myscore, or ?commandscores. more details at https://tpr-uvm.github.io.')
('2017-08-15 00:30:40', 'cyb3rhack3r: !cn')
Adding to the chat table...
('2017-08-15 00:30:41', 'tpr_bot2: @cyb3rhack3r congratulations! you just earned your first point.')
('2017-08-15 00:30:59', 'cyb3rhack3r: !pn')
Adding to the chat table...
('recieved ping...', ' sending pong...')
('2017-08-15 00:31:26', 'cyb3rhack3r: !rn')
Adding to the chat table...
('2017-08-15 00:31:58', 'cyb3rhack3r: !gn')
Adding to the chat table...
('2017-08-15 00:32:23', 'cyb3rhack3r: !bn')
Adding to the chat table...
('2017-08-15 00:32:55', 'cyb3rhack3r: !on')
Adding to the chat table...
('2017-08-15 00:33:27', 'cyb3rhack3r: !cn')
Adding to the chat table...
('2017-08-15 00:34:02', 'cyb3rhack3r: !py')
Adding to the chat table...
('2017-08-15 00:34:25', 'cyb3rhack3r: !ry')
Adding to the chat table...
('2017-08-15 00:34:47', 'cyb3rhack3r: !jump')
Adding to the chat table...
('2017-08-15 00:34:56', 'cyb3rhack3r: !gy')
Adding to the chat table...
('2017-08-15 00:35:26', 'cyb3rhack3r: !by')
Adding to the chat table...
('recieved ping...', ' sending pong...')
('2017-08-15 00:36:00', 'cyb3rhack3r: !on')
Adding to the chat table...
('2017-08-15 00:36:25', 'cyb3rhack3r: !cy')
Adding to the chat table...
('2017-08-15 00:36:32', 'cyb3rhack3r: !jump')
Adding to the chat table...
('2017-08-15 00:37:03', 'cyb3rhack3r: !pn')
Adding to the chat table...
('2017-08-15 00:37:39', 'cyb3rhack3r: !rn')
Adding to the chat table...
('2017-08-15 00:38:02', 'cyb3rhack3r: !gn')
Adding to the chat table...
('2017-08-15 00:38:19', 'cyb3rhack3r: ?silverrobots')
Adding to the chat table...
('2017-08-15 00:38:20', 'tpr_bot2: @cyb3rhack3r every silver robot is a new unseen robot that is added to the population of robots every hour.')
('2017-08-15 00:38:33', 'cyb3rhack3r: !bn')
Adding to the chat table...
('2017-08-15 00:38:56', 'cyb3rhack3r: ?reinforcement')
Adding to the chat table...
('2017-08-15 00:38:56', 'tpr_bot2: @cyb3rhack3r robots collect [y]ess, [n]os, [l]ikes and [d]islikes. robots that are disobedient (y<n) and unpopular (l<d) are periodically killed, and are replaced with randomly-modified copies of more obedient (y>n) and popular (l>d) survivors. thus, the robots evolve, based on your guidance, to become more obedient and popular.')
('2017-08-15 00:39:15', 'cyb3rhack3r: !on')
Adding to the chat table...
('2017-08-15 00:39:34', 'cyb3rhack3r: !cn')
Adding to the chat table...
('recieved ping...', ' sending pong...')
('recieved ping...', ' sending pong...')
('recieved ping...', ' sending pong...')
('recieved ping...', ' sending pong...')
('recieved ping...', ' sending pong...')
('recieved ping...', ' sending pong...')
('recieved ping...', ' sending pong...')
('recieved ping...', ' sending pong...')
('recieved ping...', ' sending pong...')
('recieved ping...', ' sending pong...')
('recieved ping...', ' sending pong...')
('recieved ping...', ' sending pong...')
('recieved ping...', ' sending pong...')
('recieved ping...', ' sending pong...')
('recieved ping...', ' sending pong...')
('recieved ping...', ' sending pong...')
('recieved ping...', ' sending pong...')
('recieved ping...', ' sending pong...')
('recieved ping...', ' sending pong...')
('recieved ping...', ' sending pong...')
('recieved ping...', ' sending pong...')
('recieved ping...', ' sending pong...')
('recieved ping...', ' sending pong...')
('recieved ping...', ' sending pong...')
('recieved ping...', ' sending pong...')
('recieved ping...', ' sending pong...')
('recieved ping...', ' sending pong...')
('recieved ping...', ' sending pong...')
('recieved ping...', ' sending pong...')
('recieved ping...', ' sending pong...')
('recieved ping...', ' sending pong...')
('recieved ping...', ' sending pong...')
('recieved ping...', ' sending pong...')
('recieved ping...', ' sending pong...')
('recieved ping...', ' sending pong...')
('recieved ping...', ' sending pong...')
('2017-08-15 03:19:51', 'adorablewhale: !gn')
Adding to the chat table...
('2017-08-15 03:19:51', 'tpr_bot2: @adorablewhale congratulations! you just earned your first point.')
('2017-08-15 03:20:14', 'squishyjh: clintclean')
Adding to the chat table...
('2017-08-15 03:20:23', 'adorablewhale: !gn')
Adding to the chat table...
('2017-08-15 03:20:27', 'adorablewhale: !bn')
Adding to the chat table...
('2017-08-15 03:20:32', 'adorablewhale: !bn')
Adding to the chat table...
('2017-08-15 03:21:10', 'squishyjh: !od')
Adding to the chat table...
('2017-08-15 03:21:10', 'tpr_bot2: @squishyjh congratulations! you just earned your first point.')
('2017-08-15 03:21:19', 'adorablewhale: !sn')
Adding to the chat table...
('2017-08-15 03:22:03', 'squishyjh: !pl')
Adding to the chat table...
('2017-08-15 03:22:13', 'adorablewhale: !command shake')
Adding to the chat table...
('2017-08-15 03:22:28', 'adorablewhale: !move shake')
Adding to the chat table...
('2017-08-15 03:23:07', 'adorablewhale: !gn')
Adding to the chat table...
('2017-08-15 03:23:08', 'squishyjh: !dab')
Adding to the chat table...
('recieved ping...', ' sending pong...')
('2017-08-15 03:25:28', 'adorablewhale: !ry')
Adding to the chat table...
('2017-08-15 03:25:58', 'adorablewhale: !gn')
Adding to the chat table...
('2017-08-15 03:26:32', 'adorablewhale: !by')
Adding to the chat table...
('2017-08-15 03:27:06', 'adorablewhale: !oy')
Adding to the chat table...
('2017-08-15 03:27:29', 'adorablewhale: !cn')
Adding to the chat table...
('recieved ping...', ' sending pong...')
('2017-08-15 03:27:54', 'adorablewhale: !py')
Adding to the chat table...
('2017-08-15 03:28:36', 'adorablewhale: !rm')
Adding to the chat table...
('2017-08-15 03:28:53', 'adorablewhale: !gy')
Adding to the chat table...
('2017-08-15 03:29:26', 'adorablewhale: !bn')
Adding to the chat table...
('2017-08-15 03:29:33', 'adorablewhale: !dab')
Adding to the chat table...
('2017-08-15 03:30:13', 'adorablewhale: !od')
Adding to the chat table...
('2017-08-15 03:30:58', 'adorablewhale: lul')
Adding to the chat table...
('2017-08-15 03:31:10', 'adorablewhale: !pl')
Adding to the chat table...
('2017-08-15 03:31:31', 'adorablewhale: !rm')
Adding to the chat table...
('recieved ping...', ' sending pong...')
('2017-08-15 03:32:07', 'adorablewhale: !gm')
Adding to the chat table...
('2017-08-15 03:32:16', 'adorablewhale: !gn')
Adding to the chat table...
('2017-08-15 03:32:27', 'adorablewhale: !bn')
Adding to the chat table...
('2017-08-15 03:33:00', 'adorablewhale: !on')
Adding to the chat table...
('2017-08-15 03:33:41', 'adorablewhale: !cn')
Adding to the chat table...
('2017-08-15 03:34:05', 'adorablewhale: !py')
Adding to the chat table...
('2017-08-15 03:34:36', 'adorablewhale: !rm')
Adding to the chat table...
('recieved ping...', ' sending pong...')
('recieved ping...', ' sending pong...')
('recieved ping...', ' sending pong...')
('recieved ping...', ' sending pong...')
('recieved ping...', ' sending pong...')
('recieved ping...', ' sending pong...')
('recieved ping...', ' sending pong...')
('recieved ping...', ' sending pong...')
('recieved ping...', ' sending pong...')
('recieved ping...', ' sending pong...')
('recieved ping...', ' sending pong...')
('recieved ping...', ' sending pong...')
('recieved ping...', ' sending pong...')
('recieved ping...', ' sending pong...')
('recieved ping...', ' sending pong...')
('recieved ping...', ' sending pong...')
('recieved ping...', ' sending pong...')
('recieved ping...', ' sending pong...')
('recieved ping...', ' sending pong...')
('recieved ping...', ' sending pong...')
('recieved ping...', ' sending pong...')
('recieved ping...', ' sending pong...')
('recieved ping...', ' sending pong...')
('recieved ping...', ' sending pong...')
('recieved ping...', ' sending pong...')
('recieved ping...', ' sending pong...')
('recieved ping...', ' sending pong...')
('recieved ping...', ' sending pong...')
('recieved ping...', ' sending pong...')
('recieved ping...', ' sending pong...')
('recieved ping...', ' sending pong...')
('2017-08-15 05:52:16', 'kidkun3: !walk')
Adding to the chat table...
('2017-08-15 05:52:16', 'tpr_bot2: @kidkun3 congratulations! you just earned your first point.')
('2017-08-15 05:52:49', 'kidkun3: !walk')
Adding to the chat table...
('2017-08-15 05:53:03', 'kidkun3: !gl')
Adding to the chat table...
('recieved ping...', ' sending pong...')
('2017-08-15 05:54:03', 'kidkun3: !cl')
Adding to the chat table...
('2017-08-15 05:54:16', 'kidkun3: !fly')
Adding to the chat table...
('recieved ping...', ' sending pong...')
('recieved ping...', ' sending pong...')
('recieved ping...', ' sending pong...')
('recieved ping...', ' sending pong...')
('recieved ping...', ' sending pong...')
('recieved ping...', ' sending pong...')
('recieved ping...', ' sending pong...')
('recieved ping...', ' sending pong...')
('recieved ping...', ' sending pong...')
('recieved ping...', ' sending pong...')
('recieved ping...', ' sending pong...')
('recieved ping...', ' sending pong...')
('2017-08-15 06:53:12', 'juliuzns: ?')
Adding to the chat table...
('2017-08-15 06:53:13', 'tpr_bot2: @juliuzns twitch plays robotics is a community-driven project to teach robots language. to learn more about any aspect of the project, type ?robots, ?silverrobots ?reinforcement, ?votes, ?scores, ?myscore, or ?commandscores. more details at https://tpr-uvm.github.io.')
('recieved ping...', ' sending pong...')
('2017-08-15 06:54:05', 'zutkak: !by')
Adding to the chat table...
('2017-08-15 06:54:05', 'juliuzns: !gn')
Adding to the chat table...
('2017-08-15 06:54:06', 'tpr_bot2: @juliuzns congratulations! you just earned your first point.')
('2017-08-15 06:54:23', 'juliuzns: !by')
Adding to the chat table...
('2017-08-15 06:54:36', 'zutkak: !on')
Adding to the chat table...
('2017-08-15 06:55:08', 'zutkak: !cn')
Adding to the chat table...
('2017-08-15 06:55:41', 'zutkak: !py')
Adding to the chat table...
('2017-08-15 06:56:01', 'juliuzns: !pl')
Adding to the chat table...
('2017-08-15 06:56:20', 'juliuzns: !rn')
Adding to the chat table...
('2017-08-15 06:56:36', 'juliuzns: ?scores')
Adding to the chat table...
('2017-08-15 06:56:36', 'tpr_bot2: @juliuzns you get one point every time you reinforce a robot with y, n, l, or d, and each time you vote for a command. to see your score, type ?myscore')
('2017-08-15 06:56:55', 'juliuzns: !gy')
Adding to the chat table...
('2017-08-15 06:56:56', 'juliuzns: !gl')
Adding to the chat table...
('2017-08-15 06:57:31', 'juliuzns: !bd')
Adding to the chat table...
('recieved ping...', ' sending pong...')
('2017-08-15 06:58:03', 'juliuzns: !on')
Adding to the chat table...
('2017-08-15 07:01:45', 'zutkak: !pn')
Adding to the chat table...
('recieved ping...', ' sending pong...')
('2017-08-15 07:02:18', 'zutkak: !rn')
Adding to the chat table...
('2017-08-15 07:02:25', 'zutkak: !rl')
Adding to the chat table...
('2017-08-15 07:02:44', 'zutkak: !gy')
Adding to the chat table...
('2017-08-15 07:02:51', 'zutkak: !gl')
Adding to the chat table...
('recieved ping...', ' sending pong...')
('recieved ping...', ' sending pong...')
('recieved ping...', ' sending pong...')
('recieved ping...', ' sending pong...')
('recieved ping...', ' sending pong...')
('2017-08-15 07:25:58', 'xancor1: !cy')
Adding to the chat table...
('2017-08-15 07:25:59', 'tpr_bot2: @xancor1 congratulations! you just earned your first point.')
('2017-08-15 07:26:20', 'xancor1: !pn')
Adding to the chat table...
('2017-08-15 07:27:01', 'xancor1: !ry')
Adding to the chat table...
('2017-08-15 07:27:16', 'xancor1: !gn')
Adding to the chat table...
('2017-08-15 07:27:50', 'xancor1: !bn')
Adding to the chat table...
('recieved ping...', ' sending pong...')
('recieved ping...', ' sending pong...')
('recieved ping...', ' sending pong...')
('recieved ping...', ' sending pong...')
('recieved ping...', ' sending pong...')
('recieved ping...', ' sending pong...')
('recieved ping...', ' sending pong...')
('recieved ping...', ' sending pong...')
('recieved ping...', ' sending pong...')
('recieved ping...', ' sending pong...')
('recieved ping...', ' sending pong...')
('recieved ping...', ' sending pong...')
('recieved ping...', ' sending pong...')
('recieved ping...', ' sending pong...')
('recieved ping...', ' sending pong...')
('2017-08-15 08:35:30', 'djsapsan: !on')
Adding to the chat table...
('recieved ping...', ' sending pong...')
('recieved ping...', ' sending pong...')
('recieved ping...', ' sending pong...')
('recieved ping...', ' sending pong...')
('recieved ping...', ' sending pong...')
('2017-08-15 09:00:10', 'doctorjoshuvm: ?')
Adding to the chat table...
('2017-08-15 09:00:10', 'tpr_bot2: @doctorjoshuvm twitch plays robotics is a community-driven project to teach robots language. to learn more about any aspect of the project, type ?robots, ?silverrobots ?reinforcement, ?votes, ?scores, ?myscore, or ?commandscores. more details at https://tpr-uvm.github.io.')
('recieved ping...', ' sending pong...')
('recieved ping...', ' sending pong...')
('recieved ping...', ' sending pong...')
('recieved ping...', ' sending pong...')
('recieved ping...', ' sending pong...')
('recieved ping...', ' sending pong...')
('recieved ping...', ' sending pong...')
('recieved ping...', ' sending pong...')
('recieved ping...', ' sending pong...')
('recieved ping...', ' sending pong...')
('recieved ping...', ' sending pong...')
('recieved ping...', ' sending pong...')
('recieved ping...', ' sending pong...')
('recieved ping...', ' sending pong...')
('recieved ping...', ' sending pong...')
('recieved ping...', ' sending pong...')
('recieved ping...', ' sending pong...')
('2017-08-15 10:12:19', 'zmahoor: ?')
Adding to the chat table...
('2017-08-15 10:12:19', 'tpr_bot2: @zmahoor twitch plays robotics is a community-driven project to teach robots language. to learn more about any aspect of the project, type ?robots, ?silverrobots ?reinforcement, ?votes, ?scores, ?myscore, or ?commandscores. more details at https://tpr-uvm.github.io.')
('recieved ping...', ' sending pong...')
('recieved ping...', ' sending pong...')
('recieved ping...', ' sending pong...')
('recieved ping...', ' sending pong...')
('recieved ping...', ' sending pong...')
('recieved ping...', ' sending pong...')
('recieved ping...', ' sending pong...')
('recieved ping...', ' sending pong...')
('recieved ping...', ' sending pong...')
('recieved ping...', ' sending pong...')
('recieved ping...', ' sending pong...')
('recieved ping...', ' sending pong...')
('recieved ping...', ' sending pong...')
('2017-08-15 11:11:41', 'nickpwned: !walk')
Adding to the chat table...
('2017-08-15 11:11:41', 'tpr_bot2: @nickpwned congratulations! you just earned your first point.')
('2017-08-15 11:11:58', 'nickpwned: !pn')
Adding to the chat table...
('2017-08-15 11:12:11', 'nickpwned: !rl')
Adding to the chat table...
('2017-08-15 11:12:42', 'nickpwned: !gy')
Adding to the chat table...
('2017-08-15 11:13:41', 'nickpwned: !command !jump')
Adding to the chat table...
('2017-08-15 11:14:00', 'nickpwned: !jump')
Adding to the chat table...
('2017-08-15 11:14:55', 'nickpwned: !jump')
Adding to the chat table...
('2017-08-15 11:15:18', 'nickpwned: !en')
Adding to the chat table...
('recieved ping...', ' sending pong...')
('2017-08-15 11:15:21', 'nickpwned: !rn')
Adding to the chat table...
('2017-08-15 11:15:47', 'nickpwned: !gy')
Adding to the chat table...
('2017-08-15 11:16:17', 'nickpwned: !bn')
Adding to the chat table...
('2017-08-15 11:17:16', 'nickpwned: !cd')
Adding to the chat table...
('2017-08-15 11:17:21', 'nickpwned: !cn')
Adding to the chat table...
('2017-08-15 11:17:45', 'nickpwned: !pn')
Adding to the chat table...
('2017-08-15 11:18:22', 'nickpwned: !rn')
Adding to the chat table...
('2017-08-15 11:18:48', 'nickpwned: !gn')
Adding to the chat table...
('2017-08-15 11:19:19', 'nickpwned: !bl')
Adding to the chat table...
('2017-08-15 11:19:23', 'nickpwned: !bn')
Adding to the chat table...
('2017-08-15 11:19:50', 'nickpwned: !oy')
Adding to the chat table...
('2017-08-15 11:19:59', 'nickpwned: !od')
Adding to the chat table...
('2017-08-15 11:20:05', 'nickpwned: !ol')
Adding to the chat table...
('recieved ping...', ' sending pong...')
('2017-08-15 11:20:21', 'nickpwned: !cn')
Adding to the chat table...
('2017-08-15 11:20:54', 'nickpwned: !pl')
Adding to the chat table...
('2017-08-15 11:21:02', 'nickpwned: !py')
Adding to the chat table...
('2017-08-15 11:21:22', 'nickpwned: !rn')
Adding to the chat table...
('2017-08-15 11:21:55', 'nickpwned: !gy')
Adding to the chat table...
('2017-08-15 11:22:22', 'nickpwned: !bn')
Adding to the chat table...
('2017-08-15 11:22:54', 'nickpwned: !on')
Adding to the chat table...
('2017-08-15 11:24:08', 'nickpwned: !pl')
Adding to the chat table...
('2017-08-15 11:24:23', 'nickpwned: !rn')
Adding to the chat table...
('2017-08-15 11:24:25', 'nickpwned: !rl')
Adding to the chat table...
('recieved ping...', ' sending pong...')
('2017-08-15 11:24:59', 'nickpwned: !gl')
Adding to the chat table...
('2017-08-15 11:25:18', 'nickpwned: ?votes')
Adding to the chat table...
('2017-08-15 11:25:19', 'tpr_bot2: @nickpwned every three minutes, the command most voted on by the crowd is issued to the robot. there is no set list; you can type in anything you like. you can vote for a command by typing !command. dont forget the exclamation mark!')
('2017-08-15 11:25:34', 'nickpwned: !bn')
Adding to the chat table...
('2017-08-15 11:26:32', 'nickpwned: !cn')
Adding to the chat table...
('recieved ping...', ' sending pong...')
('recieved ping...', ' sending pong...')
('recieved ping...', ' sending pong...')
('recieved ping...', ' sending pong...')
('recieved ping...', ' sending pong...')
('recieved ping...', ' sending pong...')
('recieved ping...', ' sending pong...')
('recieved ping...', ' sending pong...')
('recieved ping...', ' sending pong...')
('recieved ping...', ' sending pong...')
('recieved ping...', ' sending pong...')
('recieved ping...', ' sending pong...')
('recieved ping...', ' sending pong...')
('recieved ping...', ' sending pong...')
('recieved ping...', ' sending pong...')
('recieved ping...', ' sending pong...')
('recieved ping...', ' sending pong...')
('recieved ping...', ' sending pong...')
('recieved ping...', ' sending pong...')
('recieved ping...', ' sending pong...')
('recieved ping...', ' sending pong...')
('2017-08-15 13:02:55', 'mohsenmahoor: !jump')
Adding to the chat table...
('2017-08-15 13:04:08', 'mohsenmahoor: !jump')
Adding to the chat table...
('2017-08-15 13:04:15', 'mohsenmahoor: !cy')
Adding to the chat table...
('2017-08-15 13:04:18', 'mohsenmahoor: !cl')
Adding to the chat table...
('2017-08-15 13:04:38', 'mohsenmahoor: !cy')
Adding to the chat table...
('2017-08-15 13:04:46', 'mohsenmahoor: !py')
Adding to the chat table...
('2017-08-15 13:04:50', 'mohsenmahoor: !pl')
Adding to the chat table...
('recieved ping...', ' sending pong...')
('2017-08-15 13:05:00', 'mohsenmahoor: !spin')
Adding to the chat table...
('2017-08-15 13:05:46', 'mohsenmahoor: !gn')
Adding to the chat table...
('2017-08-15 13:05:49', 'shokanshi: !gn')
Adding to the chat table...
('2017-08-15 13:05:49', 'tpr_bot2: @shokanshi congratulations! you just earned your first point.')
('2017-08-15 13:06:00', 'mohsenmahoor: !gd')
Adding to the chat table...
('2017-08-15 13:06:05', 'mohsenmahoor: !spin')
Adding to the chat table...
('2017-08-15 13:06:25', 'shokanshi: !bn')
Adding to the chat table...
('2017-08-15 13:06:28', 'shokanshi: !spin')
Adding to the chat table...
('2017-08-15 13:06:38', 'mohsenmahoor: !bd')
Adding to the chat table...
('2017-08-15 13:06:50', 'mohsenmahoor: !oy')
Adding to the chat table...
('2017-08-15 13:06:51', 'shokanshi: !oy')
Adding to the chat table...
('2017-08-15 13:06:55', 'mohsenmahoor: !ol')
Adding to the chat table...
('2017-08-15 13:07:07', 'shokanshi: what a cutie')
Adding to the chat table...
('2017-08-15 13:07:08', 'shokanshi: !ol')
Adding to the chat table...
('2017-08-15 13:07:18', 'mohsenmahoor: !cy')
Adding to the chat table...
('2017-08-15 13:07:19', 'shokanshi: !cy')
Adding to the chat table...
('2017-08-15 13:07:22', 'mohsenmahoor: !cl')
Adding to the chat table...
('2017-08-15 13:07:37', 'shokanshi: !walk')
Adding to the chat table...
('2017-08-15 13:07:50', 'mohsenmahoor: !walk')
Adding to the chat table...
('2017-08-15 13:07:52', 'shokanshi: !py')
Adding to the chat table...
('2017-08-15 13:07:58', 'mohsenmahoor: !pl')
Adding to the chat table...
('2017-08-15 13:08:24', 'shokanshi: !rn')
Adding to the chat table...
('2017-08-15 13:08:31', 'mohsenmahoor: !rd')
Adding to the chat table...
('2017-08-15 13:08:52', 'shokanshi: !gy')
Adding to the chat table...
('2017-08-15 13:09:22', 'shokanshi: !bn')
Adding to the chat table...
('2017-08-15 13:09:35', 'mohsenmahoor: !bd')
Adding to the chat table...
('recieved ping...', ' sending pong...')
('2017-08-15 13:09:51', 'shokanshi: !oy')
Adding to the chat table...
('2017-08-15 13:09:55', 'mohsenmahoor: !oy')
Adding to the chat table...
('2017-08-15 13:10:10', 'shokanshi: a werid walk, but he is trying')
Adding to the chat table...
('2017-08-15 13:10:34', 'shokanshi: !cd')
Adding to the chat table...
('2017-08-15 13:11:04', 'shokanshi: !py')
Adding to the chat table...
('recieved ping...', ' sending pong...')
('recieved ping...', ' sending pong...')
('2017-08-15 13:19:08', 'twitchplaysrobotics: @mohsenmahoor please let me know if you have any feedback')
Adding to the chat table...
'ascii' codec can't encode characters in position 1-3: ordinal not in range(128)
something went wrong. Unable inserting this message.
('recieved ping...', ' sending pong...')
('recieved ping...', ' sending pong...')
('recieved ping...', ' sending pong...')
('recieved ping...', ' sending pong...')
('recieved ping...', ' sending pong...')
('recieved ping...', ' sending pong...')
('recieved ping...', ' sending pong...')
('recieved ping...', ' sending pong...')
('2017-08-15 13:58:54', 'mohsenmahoor: ioy')
Adding to the chat table...
('2017-08-15 13:58:58', 'mohsenmahoor: !oy')
Adding to the chat table...
('2017-08-15 13:59:14', 'twitchplaysrobotics: hey mosi')
Adding to the chat table...
('2017-08-15 13:59:30', 'mohsenmahoor: hey')
Adding to the chat table...
('2017-08-15 13:59:45', 'zmahoor: do you have any feedback for this syste')
Adding to the chat table...
('recieved ping...', ' sending pong...')
('2017-08-15 13:59:59', 'zmahoor: i am trying to improve this platform')
Adding to the chat table...
('2017-08-15 14:00:55', 'mohsenmahoor: i have, but i am not sure if that works')
Adding to the chat table...
('2017-08-15 14:01:04', 'zmahoor: let me know')
Adding to the chat table...
('2017-08-15 14:01:28', 'zmahoor: anything helps')
Adding to the chat table...
('2017-08-15 14:01:30', 'mohsenmahoor: !by')
Adding to the chat table...
('2017-08-15 14:02:04', 'mohsenmahoor: the system is a little bit confusing, at least for me')
Adding to the chat table...
('2017-08-15 14:02:14', 'zmahoor: at the beginning')
Adding to the chat table...
('2017-08-15 14:02:29', 'zmahoor: ?')
Adding to the chat table...
('2017-08-15 14:02:30', 'tpr_bot2: @zmahoor twitch plays robotics is a community-driven project to teach robots language. to learn more about any aspect of the project, type ?robots, ?silverrobots ?reinforcement, ?votes, ?scores, ?myscore, or ?commandscores. more details at https://tpr-uvm.github.io.')
('2017-08-15 14:02:32', 'mohsenmahoor: !cn')
Adding to the chat table...
('2017-08-15 14:02:50', 'zmahoor: besides being confusing, what else?')
Adding to the chat table...
('2017-08-15 14:03:07', 'mohsenmahoor: yes, for those who have not any experience')
Adding to the chat table...
('2017-08-15 14:04:05', 'mohsenmahoor: i can not distinguish between the commands sometimes, i mean if the robot is doing this command or not')
Adding to the chat table...
(1406, u"Data too long for column 'txt' at row 1")
something went wrong. Unable inserting this message.
('recieved ping...', ' sending pong...')
('2017-08-15 14:04:48', 'mohsenmahoor: i do not have any reference, for example for "spin" or "rotating"')
Adding to the chat table...
('2017-08-15 14:05:05', 'mohsenmahoor: !od')
Adding to the chat table...
('2017-08-15 14:05:12', 'mohsenmahoor: !dance')
Adding to the chat table...
('2017-08-15 14:05:25', 'mohsenmahoor: !cy')
Adding to the chat table...
('2017-08-15 14:05:42', 'mohsenmahoor: !cl')
Adding to the chat table...
('2017-08-15 14:05:42', 'zmahoor: you mean it is hard to tell whether a robot is spinning or not.')
Adding to the chat table...
('2017-08-15 14:05:47', 'zmahoor: i understand')
Adding to the chat table...
('2017-08-15 14:06:22', 'mohsenmahoor: yes, i can not tell if it is rolling or not')
Adding to the chat table...
('2017-08-15 14:06:36', 'mohsenmahoor: !dance')
Adding to the chat table...
('2017-08-15 14:06:47', 'mohsenmahoor: !rn')
Adding to the chat table...
('2017-08-15 14:06:52', 'mohsenmahoor: !rd')
Adding to the chat table...
('2017-08-15 14:07:00', 'mohsenmahoor: !gy')
Adding to the chat table...
('2017-08-15 14:07:03', 'mohsenmahoor: !gl')
Adding to the chat table...
('2017-08-15 14:07:30', 'mohsenmahoor: !by')
Adding to the chat table...
('2017-08-15 14:07:35', 'mohsenmahoor: !bl')
Adding to the chat table...
('2017-08-15 14:07:54', 'mohsenmahoor: !dance')
Adding to the chat table...
('2017-08-15 14:08:24', 'mohsenmahoor: what is the difference between "dance" and "roll"')
Adding to the chat table...
('2017-08-15 14:08:35', 'mohsenmahoor: !cy')
Adding to the chat table...
('2017-08-15 14:08:37', 'mohsenmahoor: !cl')
Adding to the chat table...
('2017-08-15 14:08:38', 'zmahoor: would be better if we showed two robots side by side and your job was to compare the two')
Adding to the chat table...
('2017-08-15 14:08:52', 'mohsenmahoor: yes')
Adding to the chat table...
('2017-08-15 14:08:56', 'zmahoor: and tell which one is better at dancing')
Adding to the chat table...
('recieved ping...', ' sending pong...')
('2017-08-15 14:09:13', 'mohsenmahoor: exaclty')
Adding to the chat table...
('2017-08-15 14:09:40', 'mohsenmahoor: !stop')
Adding to the chat table...
('2017-08-15 14:10:02', 'mohsenmahoor: !gy')
Adding to the chat table...
('2017-08-15 14:10:03', 'mohsenmahoor: !gl')
Adding to the chat table...
('2017-08-15 14:10:14', 'mohsenmahoor: !gy')
Adding to the chat table...
('2017-08-15 14:10:17', 'mohsenmahoor: !gl')
Adding to the chat table...
('2017-08-15 14:10:28', 'mohsenmahoor: !sit')
Adding to the chat table...
('2017-08-15 14:10:34', 'zmahoor: how do feel about our robots?')
Adding to the chat table...
('2017-08-15 14:10:58', 'mohsenmahoor: these are good')
Adding to the chat table...
('2017-08-15 14:11:15', 'mohsenmahoor: they are quite smart')
Adding to the chat table...
('2017-08-15 14:11:44', 'mohsenmahoor: but they have delay in doing actions')
Adding to the chat table...
('2017-08-15 14:12:05', 'mohsenmahoor: !py')
Adding to the chat table...
('2017-08-15 14:12:07', 'mohsenmahoor: !pl')
Adding to the chat table...
('2017-08-15 14:12:12', 'zmahoor: what do you mean?')
Adding to the chat table...
('2017-08-15 14:12:49', 'mohsenmahoor: it takes time to do the command, from the old one to the new one')
Adding to the chat table...
('2017-08-15 14:13:12', 'mohsenmahoor: !gy')
Adding to the chat table...
('2017-08-15 14:13:17', 'mohsenmahoor: !gl')
Adding to the chat table...
('2017-08-15 14:13:36', 'zmahoor: ah i see. it takes 3 minutes to change the command')
Adding to the chat table...
('2017-08-15 14:13:40', 'mohsenmahoor: !by')
Adding to the chat table...
('2017-08-15 14:13:42', 'mohsenmahoor: !bl')
Adding to the chat table...
('2017-08-15 14:13:56', 'mohsenmahoor: ok. got it')
Adding to the chat table...
('recieved ping...', ' sending pong...')
('2017-08-15 14:14:26', 'zmahoor: we give people 3 minutes to vote for the next command and if no one types a command we pick a default command')
Adding to the chat table...
(1406, u"Data too long for column 'txt' at row 1")
something went wrong. Unable inserting this message.
('2017-08-15 14:14:39', 'mohsenmahoor: i see')
Adding to the chat table...
('2017-08-15 14:14:45', 'mohsenmahoor: !cy')
Adding to the chat table...
('2017-08-15 14:14:48', 'mohsenmahoor: !cl')
Adding to the chat table...
('2017-08-15 14:14:57', 'zmahoor: do you think 3 minutes is too long?')
Adding to the chat table...
('2017-08-15 14:15:13', 'djsapsan: !pl')
Adding to the chat table...
('2017-08-15 14:15:20', 'djsapsan: !pn')
Adding to the chat table...
('2017-08-15 14:15:38', 'djsapsan: !rl')
Adding to the chat table...
('2017-08-15 14:15:48', 'djsapsan: !ry')
Adding to the chat table...
('2017-08-15 14:16:02', 'mohsenmahoor: not really, i did not know that. i thought its doing right away')
Adding to the chat table...
('2017-08-15 14:16:11', 'djsapsan: !gl')
Adding to the chat table...
('2017-08-15 14:16:15', 'djsapsan: !gn')
Adding to the chat table...
('2017-08-15 14:16:19', 'mohsenmahoor: !gd')
Adding to the chat table...
('2017-08-15 14:16:23', 'mohsenmahoor: ign')
Adding to the chat table...
('2017-08-15 14:16:25', 'zmahoor: the current command is "move forward"')
Adding to the chat table...
('2017-08-15 14:16:36', 'djsapsan: !bl')
Adding to the chat table...
('2017-08-15 14:16:37', 'djsapsan: !bn')
Adding to the chat table...
('2017-08-15 14:16:41', 'zmahoor: for 3 minutes robots will try "move forward"')
Adding to the chat table...
('2017-08-15 14:16:43', 'mohsenmahoor: !bn')
Adding to the chat table...
('2017-08-15 14:16:54', 'djsapsan: lets try some funny')
Adding to the chat table...
('2017-08-15 14:16:56', 'mohsenmahoor: now, got iy')
Adding to the chat table...
('2017-08-15 14:16:58', 'djsapsan: !handshake')
Adding to the chat table...
('2017-08-15 14:17:02', 'zmahoor: sorry it is "move backward"')
Adding to the chat table...
('2017-08-15 14:17:06', 'djsapsan: !od')
Adding to the chat table...
('2017-08-15 14:17:11', 'djsapsan: !on')
Adding to the chat table...
('2017-08-15 14:17:16', 'mohsenmahoor: !on')
Adding to the chat table...
('2017-08-15 14:17:17', 'zmahoor: thanks')
Adding to the chat table...
('2017-08-15 14:17:19', 'mohsenmahoor: !od')
Adding to the chat table...
('2017-08-15 14:17:28', 'mohsenmahoor: nops')
Adding to the chat table...
('2017-08-15 14:17:43', 'djsapsan: lol that bot')
Adding to the chat table...
('2017-08-15 14:17:50', 'djsapsan: !cl')
Adding to the chat table...
('2017-08-15 14:17:51', 'djsapsan: !cn')
Adding to the chat table...
('2017-08-15 14:17:53', 'mohsenmahoor: !dance')
Adding to the chat table...
('recieved ping...', ' sending pong...')
('2017-08-15 14:18:15', 'djsapsan: that man something see')
Adding to the chat table...
('2017-08-15 14:18:31', 'djsapsan: !pl')
Adding to the chat table...
('2017-08-15 14:18:41', 'djsapsan: !ry')
Adding to the chat table...
('2017-08-15 14:19:07', 'zmahoor: every robot is being displayed for 3 seconds.. do you think 30 seconds is too long?')
Adding to the chat table...
('2017-08-15 14:19:14', 'zmahoor: 30 seconds')
Adding to the chat table...
('2017-08-15 14:19:21', 'djsapsan: yea')
Adding to the chat table...
('2017-08-15 14:19:28', 'djsapsan: 20 sec better')
Adding to the chat table...
('2017-08-15 14:19:41', 'djsapsan: !by')
Adding to the chat table...
('2017-08-15 14:19:52', 'djsapsan: !bn')
Adding to the chat table...
('2017-08-15 14:19:59', 'zmahoor: good.. i was thinking to make it shorter')
Adding to the chat table...
('2017-08-15 14:20:25', 'djsapsan: i thing spherebots is broken')
Adding to the chat table...
('2017-08-15 14:20:30', 'djsapsan: think*')
Adding to the chat table...
('2017-08-15 14:20:47', 'djsapsan: !cy')
Adding to the chat table...
('2017-08-15 14:21:11', 'djsapsan: !py')
Adding to the chat table...
('2017-08-15 14:21:40', 'zmahoor: there is a pendulum inside the spherebot')
Adding to the chat table...
('2017-08-15 14:21:51', 'djsapsan: !rn')
Adding to the chat table...
('2017-08-15 14:21:58', 'zmahoor: the pendulum is moving and causing the sphere to move')
Adding to the chat table...
('2017-08-15 14:22:23', 'djsapsan: yea but ... for me its weird look')
Adding to the chat table...
('recieved ping...', ' sending pong...')
('2017-08-15 14:22:45', 'zmahoor: i see...')
Adding to the chat table...
('recieved ping...', ' sending pong...')
('recieved ping...', ' sending pong...')
('2017-08-15 14:35:18', 'djsapsan: !bl')
Adding to the chat table...
('2017-08-15 14:35:19', 'djsapsan: !bn')
Adding to the chat table...
('2017-08-15 14:35:36', 'djsapsan: !ol')
Adding to the chat table...
('2017-08-15 14:35:37', 'djsapsan: !on')
Adding to the chat table...
('2017-08-15 14:36:05', 'djsapsan: !sd')
Adding to the chat table...
('2017-08-15 14:36:08', 'djsapsan: !sn')
Adding to the chat table...
('2017-08-15 14:36:29', 'zmahoor: do you have any feedback for us?')
Adding to the chat table...
('recieved ping...', ' sending pong...')
('recieved ping...', ' sending pong...')
('recieved ping...', ' sending pong...')
('recieved ping...', ' sending pong...')
('recieved ping...', ' sending pong...')
('recieved ping...', ' sending pong...')
('recieved ping...', ' sending pong...')
('recieved ping...', ' sending pong...')
('recieved ping...', ' sending pong...')
('recieved ping...', ' sending pong...')
('recieved ping...', ' sending pong...')
('2017-08-15 15:23:55', 'djsapsan: !bd')
Adding to the chat table...
('recieved ping...', ' sending pong...')
('2017-08-15 15:24:58', 'djsapsan: !cd')
Adding to the chat table...
('2017-08-15 15:24:59', 'djsapsan: !cy')
Adding to the chat table...
('recieved ping...', ' sending pong...')
('recieved ping...', ' sending pong...')
('2017-08-15 15:34:56', 'zmahoor: ?')
Adding to the chat table...
('2017-08-15 15:34:56', 'tpr_bot2: @zmahoor twitch plays robotics is a community-driven project to teach robots language. to learn more about any aspect of the project, type ?robots, ?silverrobots ?reinforcement, ?votes, ?scores, ?myscore, or ?commandscores. more details at https://tpr-uvm.github.io.')
('recieved ping...', ' sending pong...')
('recieved ping...', ' sending pong...')
('recieved ping...', ' sending pong...')
('recieved ping...', ' sending pong...')
('recieved ping...', ' sending pong...')
('recieved ping...', ' sending pong...')
('recieved ping...', ' sending pong...')
('recieved ping...', ' sending pong...')
('recieved ping...', ' sending pong...')
('recieved ping...', ' sending pong...')
('recieved ping...', ' sending pong...')
('recieved ping...', ' sending pong...')
('2017-08-15 16:31:25', 'zmahoor: ?')
Adding to the chat table...
('2017-08-15 16:31:25', 'tpr_bot2: @zmahoor twitch plays robotics is a community-driven project to teach robots language. to learn more about any aspect of the project, type ?robots, ?silverrobots ?reinforcement, ?votes, ?scores, ?myscore, or ?commandscores. more details at https://tpr-uvm.github.io.')
('recieved ping...', ' sending pong...')
('recieved ping...', ' sending pong...')
('recieved ping...', ' sending pong...')
('recieved ping...', ' sending pong...')
('recieved ping...', ' sending pong...')
('recieved ping...', ' sending pong...')
('recieved ping...', ' sending pong...')
('recieved ping...', ' sending pong...')
('recieved ping...', ' sending pong...')
('recieved ping...', ' sending pong...')
('recieved ping...', ' sending pong...')
('recieved ping...', ' sending pong...')
('recieved ping...', ' sending pong...')
Traceback (most recent call last):
  File "chatBot.py", line 20, in <module>
    newMessages = t.recieve_messages(amount = 1024)
  File "/Users/twitchplaysrobotics/TPR-1.0/bots/twitch.py", line 123, in recieve_messages
    data = self.sock.recv(amount)
KeyboardInterrupt
