Database version : {u'VERSION()': '5.7.18'} 
Connecting to twitch.tv
Connected to twitch
Sending our details to twitch...
:tmi.twitch.tv 001 tpr_bot2 :Welcome, GLHF!
:tmi.twitch.tv 002 tpr_bot2 :Your host is tmi.twitch.tv
:tmi.twitch.tv 003 tpr_bot2 :This server is rather new
:tmi.twitch.tv 004 tpr_bot2 :-
:tmi.twitch.tv 375 tpr_bot2 :-
:tmi.twitch.tv 372 tpr_bot2 :You are in a maze of twisty passages, all alike.
:tmi.twitch.tv 376 tpr_bot2 :>
:tpr_bot2!tpr_bot2@tpr_bot2.tmi.twitch.tv JOIN #twitchplaysrobotics
:tpr_bot2.tmi.twitch.tv 353 tpr_bot2 = #twitchplaysrobotics :tpr_bot2
:tpr_bot2.tmi.twitch.tv 366 tpr_bot2 #twitchplaysrobotics :End of /NAMES list
Joined twitchplaysrobotics channel..
Sent: PRIVMSG #twitchplaysrobotics :Joined chat...
('2017-08-14 09:14:27', 'PONG SENT!')
('2017-08-14 09:19:27', 'PONG SENT!')
('2017-08-14 09:24:27', 'PONG SENT!')
('2017-08-14 09:29:27', 'PONG SENT!')
('2017-08-14 09:34:27', 'PONG SENT!')
('2017-08-14 09:39:27', 'PONG SENT!')
('2017-08-14 09:44:27', 'PONG SENT!')
('2017-08-14 09:49:27', 'PONG SENT!')
('2017-08-14 09:54:27', 'PONG SENT!')
('2017-08-14 09:59:27', 'PONG SENT!')
2017-08-14 10:04:23 {u'userName': 'zmahoor', u'timeArrival': datetime.datetime(2017, 8, 14, 10, 4, 23), u'txt': '?', u'helpID': 951, u'processed': 0}
Sent: PRIVMSG #twitchplaysrobotics :@zmahoor Twitch Plays Robotics is a community-driven project to teach robots language. To learn more about any aspect of the project, type ?robots, ?silverRobots ?reinforcement,  ?votes, ?scores, ?myscore, or ?commandScores. More details at https://tpr-uvm.github.io.
('Num of bytes sent out:', 299)
('2017-08-14 10:04:27', 'PONG SENT!')
('2017-08-14 10:09:27', 'PONG SENT!')
('2017-08-14 10:14:27', 'PONG SENT!')
('2017-08-14 10:19:27', 'PONG SENT!')
('2017-08-14 10:24:27', 'PONG SENT!')
('2017-08-14 10:29:27', 'PONG SENT!')
('2017-08-14 10:34:27', 'PONG SENT!')
('2017-08-14 10:39:27', 'PONG SENT!')
('2017-08-14 10:44:27', 'PONG SENT!')
('2017-08-14 10:49:27', 'PONG SENT!')
('2017-08-14 10:54:27', 'PONG SENT!')
('2017-08-14 10:59:27', 'PONG SENT!')
('2017-08-14 11:04:27', 'PONG SENT!')
('2017-08-14 11:09:27', 'PONG SENT!')
('2017-08-14 11:14:27', 'PONG SENT!')
('2017-08-14 11:19:27', 'PONG SENT!')
('2017-08-14 11:24:27', 'PONG SENT!')
('2017-08-14 11:29:27', 'PONG SENT!')
('2017-08-14 11:34:27', 'PONG SENT!')
('2017-08-14 11:39:27', 'PONG SENT!')
('2017-08-14 11:44:27', 'PONG SENT!')
('2017-08-14 11:49:27', 'PONG SENT!')
('2017-08-14 11:54:27', 'PONG SENT!')
('2017-08-14 11:59:27', 'PONG SENT!')
('2017-08-14 12:04:27', 'PONG SENT!')
('2017-08-14 12:09:27', 'PONG SENT!')
('2017-08-14 12:14:27', 'PONG SENT!')
('2017-08-14 12:19:27', 'PONG SENT!')
('2017-08-14 12:24:27', 'PONG SENT!')
('2017-08-14 12:29:27', 'PONG SENT!')
('2017-08-14 12:34:27', 'PONG SENT!')
('2017-08-14 12:39:27', 'PONG SENT!')
('2017-08-14 12:44:27', 'PONG SENT!')
('2017-08-14 12:49:27', 'PONG SENT!')
('2017-08-14 12:54:27', 'PONG SENT!')
('2017-08-14 12:59:27', 'PONG SENT!')
('2017-08-14 13:04:27', 'PONG SENT!')
('2017-08-14 13:09:27', 'PONG SENT!')
('2017-08-14 13:14:27', 'PONG SENT!')
('2017-08-14 13:19:27', 'PONG SENT!')
('2017-08-14 13:24:27', 'PONG SENT!')
('2017-08-14 13:29:27', 'PONG SENT!')
('2017-08-14 13:34:27', 'PONG SENT!')
('2017-08-14 13:39:27', 'PONG SENT!')
('2017-08-14 13:44:27', 'PONG SENT!')
('2017-08-14 13:49:27', 'PONG SENT!')
('2017-08-14 13:54:27', 'PONG SENT!')
('2017-08-14 13:59:27', 'PONG SENT!')
('2017-08-14 14:04:27', 'PONG SENT!')
('2017-08-14 14:09:27', 'PONG SENT!')
('2017-08-14 14:14:27', 'PONG SENT!')
('2017-08-14 14:19:27', 'PONG SENT!')
('2017-08-14 14:24:27', 'PONG SENT!')
('2017-08-14 14:29:27', 'PONG SENT!')
('2017-08-14 14:34:27', 'PONG SENT!')
('2017-08-14 14:39:27', 'PONG SENT!')
('2017-08-14 14:44:27', 'PONG SENT!')
('2017-08-14 14:49:27', 'PONG SENT!')
('2017-08-14 14:54:27', 'PONG SENT!')
('2017-08-14 14:59:27', 'PONG SENT!')
('2017-08-14 15:04:27', 'PONG SENT!')
('2017-08-14 15:09:27', 'PONG SENT!')
('2017-08-14 15:14:27', 'PONG SENT!')
('2017-08-14 15:19:27', 'PONG SENT!')
('2017-08-14 15:24:27', 'PONG SENT!')
2017-08-14 15:25:43 {u'userName': 'doctorjoshuvm', u'timeArrival': datetime.datetime(2017, 8, 14, 15, 25, 43), u'txt': '?', u'helpID': 952, u'processed': 0}
Sent: PRIVMSG #twitchplaysrobotics :@doctorjoshuvm Twitch Plays Robotics is a community-driven project to teach robots language. To learn more about any aspect of the project, type ?robots, ?silverRobots ?reinforcement,  ?votes, ?scores, ?myscore, or ?commandScores. More details at https://tpr-uvm.github.io.
('Num of bytes sent out:', 305)
('2017-08-14 15:29:28', 'PONG SENT!')
('2017-08-14 15:34:28', 'PONG SENT!')
('2017-08-14 15:39:28', 'PONG SENT!')
('2017-08-14 15:44:28', 'PONG SENT!')
('2017-08-14 15:49:28', 'PONG SENT!')
('2017-08-14 15:54:28', 'PONG SENT!')
('2017-08-14 15:59:28', 'PONG SENT!')
('2017-08-14 16:04:28', 'PONG SENT!')
('2017-08-14 16:09:28', 'PONG SENT!')
('2017-08-14 16:14:28', 'PONG SENT!')
2017-08-14 16:16:09 {u'userName': 'zmahoor', u'timeArrival': datetime.datetime(2017, 8, 14, 16, 16, 9), u'txt': '?', u'helpID': 953, u'processed': 0}
Sent: PRIVMSG #twitchplaysrobotics :@zmahoor Twitch Plays Robotics is a community-driven project to teach robots language. To learn more about any aspect of the project, type ?robots, ?silverRobots ?reinforcement,  ?votes, ?scores, ?myscore, or ?commandScores. More details at https://tpr-uvm.github.io.
('Num of bytes sent out:', 299)
('2017-08-14 16:19:28', 'PONG SENT!')
('2017-08-14 16:24:28', 'PONG SENT!')
2017-08-14 16:27:03 {u'userName': 'zmahoor', u'timeArrival': datetime.datetime(2017, 8, 14, 16, 27, 3), u'txt': '?', u'helpID': 954, u'processed': 0}
Sent: PRIVMSG #twitchplaysrobotics :@zmahoor Twitch Plays Robotics is a community-driven project to teach robots language. To learn more about any aspect of the project, type ?robots, ?silverRobots ?reinforcement,  ?votes, ?scores, ?myscore, or ?commandScores. More details at https://tpr-uvm.github.io.
('Num of bytes sent out:', 299)
('2017-08-14 16:29:28', 'PONG SENT!')
('2017-08-14 16:34:28', 'PONG SENT!')
('2017-08-14 16:39:28', 'PONG SENT!')
('2017-08-14 16:44:28', 'PONG SENT!')
('2017-08-14 16:49:28', 'PONG SENT!')
('2017-08-14 16:54:28', 'PONG SENT!')
('2017-08-14 16:59:28', 'PONG SENT!')
('2017-08-14 17:04:28', 'PONG SENT!')
('2017-08-14 17:09:28', 'PONG SENT!')
('2017-08-14 17:14:28', 'PONG SENT!')
('2017-08-14 17:19:28', 'PONG SENT!')
('2017-08-14 17:24:28', 'PONG SENT!')
('2017-08-14 17:29:28', 'PONG SENT!')
('2017-08-14 17:34:28', 'PONG SENT!')
('2017-08-14 17:39:28', 'PONG SENT!')
('2017-08-14 17:44:28', 'PONG SENT!')
('2017-08-14 17:49:28', 'PONG SENT!')
('2017-08-14 17:54:28', 'PONG SENT!')
2017-08-14 17:54:58 {u'userName': 'cracker3001', u'timeArrival': datetime.datetime(2017, 8, 14, 17, 54, 58), u'txt': 'first_time_contribution', u'helpID': 955, u'processed': 0}
Sent: PRIVMSG #twitchplaysrobotics :@cracker3001 Congratulations! You just earned your first point.
('Num of bytes sent out: ', 95)
('2017-08-14 17:59:28', 'PONG SENT!')
('2017-08-14 18:04:28', 'PONG SENT!')
('2017-08-14 18:09:28', 'PONG SENT!')
('2017-08-14 18:14:28', 'PONG SENT!')
('2017-08-14 18:19:28', 'PONG SENT!')
('2017-08-14 18:24:28', 'PONG SENT!')
('2017-08-14 18:29:28', 'PONG SENT!')
('2017-08-14 18:34:28', 'PONG SENT!')
('2017-08-14 18:39:28', 'PONG SENT!')
('2017-08-14 18:44:28', 'PONG SENT!')
('2017-08-14 18:49:28', 'PONG SENT!')
('2017-08-14 18:54:28', 'PONG SENT!')
('2017-08-14 18:59:28', 'PONG SENT!')
('2017-08-14 19:04:28', 'PONG SENT!')
('2017-08-14 19:09:28', 'PONG SENT!')
('2017-08-14 19:14:28', 'PONG SENT!')
('2017-08-14 19:19:28', 'PONG SENT!')
('2017-08-14 19:24:28', 'PONG SENT!')
('2017-08-14 19:29:28', 'PONG SENT!')
('2017-08-14 19:34:28', 'PONG SENT!')
('2017-08-14 19:39:28', 'PONG SENT!')
('2017-08-14 19:44:28', 'PONG SENT!')
('2017-08-14 19:49:28', 'PONG SENT!')
('2017-08-14 19:54:28', 'PONG SENT!')
('2017-08-14 19:59:28', 'PONG SENT!')
('2017-08-14 20:04:28', 'PONG SENT!')
('2017-08-14 20:09:28', 'PONG SENT!')
('2017-08-14 20:14:28', 'PONG SENT!')
('2017-08-14 20:19:28', 'PONG SENT!')
('2017-08-14 20:24:28', 'PONG SENT!')
('2017-08-14 20:29:28', 'PONG SENT!')
('2017-08-14 20:34:28', 'PONG SENT!')
('2017-08-14 20:39:28', 'PONG SENT!')
('2017-08-14 20:44:28', 'PONG SENT!')
('2017-08-14 20:49:28', 'PONG SENT!')
('2017-08-14 20:54:28', 'PONG SENT!')
('2017-08-14 20:59:28', 'PONG SENT!')
('2017-08-14 21:04:28', 'PONG SENT!')
('2017-08-14 21:09:28', 'PONG SENT!')
('2017-08-14 21:14:28', 'PONG SENT!')
('2017-08-14 21:19:28', 'PONG SENT!')
2017-08-14 21:20:35 {u'userName': 'joelbanana', u'timeArrival': datetime.datetime(2017, 8, 14, 21, 20, 35), u'txt': 'first_time_contribution', u'helpID': 956, u'processed': 0}
Sent: PRIVMSG #twitchplaysrobotics :@joelbanana Congratulations! You just earned your first point.
('Num of bytes sent out: ', 94)
('2017-08-14 21:24:28', 'PONG SENT!')
('2017-08-14 21:29:28', 'PONG SENT!')
('2017-08-14 21:34:28', 'PONG SENT!')
('2017-08-14 21:39:28', 'PONG SENT!')
2017-08-14 21:40:12 {u'userName': 'doctorjoshuvm', u'timeArrival': datetime.datetime(2017, 8, 14, 21, 40, 12), u'txt': '?', u'helpID': 957, u'processed': 0}
Sent: PRIVMSG #twitchplaysrobotics :@doctorjoshuvm Twitch Plays Robotics is a community-driven project to teach robots language. To learn more about any aspect of the project, type ?robots, ?silverRobots ?reinforcement,  ?votes, ?scores, ?myscore, or ?commandScores. More details at https://tpr-uvm.github.io.
('Num of bytes sent out:', 305)
('2017-08-14 21:44:28', 'PONG SENT!')
('2017-08-14 21:49:28', 'PONG SENT!')
('2017-08-14 21:54:28', 'PONG SENT!')
('2017-08-14 21:59:28', 'PONG SENT!')
('2017-08-14 22:04:28', 'PONG SENT!')
('2017-08-14 22:09:28', 'PONG SENT!')
('2017-08-14 22:14:28', 'PONG SENT!')
('2017-08-14 22:19:28', 'PONG SENT!')
('2017-08-14 22:24:28', 'PONG SENT!')
('2017-08-14 22:29:28', 'PONG SENT!')
('2017-08-14 22:34:28', 'PONG SENT!')
('2017-08-14 22:39:28', 'PONG SENT!')
('2017-08-14 22:44:28', 'PONG SENT!')
('2017-08-14 22:49:28', 'PONG SENT!')
('2017-08-14 22:54:28', 'PONG SENT!')
('2017-08-14 22:59:28', 'PONG SENT!')
('2017-08-14 23:04:28', 'PONG SENT!')
('2017-08-14 23:09:28', 'PONG SENT!')
('2017-08-14 23:14:28', 'PONG SENT!')
('2017-08-14 23:19:28', 'PONG SENT!')
('2017-08-14 23:24:28', 'PONG SENT!')
('2017-08-14 23:29:28', 'PONG SENT!')
('2017-08-14 23:34:28', 'PONG SENT!')
('2017-08-14 23:39:28', 'PONG SENT!')
2017-08-14 23:41:57 {u'userName': 'rockinbacon', u'timeArrival': datetime.datetime(2017, 8, 14, 23, 41, 57), u'txt': 'first_time_contribution', u'helpID': 958, u'processed': 0}
Sent: PRIVMSG #twitchplaysrobotics :@rockinbacon Congratulations! You just earned your first point.
('Num of bytes sent out: ', 95)
('2017-08-14 23:44:28', 'PONG SENT!')
('2017-08-14 23:49:28', 'PONG SENT!')
('2017-08-14 23:54:28', 'PONG SENT!')
('2017-08-14 23:59:28', 'PONG SENT!')
('2017-08-15 00:04:28', 'PONG SENT!')
('2017-08-15 00:09:28', 'PONG SENT!')
('2017-08-15 00:14:28', 'PONG SENT!')
('2017-08-15 00:19:28', 'PONG SENT!')
2017-08-15 00:24:04 {u'userName': 'ivanvarela', u'timeArrival': datetime.datetime(2017, 8, 15, 0, 24, 4), u'txt': 'first_time_contribution', u'helpID': 959, u'processed': 0}
Sent: PRIVMSG #twitchplaysrobotics :@ivanvarela Congratulations! You just earned your first point.
('Num of bytes sent out: ', 94)
('2017-08-15 00:24:28', 'PONG SENT!')
('2017-08-15 00:29:28', 'PONG SENT!')
2017-08-15 00:30:26 {u'userName': 'cyb3rhack3r', u'timeArrival': datetime.datetime(2017, 8, 15, 0, 30, 26), u'txt': '?', u'helpID': 960, u'processed': 0}
Sent: PRIVMSG #twitchplaysrobotics :@cyb3rhack3r Twitch Plays Robotics is a community-driven project to teach robots language. To learn more about any aspect of the project, type ?robots, ?silverRobots ?reinforcement,  ?votes, ?scores, ?myscore, or ?commandScores. More details at https://tpr-uvm.github.io.
('Num of bytes sent out:', 303)
2017-08-15 00:30:40 {u'userName': 'cyb3rhack3r', u'timeArrival': datetime.datetime(2017, 8, 15, 0, 30, 40), u'txt': 'first_time_contribution', u'helpID': 961, u'processed': 0}
Sent: PRIVMSG #twitchplaysrobotics :@cyb3rhack3r Congratulations! You just earned your first point.
('Num of bytes sent out: ', 95)
('2017-08-15 00:34:28', 'PONG SENT!')
2017-08-15 00:38:19 {u'userName': 'cyb3rhack3r', u'timeArrival': datetime.datetime(2017, 8, 15, 0, 38, 19), u'txt': '?silverrobots', u'helpID': 962, u'processed': 0}
Sent: PRIVMSG #twitchplaysrobotics :@cyb3rhack3r Every silver robot is a new unseen robot that is added to the population of robots every hour.
('Num of bytes sent out: ', 139)
2017-08-15 00:38:56 {u'userName': 'cyb3rhack3r', u'timeArrival': datetime.datetime(2017, 8, 15, 0, 38, 56), u'txt': '?reinforcement', u'helpID': 963, u'processed': 0}
Sent: PRIVMSG #twitchplaysrobotics :@cyb3rhack3r Robots collect [y]es's, [n]o's, [l]ikes and [d]islikes. Robots that are disobedient (y<n) and unpopular (l<d) are periodically killed,  and are replaced with randomly-modified copies of more obedient (y>n)   and popular (l>d) survivors. Thus, the robots evolve, based on your guidance,    to become more obedient and popular.
('Num of bytes sent out: ', 370)
('2017-08-15 00:39:28', 'PONG SENT!')
('2017-08-15 00:44:28', 'PONG SENT!')
('2017-08-15 00:49:28', 'PONG SENT!')
('2017-08-15 00:54:28', 'PONG SENT!')
('2017-08-15 00:59:28', 'PONG SENT!')
('2017-08-15 01:04:28', 'PONG SENT!')
('2017-08-15 01:09:28', 'PONG SENT!')
('2017-08-15 01:14:28', 'PONG SENT!')
('2017-08-15 01:19:28', 'PONG SENT!')
('2017-08-15 01:24:28', 'PONG SENT!')
('2017-08-15 01:29:28', 'PONG SENT!')
('2017-08-15 01:34:28', 'PONG SENT!')
('2017-08-15 01:39:28', 'PONG SENT!')
('2017-08-15 01:44:28', 'PONG SENT!')
('2017-08-15 01:49:28', 'PONG SENT!')
('2017-08-15 01:54:28', 'PONG SENT!')
('2017-08-15 01:59:28', 'PONG SENT!')
('2017-08-15 02:04:28', 'PONG SENT!')
('2017-08-15 02:09:28', 'PONG SENT!')
('2017-08-15 02:14:28', 'PONG SENT!')
('2017-08-15 02:19:28', 'PONG SENT!')
('2017-08-15 02:24:28', 'PONG SENT!')
('2017-08-15 02:29:28', 'PONG SENT!')
('2017-08-15 02:34:28', 'PONG SENT!')
('2017-08-15 02:39:28', 'PONG SENT!')
('2017-08-15 02:44:28', 'PONG SENT!')
('2017-08-15 02:49:28', 'PONG SENT!')
('2017-08-15 02:54:28', 'PONG SENT!')
('2017-08-15 02:59:28', 'PONG SENT!')
('2017-08-15 03:04:28', 'PONG SENT!')
('2017-08-15 03:09:28', 'PONG SENT!')
('2017-08-15 03:14:28', 'PONG SENT!')
('2017-08-15 03:19:28', 'PONG SENT!')
2017-08-15 03:19:51 {u'userName': 'adorablewhale', u'timeArrival': datetime.datetime(2017, 8, 15, 3, 19, 51), u'txt': 'first_time_contribution', u'helpID': 964, u'processed': 0}
Sent: PRIVMSG #twitchplaysrobotics :@adorablewhale Congratulations! You just earned your first point.
('Num of bytes sent out: ', 97)
2017-08-15 03:21:10 {u'userName': 'squishyjh', u'timeArrival': datetime.datetime(2017, 8, 15, 3, 21, 10), u'txt': 'first_time_contribution', u'helpID': 965, u'processed': 0}
Sent: PRIVMSG #twitchplaysrobotics :@squishyjh Congratulations! You just earned your first point.
('Num of bytes sent out: ', 93)
('2017-08-15 03:24:28', 'PONG SENT!')
('2017-08-15 03:29:28', 'PONG SENT!')
('2017-08-15 03:34:28', 'PONG SENT!')
('2017-08-15 03:39:28', 'PONG SENT!')
('2017-08-15 03:44:28', 'PONG SENT!')
('2017-08-15 03:49:28', 'PONG SENT!')
('2017-08-15 03:54:28', 'PONG SENT!')
('2017-08-15 03:59:28', 'PONG SENT!')
('2017-08-15 04:04:28', 'PONG SENT!')
('2017-08-15 04:09:28', 'PONG SENT!')
('2017-08-15 04:14:28', 'PONG SENT!')
('2017-08-15 04:19:28', 'PONG SENT!')
('2017-08-15 04:24:28', 'PONG SENT!')
('2017-08-15 04:29:28', 'PONG SENT!')
('2017-08-15 04:34:28', 'PONG SENT!')
('2017-08-15 04:39:28', 'PONG SENT!')
('2017-08-15 04:44:28', 'PONG SENT!')
('2017-08-15 04:49:28', 'PONG SENT!')
('2017-08-15 04:54:28', 'PONG SENT!')
('2017-08-15 04:59:28', 'PONG SENT!')
('2017-08-15 05:04:28', 'PONG SENT!')
('2017-08-15 05:09:28', 'PONG SENT!')
('2017-08-15 05:14:28', 'PONG SENT!')
('2017-08-15 05:19:28', 'PONG SENT!')
('2017-08-15 05:24:28', 'PONG SENT!')
('2017-08-15 05:29:28', 'PONG SENT!')
('2017-08-15 05:34:28', 'PONG SENT!')
('2017-08-15 05:39:28', 'PONG SENT!')
('2017-08-15 05:44:28', 'PONG SENT!')
('2017-08-15 05:49:28', 'PONG SENT!')
2017-08-15 05:52:16 {u'userName': 'kidkun3', u'timeArrival': datetime.datetime(2017, 8, 15, 5, 52, 16), u'txt': 'first_time_contribution', u'helpID': 966, u'processed': 0}
Sent: PRIVMSG #twitchplaysrobotics :@kidkun3 Congratulations! You just earned your first point.
('Num of bytes sent out: ', 91)
('2017-08-15 05:54:28', 'PONG SENT!')
('2017-08-15 05:59:28', 'PONG SENT!')
('2017-08-15 06:04:28', 'PONG SENT!')
('2017-08-15 06:09:28', 'PONG SENT!')
('2017-08-15 06:14:28', 'PONG SENT!')
('2017-08-15 06:19:28', 'PONG SENT!')
('2017-08-15 06:24:28', 'PONG SENT!')
('2017-08-15 06:29:28', 'PONG SENT!')
('2017-08-15 06:34:28', 'PONG SENT!')
('2017-08-15 06:39:28', 'PONG SENT!')
('2017-08-15 06:44:28', 'PONG SENT!')
('2017-08-15 06:49:28', 'PONG SENT!')
2017-08-15 06:53:12 {u'userName': 'juliuzns', u'timeArrival': datetime.datetime(2017, 8, 15, 6, 53, 12), u'txt': '?', u'helpID': 967, u'processed': 0}
Sent: PRIVMSG #twitchplaysrobotics :@juliuzns Twitch Plays Robotics is a community-driven project to teach robots language. To learn more about any aspect of the project, type ?robots, ?silverRobots ?reinforcement,  ?votes, ?scores, ?myscore, or ?commandScores. More details at https://tpr-uvm.github.io.
('Num of bytes sent out:', 300)
2017-08-15 06:54:05 {u'userName': 'juliuzns', u'timeArrival': datetime.datetime(2017, 8, 15, 6, 54, 5), u'txt': 'first_time_contribution', u'helpID': 968, u'processed': 0}
Sent: PRIVMSG #twitchplaysrobotics :@juliuzns Congratulations! You just earned your first point.
('Num of bytes sent out: ', 92)
('2017-08-15 06:54:28', 'PONG SENT!')
2017-08-15 06:56:36 {u'userName': 'juliuzns', u'timeArrival': datetime.datetime(2017, 8, 15, 6, 56, 36), u'txt': '?scores', u'helpID': 969, u'processed': 0}
Sent: PRIVMSG #twitchplaysrobotics :@juliuzns You get one point every time you reinforce a robot with y, n, l, or d, and each time you vote for a command. To see your score, type ?myscore
('Num of bytes sent out: ', 183)
('2017-08-15 06:59:28', 'PONG SENT!')
('2017-08-15 07:04:28', 'PONG SENT!')
('2017-08-15 07:09:28', 'PONG SENT!')
('2017-08-15 07:14:28', 'PONG SENT!')
('2017-08-15 07:19:28', 'PONG SENT!')
('2017-08-15 07:24:28', 'PONG SENT!')
2017-08-15 07:25:58 {u'userName': 'xancor1', u'timeArrival': datetime.datetime(2017, 8, 15, 7, 25, 58), u'txt': 'first_time_contribution', u'helpID': 970, u'processed': 0}
Sent: PRIVMSG #twitchplaysrobotics :@xancor1 Congratulations! You just earned your first point.
('Num of bytes sent out: ', 91)
('2017-08-15 07:29:28', 'PONG SENT!')
('2017-08-15 07:34:28', 'PONG SENT!')
('2017-08-15 07:39:28', 'PONG SENT!')
('2017-08-15 07:44:28', 'PONG SENT!')
('2017-08-15 07:49:28', 'PONG SENT!')
('2017-08-15 07:54:28', 'PONG SENT!')
('2017-08-15 07:59:28', 'PONG SENT!')
('2017-08-15 08:04:28', 'PONG SENT!')
('2017-08-15 08:09:28', 'PONG SENT!')
('2017-08-15 08:14:28', 'PONG SENT!')
('2017-08-15 08:19:28', 'PONG SENT!')
('2017-08-15 08:24:28', 'PONG SENT!')
('2017-08-15 08:29:28', 'PONG SENT!')
('2017-08-15 08:34:28', 'PONG SENT!')
('2017-08-15 08:39:28', 'PONG SENT!')
('2017-08-15 08:44:28', 'PONG SENT!')
('2017-08-15 08:49:28', 'PONG SENT!')
('2017-08-15 08:54:28', 'PONG SENT!')
('2017-08-15 08:59:28', 'PONG SENT!')
2017-08-15 09:00:10 {u'userName': 'doctorjoshuvm', u'timeArrival': datetime.datetime(2017, 8, 15, 9, 0, 10), u'txt': '?', u'helpID': 971, u'processed': 0}
Sent: PRIVMSG #twitchplaysrobotics :@doctorjoshuvm Twitch Plays Robotics is a community-driven project to teach robots language. To learn more about any aspect of the project, type ?robots, ?silverRobots ?reinforcement,  ?votes, ?scores, ?myscore, or ?commandScores. More details at https://tpr-uvm.github.io.
('Num of bytes sent out:', 305)
('2017-08-15 09:04:28', 'PONG SENT!')
('2017-08-15 09:09:28', 'PONG SENT!')
('2017-08-15 09:14:28', 'PONG SENT!')
('2017-08-15 09:19:28', 'PONG SENT!')
('2017-08-15 09:24:28', 'PONG SENT!')
('2017-08-15 09:29:28', 'PONG SENT!')
('2017-08-15 09:34:28', 'PONG SENT!')
('2017-08-15 09:39:28', 'PONG SENT!')
('2017-08-15 09:44:28', 'PONG SENT!')
('2017-08-15 09:49:28', 'PONG SENT!')
('2017-08-15 09:54:28', 'PONG SENT!')
('2017-08-15 09:59:28', 'PONG SENT!')
('2017-08-15 10:04:28', 'PONG SENT!')
('2017-08-15 10:09:28', 'PONG SENT!')
2017-08-15 10:12:19 {u'userName': 'zmahoor', u'timeArrival': datetime.datetime(2017, 8, 15, 10, 12, 19), u'txt': '?', u'helpID': 972, u'processed': 0}
Sent: PRIVMSG #twitchplaysrobotics :@zmahoor Twitch Plays Robotics is a community-driven project to teach robots language. To learn more about any aspect of the project, type ?robots, ?silverRobots ?reinforcement,  ?votes, ?scores, ?myscore, or ?commandScores. More details at https://tpr-uvm.github.io.
('Num of bytes sent out:', 299)
('2017-08-15 10:14:28', 'PONG SENT!')
('2017-08-15 10:19:28', 'PONG SENT!')
('2017-08-15 10:24:28', 'PONG SENT!')
('2017-08-15 10:29:28', 'PONG SENT!')
('2017-08-15 10:34:28', 'PONG SENT!')
('2017-08-15 10:39:28', 'PONG SENT!')
('2017-08-15 10:44:28', 'PONG SENT!')
('2017-08-15 10:49:28', 'PONG SENT!')
('2017-08-15 10:54:28', 'PONG SENT!')
('2017-08-15 10:59:28', 'PONG SENT!')
('2017-08-15 11:04:28', 'PONG SENT!')
('2017-08-15 11:09:28', 'PONG SENT!')
2017-08-15 11:11:41 {u'userName': 'nickpwned', u'timeArrival': datetime.datetime(2017, 8, 15, 11, 11, 41), u'txt': 'first_time_contribution', u'helpID': 973, u'processed': 0}
Sent: PRIVMSG #twitchplaysrobotics :@nickpwned Congratulations! You just earned your first point.
('Num of bytes sent out: ', 93)
('2017-08-15 11:14:28', 'PONG SENT!')
('2017-08-15 11:19:28', 'PONG SENT!')
('2017-08-15 11:24:28', 'PONG SENT!')
2017-08-15 11:25:18 {u'userName': 'nickpwned', u'timeArrival': datetime.datetime(2017, 8, 15, 11, 25, 18), u'txt': '?votes', u'helpID': 974, u'processed': 0}
Sent: PRIVMSG #twitchplaysrobotics :@nickpwned Every three minutes, the command most voted on by the crowd is issued to the robot. There is no set list; you can type in anything you like.  You can vote for a command by typing !command. Don't forget the exclamation mark!
('Num of bytes sent out: ', 266)
('2017-08-15 11:29:28', 'PONG SENT!')
('2017-08-15 11:34:28', 'PONG SENT!')
('2017-08-15 11:39:28', 'PONG SENT!')
('2017-08-15 11:44:28', 'PONG SENT!')
('2017-08-15 11:49:28', 'PONG SENT!')
('2017-08-15 11:54:28', 'PONG SENT!')
('2017-08-15 11:59:28', 'PONG SENT!')
('2017-08-15 12:04:28', 'PONG SENT!')
('2017-08-15 12:09:28', 'PONG SENT!')
('2017-08-15 12:14:28', 'PONG SENT!')
('2017-08-15 12:19:28', 'PONG SENT!')
('2017-08-15 12:24:28', 'PONG SENT!')
('2017-08-15 12:29:28', 'PONG SENT!')
('2017-08-15 12:34:28', 'PONG SENT!')
('2017-08-15 12:39:28', 'PONG SENT!')
('2017-08-15 12:44:28', 'PONG SENT!')
('2017-08-15 12:49:28', 'PONG SENT!')
('2017-08-15 12:54:28', 'PONG SENT!')
('2017-08-15 12:59:28', 'PONG SENT!')
('2017-08-15 13:04:28', 'PONG SENT!')
2017-08-15 13:05:49 {u'userName': 'shokanshi', u'timeArrival': datetime.datetime(2017, 8, 15, 13, 5, 49), u'txt': 'first_time_contribution', u'helpID': 975, u'processed': 0}
Sent: PRIVMSG #twitchplaysrobotics :@shokanshi Congratulations! You just earned your first point.
('Num of bytes sent out: ', 93)
('2017-08-15 13:09:28', 'PONG SENT!')
('2017-08-15 13:14:28', 'PONG SENT!')
('2017-08-15 13:19:28', 'PONG SENT!')
('2017-08-15 13:24:28', 'PONG SENT!')
('2017-08-15 13:29:28', 'PONG SENT!')
('2017-08-15 13:34:28', 'PONG SENT!')
('2017-08-15 13:39:28', 'PONG SENT!')
('2017-08-15 13:44:28', 'PONG SENT!')
('2017-08-15 13:49:28', 'PONG SENT!')
('2017-08-15 13:54:28', 'PONG SENT!')
('2017-08-15 13:59:28', 'PONG SENT!')
2017-08-15 14:02:30 {u'userName': 'zmahoor', u'timeArrival': datetime.datetime(2017, 8, 15, 14, 2, 29), u'txt': '?', u'helpID': 976, u'processed': 0}
Sent: PRIVMSG #twitchplaysrobotics :@zmahoor Twitch Plays Robotics is a community-driven project to teach robots language. To learn more about any aspect of the project, type ?robots, ?silverRobots ?reinforcement,  ?votes, ?scores, ?myscore, or ?commandScores. More details at https://tpr-uvm.github.io.
('Num of bytes sent out:', 299)
('2017-08-15 14:04:28', 'PONG SENT!')
('2017-08-15 14:09:29', 'PONG SENT!')
('2017-08-15 14:14:29', 'PONG SENT!')
('2017-08-15 14:19:29', 'PONG SENT!')
('2017-08-15 14:24:29', 'PONG SENT!')
('2017-08-15 14:29:29', 'PONG SENT!')
('2017-08-15 14:34:29', 'PONG SENT!')
('2017-08-15 14:39:29', 'PONG SENT!')
('2017-08-15 14:44:29', 'PONG SENT!')
('2017-08-15 14:49:29', 'PONG SENT!')
('2017-08-15 14:54:29', 'PONG SENT!')
('2017-08-15 14:59:29', 'PONG SENT!')
('2017-08-15 15:04:29', 'PONG SENT!')
('2017-08-15 15:09:29', 'PONG SENT!')
('2017-08-15 15:14:29', 'PONG SENT!')
('2017-08-15 15:19:29', 'PONG SENT!')
('2017-08-15 15:24:29', 'PONG SENT!')
('2017-08-15 15:29:29', 'PONG SENT!')
('2017-08-15 15:34:29', 'PONG SENT!')
2017-08-15 15:34:56 {u'userName': 'zmahoor', u'timeArrival': datetime.datetime(2017, 8, 15, 15, 34, 56), u'txt': '?', u'helpID': 977, u'processed': 0}
Sent: PRIVMSG #twitchplaysrobotics :@zmahoor Twitch Plays Robotics is a community-driven project to teach robots language. To learn more about any aspect of the project, type ?robots, ?silverRobots ?reinforcement,  ?votes, ?scores, ?myscore, or ?commandScores. More details at https://tpr-uvm.github.io.
('Num of bytes sent out:', 299)
('2017-08-15 15:39:29', 'PONG SENT!')
('2017-08-15 15:44:29', 'PONG SENT!')
('2017-08-15 15:49:29', 'PONG SENT!')
('2017-08-15 15:54:29', 'PONG SENT!')
('2017-08-15 15:59:29', 'PONG SENT!')
('2017-08-15 16:04:29', 'PONG SENT!')
('2017-08-15 16:09:29', 'PONG SENT!')
('2017-08-15 16:14:29', 'PONG SENT!')
('2017-08-15 16:19:29', 'PONG SENT!')
('2017-08-15 16:24:29', 'PONG SENT!')
('2017-08-15 16:29:29', 'PONG SENT!')
2017-08-15 16:31:25 {u'userName': 'zmahoor', u'timeArrival': datetime.datetime(2017, 8, 15, 16, 31, 25), u'txt': '?', u'helpID': 978, u'processed': 0}
Sent: PRIVMSG #twitchplaysrobotics :@zmahoor Twitch Plays Robotics is a community-driven project to teach robots language. To learn more about any aspect of the project, type ?robots, ?silverRobots ?reinforcement,  ?votes, ?scores, ?myscore, or ?commandScores. More details at https://tpr-uvm.github.io.
('Num of bytes sent out:', 299)
('2017-08-15 16:34:29', 'PONG SENT!')
('2017-08-15 16:39:29', 'PONG SENT!')
('2017-08-15 16:44:29', 'PONG SENT!')
('2017-08-15 16:49:29', 'PONG SENT!')
('2017-08-15 16:54:29', 'PONG SENT!')
('2017-08-15 16:59:29', 'PONG SENT!')
('2017-08-15 17:04:29', 'PONG SENT!')
('2017-08-15 17:09:29', 'PONG SENT!')
('2017-08-15 17:14:29', 'PONG SENT!')
('2017-08-15 17:19:29', 'PONG SENT!')
('2017-08-15 17:24:29', 'PONG SENT!')
2017-08-15 17:27:31 {u'userName': 'zmahoor', u'timeArrival': datetime.datetime(2017, 8, 15, 17, 27, 31), u'txt': '?', u'helpID': 979, u'processed': 0}
Sent: PRIVMSG #twitchplaysrobotics :@zmahoor Twitch Plays Robotics is a community-driven project to teach robots language. To learn more about any aspect of the project, type ?robots, ?silverRobots ?reinforcement,  ?votes, ?scores, ?myscore, or ?commandScores. More details at https://tpr-uvm.github.io.
('Num of bytes sent out:', 299)
('2017-08-15 17:29:29', 'PONG SENT!')
('2017-08-15 17:34:29', 'PONG SENT!')
('2017-08-15 17:39:29', 'PONG SENT!')
('2017-08-15 17:44:29', 'PONG SENT!')
2017-08-15 17:45:00 {u'userName': 'comicscare1709', u'timeArrival': datetime.datetime(2017, 8, 15, 17, 45), u'txt': 'first_time_contribution', u'helpID': 980, u'processed': 0}
Sent: PRIVMSG #twitchplaysrobotics :@comicscare1709 Congratulations! You just earned your first point.
('Num of bytes sent out: ', 98)
2017-08-15 17:45:55 {u'userName': 'comicscare1709', u'timeArrival': datetime.datetime(2017, 8, 15, 17, 45, 55), u'txt': '?reinforcement', u'helpID': 981, u'processed': 0}
Sent: PRIVMSG #twitchplaysrobotics :@comicscare1709 Robots collect [y]es's, [n]o's, [l]ikes and [d]islikes. Robots that are disobedient (y<n) and unpopular (l<d) are periodically killed,  and are replaced with randomly-modified copies of more obedient (y>n)   and popular (l>d) survivors. Thus, the robots evolve, based on your guidance,    to become more obedient and popular.
('Num of bytes sent out: ', 373)
('2017-08-15 17:49:29', 'PONG SENT!')
2017-08-15 17:50:19 {u'userName': 'comicscare1709', u'timeArrival': datetime.datetime(2017, 8, 15, 17, 50, 19), u'txt': '?vote', u'helpID': 982, u'processed': 0}
Sent: PRIVMSG #twitchplaysrobotics :@comicscare1709 Twitch Plays Robotics is a community-driven project to teach robots language. To learn more about any aspect of the project, type ?robots, ?silverRobots ?reinforcement,  ?votes, ?scores, ?myscore, or ?commandScores. More details at https://tpr-uvm.github.io.
('Num of bytes sent out:', 306)
('2017-08-15 17:54:29', 'PONG SENT!')
('2017-08-15 17:59:29', 'PONG SENT!')
('2017-08-15 18:04:29', 'PONG SENT!')
('2017-08-15 18:09:29', 'PONG SENT!')
('2017-08-15 18:14:29', 'PONG SENT!')
2017-08-15 18:15:38 {u'userName': 'r4ptorzgaming', u'timeArrival': datetime.datetime(2017, 8, 15, 18, 15, 38), u'txt': 'first_time_contribution', u'helpID': 983, u'processed': 0}
Sent: PRIVMSG #twitchplaysrobotics :@r4ptorzgaming Congratulations! You just earned your first point.
('Num of bytes sent out: ', 97)
('2017-08-15 18:19:29', 'PONG SENT!')
('2017-08-15 18:24:29', 'PONG SENT!')
('2017-08-15 18:29:29', 'PONG SENT!')
('2017-08-15 18:34:29', 'PONG SENT!')
('2017-08-15 18:39:29', 'PONG SENT!')
('2017-08-15 18:44:29', 'PONG SENT!')
('2017-08-15 18:49:29', 'PONG SENT!')
('2017-08-15 18:54:29', 'PONG SENT!')
('2017-08-15 18:59:29', 'PONG SENT!')
('2017-08-15 19:04:29', 'PONG SENT!')
('2017-08-15 19:09:29', 'PONG SENT!')
('2017-08-15 19:14:29', 'PONG SENT!')
('2017-08-15 19:19:29', 'PONG SENT!')
('2017-08-15 19:24:29', 'PONG SENT!')
('2017-08-15 19:29:29', 'PONG SENT!')
('2017-08-15 19:34:29', 'PONG SENT!')
('2017-08-15 19:39:29', 'PONG SENT!')
('2017-08-15 19:44:29', 'PONG SENT!')
('2017-08-15 19:49:29', 'PONG SENT!')
('2017-08-15 19:54:29', 'PONG SENT!')
('2017-08-15 19:59:29', 'PONG SENT!')
('2017-08-15 20:04:29', 'PONG SENT!')
('2017-08-15 20:09:29', 'PONG SENT!')
('2017-08-15 20:14:29', 'PONG SENT!')
('2017-08-15 20:19:29', 'PONG SENT!')
('2017-08-15 20:24:29', 'PONG SENT!')
('2017-08-15 20:29:29', 'PONG SENT!')
('2017-08-15 20:34:29', 'PONG SENT!')
('2017-08-15 20:39:29', 'PONG SENT!')
('2017-08-15 20:44:29', 'PONG SENT!')
('2017-08-15 20:49:29', 'PONG SENT!')
('2017-08-15 20:54:29', 'PONG SENT!')
('2017-08-15 20:59:29', 'PONG SENT!')
('2017-08-15 21:04:29', 'PONG SENT!')
('2017-08-15 21:09:29', 'PONG SENT!')
('2017-08-15 21:14:29', 'PONG SENT!')
('2017-08-15 21:19:29', 'PONG SENT!')
('2017-08-15 21:24:29', 'PONG SENT!')
('2017-08-15 21:29:29', 'PONG SENT!')
('2017-08-15 21:34:29', 'PONG SENT!')
('2017-08-15 21:39:29', 'PONG SENT!')
('2017-08-15 21:44:29', 'PONG SENT!')
('2017-08-15 21:49:29', 'PONG SENT!')
('2017-08-15 21:54:29', 'PONG SENT!')
('2017-08-15 21:59:29', 'PONG SENT!')
('2017-08-15 22:04:29', 'PONG SENT!')
('2017-08-15 22:09:29', 'PONG SENT!')
('2017-08-15 22:14:29', 'PONG SENT!')
('2017-08-15 22:19:29', 'PONG SENT!')
('2017-08-15 22:24:29', 'PONG SENT!')
('2017-08-15 22:29:29', 'PONG SENT!')
('2017-08-15 22:34:29', 'PONG SENT!')
('2017-08-15 22:39:29', 'PONG SENT!')
('2017-08-15 22:44:29', 'PONG SENT!')
('2017-08-15 22:49:29', 'PONG SENT!')
('2017-08-15 22:54:29', 'PONG SENT!')
('2017-08-15 22:59:29', 'PONG SENT!')
('2017-08-15 23:04:29', 'PONG SENT!')
('2017-08-15 23:09:29', 'PONG SENT!')
2017-08-15 23:13:07 {u'userName': 'bananamoonpi', u'timeArrival': datetime.datetime(2017, 8, 15, 23, 13, 7), u'txt': 'first_time_contribution', u'helpID': 984, u'processed': 0}
Sent: PRIVMSG #twitchplaysrobotics :@bananamoonpi Congratulations! You just earned your first point.
('Num of bytes sent out: ', 96)
('2017-08-15 23:14:29', 'PONG SENT!')
('2017-08-15 23:19:29', 'PONG SENT!')
('2017-08-15 23:24:29', 'PONG SENT!')
('2017-08-15 23:29:29', 'PONG SENT!')
('2017-08-15 23:34:29', 'PONG SENT!')
('2017-08-15 23:39:29', 'PONG SENT!')
('2017-08-15 23:44:29', 'PONG SENT!')
('2017-08-15 23:49:29', 'PONG SENT!')
('2017-08-15 23:54:29', 'PONG SENT!')
('2017-08-15 23:59:29', 'PONG SENT!')
('2017-08-16 00:04:29', 'PONG SENT!')
('2017-08-16 00:09:29', 'PONG SENT!')
('2017-08-16 00:14:29', 'PONG SENT!')
('2017-08-16 00:19:29', 'PONG SENT!')
('2017-08-16 00:24:29', 'PONG SENT!')
('2017-08-16 00:29:29', 'PONG SENT!')
('2017-08-16 00:34:29', 'PONG SENT!')
('2017-08-16 00:39:29', 'PONG SENT!')
('2017-08-16 00:44:29', 'PONG SENT!')
('2017-08-16 00:49:29', 'PONG SENT!')
('2017-08-16 00:54:29', 'PONG SENT!')
('2017-08-16 00:59:29', 'PONG SENT!')
('2017-08-16 01:04:29', 'PONG SENT!')
('2017-08-16 01:09:29', 'PONG SENT!')
('2017-08-16 01:14:29', 'PONG SENT!')
('2017-08-16 01:19:29', 'PONG SENT!')
('2017-08-16 01:24:29', 'PONG SENT!')
('2017-08-16 01:29:29', 'PONG SENT!')
('2017-08-16 01:34:29', 'PONG SENT!')
('2017-08-16 01:39:29', 'PONG SENT!')
('2017-08-16 01:44:29', 'PONG SENT!')
('2017-08-16 01:49:29', 'PONG SENT!')
('2017-08-16 01:54:29', 'PONG SENT!')
('2017-08-16 01:59:29', 'PONG SENT!')
('2017-08-16 02:04:29', 'PONG SENT!')
('2017-08-16 02:09:29', 'PONG SENT!')
('2017-08-16 02:14:29', 'PONG SENT!')
('2017-08-16 02:19:29', 'PONG SENT!')
('2017-08-16 02:24:29', 'PONG SENT!')
('2017-08-16 02:29:29', 'PONG SENT!')
('2017-08-16 02:34:29', 'PONG SENT!')
('2017-08-16 02:39:29', 'PONG SENT!')
('2017-08-16 02:44:29', 'PONG SENT!')
('2017-08-16 02:49:29', 'PONG SENT!')
('2017-08-16 02:54:29', 'PONG SENT!')
('2017-08-16 02:59:29', 'PONG SENT!')
('2017-08-16 03:04:29', 'PONG SENT!')
('2017-08-16 03:09:29', 'PONG SENT!')
('2017-08-16 03:14:29', 'PONG SENT!')
('2017-08-16 03:19:29', 'PONG SENT!')
('2017-08-16 03:24:29', 'PONG SENT!')
('2017-08-16 03:29:29', 'PONG SENT!')
('2017-08-16 03:34:29', 'PONG SENT!')
('2017-08-16 03:39:29', 'PONG SENT!')
('2017-08-16 03:44:29', 'PONG SENT!')
('2017-08-16 03:49:29', 'PONG SENT!')
2017-08-16 03:54:26 {u'userName': 'tazerburgerz', u'timeArrival': datetime.datetime(2017, 8, 16, 3, 54, 26), u'txt': 'first_time_contribution', u'helpID': 985, u'processed': 0}
Sent: PRIVMSG #twitchplaysrobotics :@tazerburgerz Congratulations! You just earned your first point.
('Num of bytes sent out: ', 96)
('2017-08-16 03:54:29', 'PONG SENT!')
('2017-08-16 03:59:29', 'PONG SENT!')
('2017-08-16 04:04:29', 'PONG SENT!')
('2017-08-16 04:09:29', 'PONG SENT!')
('2017-08-16 04:14:29', 'PONG SENT!')
('2017-08-16 04:19:29', 'PONG SENT!')
('2017-08-16 04:24:29', 'PONG SENT!')
('2017-08-16 04:29:29', 'PONG SENT!')
('2017-08-16 04:34:29', 'PONG SENT!')
('2017-08-16 04:39:29', 'PONG SENT!')
('2017-08-16 04:44:29', 'PONG SENT!')
('2017-08-16 04:49:29', 'PONG SENT!')
('2017-08-16 04:54:29', 'PONG SENT!')
('2017-08-16 04:59:29', 'PONG SENT!')
2017-08-16 05:01:36 {u'userName': 'juliuzns', u'timeArrival': datetime.datetime(2017, 8, 16, 5, 1, 36), u'txt': '?robots', u'helpID': 986, u'processed': 0}
Sent: PRIVMSG #twitchplaysrobotics :@juliuzns Every 30 seconds one robot, out a population of 50, is simulated. It "hears" the current command and senses its environment.  There are 10 species of bots: have you seen them all?
('Num of bytes sent out: ', 221)
('2017-08-16 05:04:29', 'PONG SENT!')
('2017-08-16 05:09:29', 'PONG SENT!')
('2017-08-16 05:14:29', 'PONG SENT!')
('2017-08-16 05:19:29', 'PONG SENT!')
('2017-08-16 05:24:29', 'PONG SENT!')
('2017-08-16 05:29:29', 'PONG SENT!')
('2017-08-16 05:34:29', 'PONG SENT!')
('2017-08-16 05:39:29', 'PONG SENT!')
('2017-08-16 05:44:29', 'PONG SENT!')
('2017-08-16 05:49:29', 'PONG SENT!')
('2017-08-16 05:54:29', 'PONG SENT!')
('2017-08-16 05:59:29', 'PONG SENT!')
('2017-08-16 06:04:29', 'PONG SENT!')
('2017-08-16 06:09:29', 'PONG SENT!')
('2017-08-16 06:14:29', 'PONG SENT!')
('2017-08-16 06:19:29', 'PONG SENT!')
('2017-08-16 06:24:29', 'PONG SENT!')
('2017-08-16 06:29:29', 'PONG SENT!')
('2017-08-16 06:34:29', 'PONG SENT!')
('2017-08-16 06:39:29', 'PONG SENT!')
('2017-08-16 06:44:29', 'PONG SENT!')
2017-08-16 06:44:37 {u'userName': 'highlord1', u'timeArrival': datetime.datetime(2017, 8, 16, 6, 44, 37), u'txt': 'first_time_contribution', u'helpID': 987, u'processed': 0}
Sent: PRIVMSG #twitchplaysrobotics :@highlord1 Congratulations! You just earned your first point.
('Num of bytes sent out: ', 93)
('2017-08-16 06:49:29', 'PONG SENT!')
('2017-08-16 06:54:29', 'PONG SENT!')
('2017-08-16 06:59:29', 'PONG SENT!')
('2017-08-16 07:04:29', 'PONG SENT!')
2017-08-16 07:07:12 {u'userName': 'jistax', u'timeArrival': datetime.datetime(2017, 8, 16, 7, 7, 12), u'txt': 'first_time_contribution', u'helpID': 988, u'processed': 0}
Sent: PRIVMSG #twitchplaysrobotics :@jistax Congratulations! You just earned your first point.
('Num of bytes sent out: ', 90)
('2017-08-16 07:09:29', 'PONG SENT!')
('2017-08-16 07:14:29', 'PONG SENT!')
('2017-08-16 07:19:29', 'PONG SENT!')
('2017-08-16 07:24:29', 'PONG SENT!')
('2017-08-16 07:29:29', 'PONG SENT!')
('2017-08-16 07:34:29', 'PONG SENT!')
('2017-08-16 07:39:29', 'PONG SENT!')
('2017-08-16 07:44:29', 'PONG SENT!')
('2017-08-16 07:49:29', 'PONG SENT!')
('2017-08-16 07:54:29', 'PONG SENT!')
('2017-08-16 07:59:29', 'PONG SENT!')
('2017-08-16 08:04:29', 'PONG SENT!')
('2017-08-16 08:09:29', 'PONG SENT!')
('2017-08-16 08:14:29', 'PONG SENT!')
('2017-08-16 08:19:29', 'PONG SENT!')
2017-08-16 08:19:55 {u'userName': 'gummybear101010', u'timeArrival': datetime.datetime(2017, 8, 16, 8, 19, 55), u'txt': 'first_time_contribution', u'helpID': 989, u'processed': 0}
Sent: PRIVMSG #twitchplaysrobotics :@gummybear101010 Congratulations! You just earned your first point.
('Num of bytes sent out: ', 99)
('2017-08-16 08:24:29', 'PONG SENT!')
('2017-08-16 08:29:29', 'PONG SENT!')
2017-08-16 08:33:20 {u'userName': 'frowrik', u'timeArrival': datetime.datetime(2017, 8, 16, 8, 33, 20), u'txt': 'first_time_contribution', u'helpID': 990, u'processed': 0}
Sent: PRIVMSG #twitchplaysrobotics :@frowrik Congratulations! You just earned your first point.
('Num of bytes sent out: ', 91)
('2017-08-16 08:34:29', 'PONG SENT!')
2017-08-16 08:35:25 {u'userName': 'kgemmricher', u'timeArrival': datetime.datetime(2017, 8, 16, 8, 35, 25), u'txt': 'first_time_contribution', u'helpID': 991, u'processed': 0}
Sent: PRIVMSG #twitchplaysrobotics :@kgemmricher Congratulations! You just earned your first point.
('Num of bytes sent out: ', 95)
2017-08-16 08:36:17 {u'userName': 'kgemmricher', u'timeArrival': datetime.datetime(2017, 8, 16, 8, 36, 17), u'txt': '?scores', u'helpID': 992, u'processed': 0}
Sent: PRIVMSG #twitchplaysrobotics :@kgemmricher You get one point every time you reinforce a robot with y, n, l, or d, and each time you vote for a command. To see your score, type ?myscore
('Num of bytes sent out: ', 186)
2017-08-16 08:37:22 {u'userName': 'kgemmricher', u'timeArrival': datetime.datetime(2017, 8, 16, 8, 37, 22), u'txt': '?', u'helpID': 993, u'processed': 0}
Sent: PRIVMSG #twitchplaysrobotics :@kgemmricher Twitch Plays Robotics is a community-driven project to teach robots language. To learn more about any aspect of the project, type ?robots, ?silverRobots ?reinforcement,  ?votes, ?scores, ?myscore, or ?commandScores. More details at https://tpr-uvm.github.io.
('Num of bytes sent out:', 303)
('2017-08-16 08:39:29', 'PONG SENT!')
('2017-08-16 08:44:29', 'PONG SENT!')
('2017-08-16 08:49:29', 'PONG SENT!')
('2017-08-16 08:54:29', 'PONG SENT!')
('2017-08-16 08:59:29', 'PONG SENT!')
('2017-08-16 09:04:29', 'PONG SENT!')
('2017-08-16 09:09:29', 'PONG SENT!')
('2017-08-16 09:14:29', 'PONG SENT!')
('2017-08-16 09:19:29', 'PONG SENT!')
('2017-08-16 09:24:29', 'PONG SENT!')
2017-08-16 09:25:29 {u'userName': 'zmahoor', u'timeArrival': datetime.datetime(2017, 8, 16, 9, 25, 29), u'txt': '?', u'helpID': 994, u'processed': 0}
Sent: PRIVMSG #twitchplaysrobotics :@zmahoor Twitch Plays Robotics is a community-driven project to teach robots language. To learn more about any aspect of the project, type ?robots, ?silverRobots ?reinforcement,  ?votes, ?scores, ?myscore, or ?commandScores. More details at https://tpr-uvm.github.io.
('Num of bytes sent out:', 299)
('2017-08-16 09:29:29', 'PONG SENT!')
('2017-08-16 09:34:29', 'PONG SENT!')
('2017-08-16 09:39:29', 'PONG SENT!')
('2017-08-16 09:44:29', 'PONG SENT!')
('2017-08-16 09:49:29', 'PONG SENT!')
('2017-08-16 09:54:29', 'PONG SENT!')
('2017-08-16 09:59:29', 'PONG SENT!')
('2017-08-16 10:04:29', 'PONG SENT!')
('2017-08-16 10:09:29', 'PONG SENT!')
('2017-08-16 10:14:29', 'PONG SENT!')
('2017-08-16 10:19:29', 'PONG SENT!')
('2017-08-16 10:24:29', 'PONG SENT!')
('2017-08-16 10:29:29', 'PONG SENT!')
('2017-08-16 10:34:29', 'PONG SENT!')
('2017-08-16 10:39:29', 'PONG SENT!')
('2017-08-16 10:44:29', 'PONG SENT!')
('2017-08-16 10:49:29', 'PONG SENT!')
('2017-08-16 10:54:29', 'PONG SENT!')
('2017-08-16 10:59:29', 'PONG SENT!')
('2017-08-16 11:04:29', 'PONG SENT!')
('2017-08-16 11:09:29', 'PONG SENT!')
('2017-08-16 11:14:29', 'PONG SENT!')
('2017-08-16 11:19:29', 'PONG SENT!')
('2017-08-16 11:24:29', 'PONG SENT!')
('2017-08-16 11:29:29', 'PONG SENT!')
('2017-08-16 11:34:29', 'PONG SENT!')
('2017-08-16 11:39:29', 'PONG SENT!')
('2017-08-16 11:44:29', 'PONG SENT!')
('2017-08-16 11:49:29', 'PONG SENT!')
('2017-08-16 11:54:29', 'PONG SENT!')
('2017-08-16 11:59:29', 'PONG SENT!')
('2017-08-16 12:04:29', 'PONG SENT!')
('2017-08-16 12:09:30', 'PONG SENT!')
('2017-08-16 12:14:30', 'PONG SENT!')
('2017-08-16 12:19:30', 'PONG SENT!')
2017-08-16 12:22:00 {u'userName': 'drynzen', u'timeArrival': datetime.datetime(2017, 8, 16, 12, 22), u'txt': 'first_time_contribution', u'helpID': 995, u'processed': 0}
Sent: PRIVMSG #twitchplaysrobotics :@drynzen Congratulations! You just earned your first point.
('Num of bytes sent out: ', 91)
('2017-08-16 12:24:30', 'PONG SENT!')
('2017-08-16 12:29:30', 'PONG SENT!')
('2017-08-16 12:34:30', 'PONG SENT!')
('2017-08-16 12:39:30', 'PONG SENT!')
('2017-08-16 12:44:30', 'PONG SENT!')
('2017-08-16 12:49:30', 'PONG SENT!')
('2017-08-16 12:54:30', 'PONG SENT!')
('2017-08-16 12:59:30', 'PONG SENT!')
('2017-08-16 13:04:30', 'PONG SENT!')
('2017-08-16 13:09:30', 'PONG SENT!')
('2017-08-16 13:14:30', 'PONG SENT!')
('2017-08-16 13:19:30', 'PONG SENT!')
('2017-08-16 13:24:30', 'PONG SENT!')
('2017-08-16 13:29:30', 'PONG SENT!')
('2017-08-16 13:34:30', 'PONG SENT!')
('2017-08-16 13:39:30', 'PONG SENT!')
('2017-08-16 13:44:30', 'PONG SENT!')
('2017-08-16 13:49:30', 'PONG SENT!')
('2017-08-16 13:54:30', 'PONG SENT!')
('2017-08-16 13:59:30', 'PONG SENT!')
('2017-08-16 14:04:30', 'PONG SENT!')
('2017-08-16 14:09:30', 'PONG SENT!')
('2017-08-16 14:14:30', 'PONG SENT!')
('2017-08-16 14:19:30', 'PONG SENT!')
('2017-08-16 14:24:30', 'PONG SENT!')
('2017-08-16 14:29:30', 'PONG SENT!')
('2017-08-16 14:34:30', 'PONG SENT!')
('2017-08-16 14:39:30', 'PONG SENT!')
('2017-08-16 14:44:30', 'PONG SENT!')
('2017-08-16 14:49:30', 'PONG SENT!')
('2017-08-16 14:54:30', 'PONG SENT!')
('2017-08-16 14:59:30', 'PONG SENT!')
('2017-08-16 15:04:30', 'PONG SENT!')
('2017-08-16 15:09:30', 'PONG SENT!')
('2017-08-16 15:14:30', 'PONG SENT!')
('2017-08-16 15:19:30', 'PONG SENT!')
('2017-08-16 15:24:30', 'PONG SENT!')
('2017-08-16 15:29:30', 'PONG SENT!')
('2017-08-16 15:34:30', 'PONG SENT!')
('2017-08-16 15:39:30', 'PONG SENT!')
('2017-08-16 15:44:30', 'PONG SENT!')
('2017-08-16 15:49:30', 'PONG SENT!')
('2017-08-16 15:54:30', 'PONG SENT!')
('2017-08-16 15:59:30', 'PONG SENT!')
('2017-08-16 16:04:30', 'PONG SENT!')
('2017-08-16 16:09:30', 'PONG SENT!')
('2017-08-16 16:14:30', 'PONG SENT!')
('2017-08-16 16:19:30', 'PONG SENT!')
('2017-08-16 16:24:30', 'PONG SENT!')
('2017-08-16 16:29:30', 'PONG SENT!')
('2017-08-16 16:34:30', 'PONG SENT!')
2017-08-16 16:36:31 {u'userName': 'doctorjoshuvm', u'timeArrival': datetime.datetime(2017, 8, 16, 16, 36, 31), u'txt': '?', u'helpID': 996, u'processed': 0}
Sent: PRIVMSG #twitchplaysrobotics :@doctorjoshuvm Twitch Plays Robotics is a community-driven project to teach robots language. To learn more about any aspect of the project, type ?robots, ?silverRobots ?reinforcement,  ?votes, ?scores, ?myscore, or ?commandScores. More details at https://tpr-uvm.github.io.
('Num of bytes sent out:', 305)
('2017-08-16 16:39:30', 'PONG SENT!')
('2017-08-16 16:44:30', 'PONG SENT!')
('2017-08-16 16:49:30', 'PONG SENT!')
('2017-08-16 16:54:30', 'PONG SENT!')
('2017-08-16 16:59:30', 'PONG SENT!')
('2017-08-16 17:04:30', 'PONG SENT!')
('2017-08-16 17:09:30', 'PONG SENT!')
('2017-08-16 17:14:30', 'PONG SENT!')
2017-08-16 17:18:44 {u'userName': 'supergamemaker', u'timeArrival': datetime.datetime(2017, 8, 16, 17, 18, 44), u'txt': 'first_time_contribution', u'helpID': 997, u'processed': 0}
Sent: PRIVMSG #twitchplaysrobotics :@supergamemaker Congratulations! You just earned your first point.
('Num of bytes sent out: ', 98)
('2017-08-16 17:19:30', 'PONG SENT!')
('2017-08-16 17:24:30', 'PONG SENT!')
('2017-08-16 17:29:30', 'PONG SENT!')
('2017-08-16 17:34:30', 'PONG SENT!')
('2017-08-16 17:39:30', 'PONG SENT!')
('2017-08-16 17:44:30', 'PONG SENT!')
('2017-08-16 17:49:30', 'PONG SENT!')
('2017-08-16 17:54:30', 'PONG SENT!')
('2017-08-16 17:59:30', 'PONG SENT!')
('2017-08-16 18:04:30', 'PONG SENT!')
('2017-08-16 18:09:30', 'PONG SENT!')
('2017-08-16 18:14:30', 'PONG SENT!')
('2017-08-16 18:19:30', 'PONG SENT!')
('2017-08-16 18:24:30', 'PONG SENT!')
('2017-08-16 18:29:30', 'PONG SENT!')
2017-08-16 18:29:49 {u'userName': 'j99970', u'timeArrival': datetime.datetime(2017, 8, 16, 18, 29, 49), u'txt': 'first_time_contribution', u'helpID': 998, u'processed': 0}
Sent: PRIVMSG #twitchplaysrobotics :@j99970 Congratulations! You just earned your first point.
('Num of bytes sent out: ', 90)
('2017-08-16 18:34:30', 'PONG SENT!')
('2017-08-16 18:39:30', 'PONG SENT!')
('2017-08-16 18:44:30', 'PONG SENT!')
('2017-08-16 18:49:30', 'PONG SENT!')
2017-08-16 18:51:36 {u'userName': 'broccoli_wizard', u'timeArrival': datetime.datetime(2017, 8, 16, 18, 51, 36), u'txt': 'first_time_contribution', u'helpID': 999, u'processed': 0}
Sent: PRIVMSG #twitchplaysrobotics :@broccoli_wizard Congratulations! You just earned your first point.
('Num of bytes sent out: ', 99)
('2017-08-16 18:54:30', 'PONG SENT!')
('2017-08-16 18:59:30', 'PONG SENT!')
('2017-08-16 19:04:30', 'PONG SENT!')
('2017-08-16 19:09:30', 'PONG SENT!')
2017-08-16 19:14:23 {u'userName': 'misterfishy12', u'timeArrival': datetime.datetime(2017, 8, 16, 19, 14, 23), u'txt': 'first_time_contribution', u'helpID': 1000, u'processed': 0}
Sent: PRIVMSG #twitchplaysrobotics :@misterfishy12 Congratulations! You just earned your first point.
('Num of bytes sent out: ', 97)
('2017-08-16 19:14:30', 'PONG SENT!')
('2017-08-16 19:19:30', 'PONG SENT!')
('2017-08-16 19:24:30', 'PONG SENT!')
('2017-08-16 19:29:30', 'PONG SENT!')
('2017-08-16 19:34:30', 'PONG SENT!')
('2017-08-16 19:39:30', 'PONG SENT!')
('2017-08-16 19:44:30', 'PONG SENT!')
('2017-08-16 19:49:30', 'PONG SENT!')
('2017-08-16 19:54:30', 'PONG SENT!')
('2017-08-16 19:59:30', 'PONG SENT!')
('2017-08-16 20:04:30', 'PONG SENT!')
('2017-08-16 20:09:30', 'PONG SENT!')
('2017-08-16 20:14:30', 'PONG SENT!')
('2017-08-16 20:19:30', 'PONG SENT!')
('2017-08-16 20:24:30', 'PONG SENT!')
('2017-08-16 20:29:30', 'PONG SENT!')
('2017-08-16 20:34:30', 'PONG SENT!')
('2017-08-16 20:39:30', 'PONG SENT!')
('2017-08-16 20:44:30', 'PONG SENT!')
('2017-08-16 20:49:30', 'PONG SENT!')
('2017-08-16 20:54:30', 'PONG SENT!')
('2017-08-16 20:59:30', 'PONG SENT!')
('2017-08-16 21:04:30', 'PONG SENT!')
('2017-08-16 21:09:30', 'PONG SENT!')
('2017-08-16 21:14:30', 'PONG SENT!')
('2017-08-16 21:19:30', 'PONG SENT!')
('2017-08-16 21:24:30', 'PONG SENT!')
('2017-08-16 21:29:30', 'PONG SENT!')
('2017-08-16 21:34:30', 'PONG SENT!')
('2017-08-16 21:39:30', 'PONG SENT!')
('2017-08-16 21:44:30', 'PONG SENT!')
('2017-08-16 21:49:30', 'PONG SENT!')
('2017-08-16 21:54:30', 'PONG SENT!')
('2017-08-16 21:59:30', 'PONG SENT!')
('2017-08-16 22:04:30', 'PONG SENT!')
2017-08-16 22:08:42 {u'userName': 'zmahoor', u'timeArrival': datetime.datetime(2017, 8, 16, 22, 8, 42), u'txt': '?', u'helpID': 1001, u'processed': 0}
Sent: PRIVMSG #twitchplaysrobotics :@zmahoor Twitch Plays Robotics is a community-driven project to teach robots language. To learn more about any aspect of the project, type ?robots, ?silverRobots ?reinforcement,  ?votes, ?scores, ?myscore, or ?commandScores. More details at https://tpr-uvm.github.io.
('Num of bytes sent out:', 299)
('2017-08-16 22:09:30', 'PONG SENT!')
('2017-08-16 22:14:30', 'PONG SENT!')
('2017-08-16 22:19:30', 'PONG SENT!')
('2017-08-16 22:24:30', 'PONG SENT!')
('2017-08-16 22:29:30', 'PONG SENT!')
('2017-08-16 22:34:30', 'PONG SENT!')
('2017-08-16 22:39:30', 'PONG SENT!')
('2017-08-16 22:44:30', 'PONG SENT!')
('2017-08-16 22:49:30', 'PONG SENT!')
('2017-08-16 22:54:30', 'PONG SENT!')
('2017-08-16 22:59:30', 'PONG SENT!')
('2017-08-16 23:04:30', 'PONG SENT!')
('2017-08-16 23:09:30', 'PONG SENT!')
('2017-08-16 23:14:30', 'PONG SENT!')
('2017-08-16 23:19:30', 'PONG SENT!')
('2017-08-16 23:24:30', 'PONG SENT!')
('2017-08-16 23:29:30', 'PONG SENT!')
('2017-08-16 23:34:30', 'PONG SENT!')
('2017-08-16 23:39:30', 'PONG SENT!')
('2017-08-16 23:44:30', 'PONG SENT!')
('2017-08-16 23:49:30', 'PONG SENT!')
('2017-08-16 23:54:30', 'PONG SENT!')
('2017-08-16 23:59:30', 'PONG SENT!')
('2017-08-17 00:04:30', 'PONG SENT!')
('2017-08-17 00:09:30', 'PONG SENT!')
('2017-08-17 00:14:30', 'PONG SENT!')
('2017-08-17 00:19:30', 'PONG SENT!')
('2017-08-17 00:24:30', 'PONG SENT!')
('2017-08-17 00:29:30', 'PONG SENT!')
('2017-08-17 00:34:30', 'PONG SENT!')
('2017-08-17 00:39:30', 'PONG SENT!')
('2017-08-17 00:44:30', 'PONG SENT!')
('2017-08-17 00:49:30', 'PONG SENT!')
('2017-08-17 00:54:30', 'PONG SENT!')
('2017-08-17 00:59:30', 'PONG SENT!')
('2017-08-17 01:04:30', 'PONG SENT!')
('2017-08-17 01:09:30', 'PONG SENT!')
('2017-08-17 01:14:30', 'PONG SENT!')
('2017-08-17 01:19:30', 'PONG SENT!')
('2017-08-17 01:24:30', 'PONG SENT!')
('2017-08-17 01:29:30', 'PONG SENT!')
('2017-08-17 01:34:30', 'PONG SENT!')
('2017-08-17 01:39:30', 'PONG SENT!')
('2017-08-17 01:44:30', 'PONG SENT!')
('2017-08-17 01:49:30', 'PONG SENT!')
('2017-08-17 01:54:30', 'PONG SENT!')
('2017-08-17 01:59:30', 'PONG SENT!')
('2017-08-17 02:04:30', 'PONG SENT!')
('2017-08-17 02:09:30', 'PONG SENT!')
('2017-08-17 02:14:30', 'PONG SENT!')
2017-08-17 02:18:58 {u'userName': 'marlon99rocks', u'timeArrival': datetime.datetime(2017, 8, 17, 2, 18, 58), u'txt': 'first_time_contribution', u'helpID': 1002, u'processed': 0}
Sent: PRIVMSG #twitchplaysrobotics :@marlon99rocks Congratulations! You just earned your first point.
('Num of bytes sent out: ', 97)
('2017-08-17 02:19:30', 'PONG SENT!')
('2017-08-17 02:24:30', 'PONG SENT!')
('2017-08-17 02:29:30', 'PONG SENT!')
('2017-08-17 02:34:30', 'PONG SENT!')
('2017-08-17 02:39:30', 'PONG SENT!')
('2017-08-17 02:44:30', 'PONG SENT!')
('2017-08-17 02:49:30', 'PONG SENT!')
('2017-08-17 02:54:30', 'PONG SENT!')
('2017-08-17 02:59:30', 'PONG SENT!')
('2017-08-17 03:04:30', 'PONG SENT!')
('2017-08-17 03:09:30', 'PONG SENT!')
('2017-08-17 03:14:30', 'PONG SENT!')
('2017-08-17 03:19:30', 'PONG SENT!')
('2017-08-17 03:24:30', 'PONG SENT!')
('2017-08-17 03:29:30', 'PONG SENT!')
('2017-08-17 03:34:30', 'PONG SENT!')
('2017-08-17 03:39:30', 'PONG SENT!')
('2017-08-17 03:44:30', 'PONG SENT!')
('2017-08-17 03:49:30', 'PONG SENT!')
('2017-08-17 03:54:30', 'PONG SENT!')
('2017-08-17 03:59:30', 'PONG SENT!')
('2017-08-17 04:04:30', 'PONG SENT!')
('2017-08-17 04:09:30', 'PONG SENT!')
('2017-08-17 04:14:30', 'PONG SENT!')
('2017-08-17 04:19:30', 'PONG SENT!')
('2017-08-17 04:24:30', 'PONG SENT!')
('2017-08-17 04:29:30', 'PONG SENT!')
('2017-08-17 04:34:30', 'PONG SENT!')
('2017-08-17 04:39:30', 'PONG SENT!')
('2017-08-17 04:44:30', 'PONG SENT!')
2017-08-17 04:45:29 {u'userName': 'kauddix', u'timeArrival': datetime.datetime(2017, 8, 17, 4, 45, 29), u'txt': 'first_time_contribution', u'helpID': 1003, u'processed': 0}
Sent: PRIVMSG #twitchplaysrobotics :@kauddix Congratulations! You just earned your first point.
('Num of bytes sent out: ', 91)
('2017-08-17 04:49:30', 'PONG SENT!')
('2017-08-17 04:54:30', 'PONG SENT!')
('2017-08-17 04:59:30', 'PONG SENT!')
('2017-08-17 05:04:30', 'PONG SENT!')
('2017-08-17 05:09:30', 'PONG SENT!')
('2017-08-17 05:14:30', 'PONG SENT!')
('2017-08-17 05:19:30', 'PONG SENT!')
('2017-08-17 05:24:30', 'PONG SENT!')
('2017-08-17 05:29:30', 'PONG SENT!')
('2017-08-17 05:34:30', 'PONG SENT!')
('2017-08-17 05:39:30', 'PONG SENT!')
('2017-08-17 05:44:30', 'PONG SENT!')
('2017-08-17 05:49:30', 'PONG SENT!')
('2017-08-17 05:54:30', 'PONG SENT!')
('2017-08-17 05:59:30', 'PONG SENT!')
('2017-08-17 06:04:30', 'PONG SENT!')
('2017-08-17 06:09:30', 'PONG SENT!')
('2017-08-17 06:14:30', 'PONG SENT!')
('2017-08-17 06:19:30', 'PONG SENT!')
('2017-08-17 06:24:30', 'PONG SENT!')
2017-08-17 06:28:20 {u'userName': 'wetteerbro', u'timeArrival': datetime.datetime(2017, 8, 17, 6, 28, 20), u'txt': 'first_time_contribution', u'helpID': 1004, u'processed': 0}
Sent: PRIVMSG #twitchplaysrobotics :@wetteerbro Congratulations! You just earned your first point.
('Num of bytes sent out: ', 94)
('2017-08-17 06:29:30', 'PONG SENT!')
('2017-08-17 06:34:30', 'PONG SENT!')
('2017-08-17 06:39:30', 'PONG SENT!')
('2017-08-17 06:44:30', 'PONG SENT!')
('2017-08-17 06:49:30', 'PONG SENT!')
('2017-08-17 06:54:30', 'PONG SENT!')
('2017-08-17 06:59:30', 'PONG SENT!')
('2017-08-17 07:04:30', 'PONG SENT!')
('2017-08-17 07:09:30', 'PONG SENT!')
('2017-08-17 07:14:30', 'PONG SENT!')
('2017-08-17 07:19:30', 'PONG SENT!')
('2017-08-17 07:24:30', 'PONG SENT!')
('2017-08-17 07:29:30', 'PONG SENT!')
('2017-08-17 07:34:30', 'PONG SENT!')
('2017-08-17 07:39:30', 'PONG SENT!')
('2017-08-17 07:44:30', 'PONG SENT!')
('2017-08-17 07:49:30', 'PONG SENT!')
('2017-08-17 07:54:30', 'PONG SENT!')
('2017-08-17 07:59:30', 'PONG SENT!')
('2017-08-17 08:04:30', 'PONG SENT!')
('2017-08-17 08:09:30', 'PONG SENT!')
('2017-08-17 08:14:30', 'PONG SENT!')
('2017-08-17 08:19:30', 'PONG SENT!')
('2017-08-17 08:24:30', 'PONG SENT!')
('2017-08-17 08:29:30', 'PONG SENT!')
('2017-08-17 08:34:30', 'PONG SENT!')
('2017-08-17 08:39:30', 'PONG SENT!')
('2017-08-17 08:44:30', 'PONG SENT!')
('2017-08-17 08:49:30', 'PONG SENT!')
('2017-08-17 08:54:30', 'PONG SENT!')
('2017-08-17 08:59:30', 'PONG SENT!')
('2017-08-17 09:04:30', 'PONG SENT!')
('2017-08-17 09:09:30', 'PONG SENT!')
('2017-08-17 09:14:30', 'PONG SENT!')
('2017-08-17 09:19:30', 'PONG SENT!')
('2017-08-17 09:24:30', 'PONG SENT!')
('2017-08-17 09:29:30', 'PONG SENT!')
('2017-08-17 09:34:30', 'PONG SENT!')
('2017-08-17 09:39:30', 'PONG SENT!')
('2017-08-17 09:44:30', 'PONG SENT!')
('2017-08-17 09:49:30', 'PONG SENT!')
('2017-08-17 09:54:30', 'PONG SENT!')
('2017-08-17 09:59:30', 'PONG SENT!')
('2017-08-17 10:04:30', 'PONG SENT!')
('2017-08-17 10:09:30', 'PONG SENT!')
('2017-08-17 10:14:30', 'PONG SENT!')
('2017-08-17 10:19:30', 'PONG SENT!')
('2017-08-17 10:24:30', 'PONG SENT!')
('2017-08-17 10:29:30', 'PONG SENT!')
('2017-08-17 10:34:30', 'PONG SENT!')
('2017-08-17 10:39:30', 'PONG SENT!')
('2017-08-17 10:44:30', 'PONG SENT!')
('2017-08-17 10:49:30', 'PONG SENT!')
('2017-08-17 10:54:30', 'PONG SENT!')
('2017-08-17 10:59:30', 'PONG SENT!')
('2017-08-17 11:04:30', 'PONG SENT!')
('2017-08-17 11:09:30', 'PONG SENT!')
('2017-08-17 11:14:30', 'PONG SENT!')
('2017-08-17 11:19:30', 'PONG SENT!')
('2017-08-17 11:24:30', 'PONG SENT!')
('2017-08-17 11:29:30', 'PONG SENT!')
('2017-08-17 11:34:30', 'PONG SENT!')
('2017-08-17 11:39:30', 'PONG SENT!')
('2017-08-17 11:44:30', 'PONG SENT!')
('2017-08-17 11:49:30', 'PONG SENT!')
2017-08-17 11:53:13 {u'userName': 'wattzy49', u'timeArrival': datetime.datetime(2017, 8, 17, 11, 53, 13), u'txt': 'first_time_contribution', u'helpID': 1005, u'processed': 0}
Sent: PRIVMSG #twitchplaysrobotics :@wattzy49 Congratulations! You just earned your first point.
('Num of bytes sent out: ', 92)
('2017-08-17 11:54:30', 'PONG SENT!')
('2017-08-17 11:59:30', 'PONG SENT!')
('2017-08-17 12:04:30', 'PONG SENT!')
('2017-08-17 12:09:30', 'PONG SENT!')
('2017-08-17 12:14:30', 'PONG SENT!')
2017-08-17 12:18:27 {u'userName': 'skywalker0112', u'timeArrival': datetime.datetime(2017, 8, 17, 12, 18, 27), u'txt': 'first_time_contribution', u'helpID': 1006, u'processed': 0}
Sent: PRIVMSG #twitchplaysrobotics :@skywalker0112 Congratulations! You just earned your first point.
('Num of bytes sent out: ', 97)
('2017-08-17 12:19:30', 'PONG SENT!')
('2017-08-17 12:24:30', 'PONG SENT!')
('2017-08-17 12:29:30', 'PONG SENT!')
('2017-08-17 12:34:30', 'PONG SENT!')
('2017-08-17 12:39:30', 'PONG SENT!')
('2017-08-17 12:44:30', 'PONG SENT!')
('2017-08-17 12:49:30', 'PONG SENT!')
2017-08-17 12:52:21 {u'userName': 'traumatr1gg3r', u'timeArrival': datetime.datetime(2017, 8, 17, 12, 52, 21), u'txt': 'first_time_contribution', u'helpID': 1007, u'processed': 0}
Sent: PRIVMSG #twitchplaysrobotics :@traumatr1gg3r Congratulations! You just earned your first point.
('Num of bytes sent out: ', 97)
('2017-08-17 12:54:30', 'PONG SENT!')
('2017-08-17 12:59:30', 'PONG SENT!')
('2017-08-17 13:21:25', 'PONG SENT!')
('2017-08-17 13:26:25', 'PONG SENT!')
Unable to send pong message..
Connecting to twitch.tv
Connected to twitch
Sending our details to twitch...
:tmi.twitch.tv 001 tpr_bot2 :Welcome, GLHF!
:tmi.twitch.tv 002 tpr_bot2 :Your host is tmi.twitch.tv
:tmi.twitch.tv 003 tpr_bot2 :This server is rather new
:tmi.twitch.tv 004 tpr_bot2 :-
:tmi.twitch.tv 375 tpr_bot2 :-
:tmi.twitch.tv 372 tpr_bot2 :You are in a maze of twisty passages, all alike.
:tmi.twitch.tv 376 tpr_bot2 :>
:tpr_bot2!tpr_bot2@tpr_bot2.tmi.twitch.tv JOIN #twitchplaysrobotics
:tpr_bot2.tmi.twitch.tv 353 tpr_bot2 = #twitchplaysrobotics :tpr_bot2
:tpr_bot2.tmi.twitch.tv 366 tpr_bot2 #twitchplaysrobotics :End of /NAMES list
Joined twitchplaysrobotics channel..
Sent: PRIVMSG #twitchplaysrobotics :Joined chat...
('2017-08-17 13:36:25', 'PONG SENT!')
('2017-08-17 13:41:25', 'PONG SENT!')
('2017-08-17 13:46:25', 'PONG SENT!')
('2017-08-17 13:51:25', 'PONG SENT!')
('2017-08-17 13:56:25', 'PONG SENT!')
('2017-08-17 14:01:25', 'PONG SENT!')
('2017-08-17 14:06:25', 'PONG SENT!')
('2017-08-17 14:11:25', 'PONG SENT!')
('2017-08-17 14:16:25', 'PONG SENT!')
('2017-08-17 14:21:25', 'PONG SENT!')
('2017-08-17 14:26:25', 'PONG SENT!')
('2017-08-17 14:31:25', 'PONG SENT!')
('2017-08-17 14:36:25', 'PONG SENT!')
('2017-08-17 14:41:25', 'PONG SENT!')
('2017-08-17 14:46:25', 'PONG SENT!')
('2017-08-17 14:51:25', 'PONG SENT!')
('2017-08-17 14:56:25', 'PONG SENT!')
('2017-08-17 15:01:25', 'PONG SENT!')
('2017-08-17 15:06:25', 'PONG SENT!')
('2017-08-17 15:11:25', 'PONG SENT!')
('2017-08-17 15:16:25', 'PONG SENT!')
('2017-08-17 15:21:25', 'PONG SENT!')
('2017-08-17 15:26:25', 'PONG SENT!')
('2017-08-17 15:31:25', 'PONG SENT!')
('2017-08-17 15:36:25', 'PONG SENT!')
('2017-08-17 15:41:25', 'PONG SENT!')
('2017-08-17 15:46:25', 'PONG SENT!')
('2017-08-17 15:51:25', 'PONG SENT!')
('2017-08-17 15:56:25', 'PONG SENT!')
('2017-08-17 16:01:25', 'PONG SENT!')
('2017-08-17 16:06:25', 'PONG SENT!')
('2017-08-17 16:11:25', 'PONG SENT!')
('2017-08-17 16:16:25', 'PONG SENT!')
('2017-08-17 16:21:25', 'PONG SENT!')
('2017-08-17 16:26:25', 'PONG SENT!')
('2017-08-17 16:31:25', 'PONG SENT!')
('2017-08-17 16:36:25', 'PONG SENT!')
('2017-08-17 16:41:25', 'PONG SENT!')
('2017-08-17 16:46:25', 'PONG SENT!')
('2017-08-17 16:51:25', 'PONG SENT!')
('2017-08-17 16:56:25', 'PONG SENT!')
('2017-08-17 17:01:25', 'PONG SENT!')
('2017-08-17 17:06:25', 'PONG SENT!')
('2017-08-17 17:11:25', 'PONG SENT!')
('2017-08-17 17:16:25', 'PONG SENT!')
('2017-08-17 17:21:25', 'PONG SENT!')
('2017-08-17 17:26:25', 'PONG SENT!')
('2017-08-17 17:31:25', 'PONG SENT!')
('2017-08-17 17:36:25', 'PONG SENT!')
('2017-08-17 17:41:25', 'PONG SENT!')
('2017-08-17 17:46:25', 'PONG SENT!')
('2017-08-17 17:51:25', 'PONG SENT!')
('2017-08-17 17:56:25', 'PONG SENT!')
('2017-08-17 18:01:25', 'PONG SENT!')
('2017-08-17 18:06:25', 'PONG SENT!')
('2017-08-17 18:11:25', 'PONG SENT!')
('2017-08-17 18:16:25', 'PONG SENT!')
('2017-08-17 18:21:25', 'PONG SENT!')
('2017-08-17 18:26:25', 'PONG SENT!')
('2017-08-17 18:31:25', 'PONG SENT!')
('2017-08-17 18:36:25', 'PONG SENT!')
('2017-08-17 18:41:25', 'PONG SENT!')
('2017-08-17 18:46:25', 'PONG SENT!')
('2017-08-17 18:51:25', 'PONG SENT!')
('2017-08-17 18:56:25', 'PONG SENT!')
('2017-08-17 19:01:25', 'PONG SENT!')
('2017-08-17 19:06:25', 'PONG SENT!')
('2017-08-17 19:11:25', 'PONG SENT!')
('2017-08-17 19:16:25', 'PONG SENT!')
('2017-08-17 19:21:25', 'PONG SENT!')
('2017-08-17 19:26:25', 'PONG SENT!')
('2017-08-17 19:31:25', 'PONG SENT!')
('2017-08-17 19:36:25', 'PONG SENT!')
('2017-08-17 19:41:25', 'PONG SENT!')
('2017-08-17 19:46:25', 'PONG SENT!')
('2017-08-17 19:51:25', 'PONG SENT!')
('2017-08-17 19:56:25', 'PONG SENT!')
('2017-08-17 20:01:25', 'PONG SENT!')
('2017-08-17 20:06:25', 'PONG SENT!')
('2017-08-17 20:11:25', 'PONG SENT!')
('2017-08-17 20:16:25', 'PONG SENT!')
('2017-08-17 20:21:25', 'PONG SENT!')
('2017-08-17 20:26:25', 'PONG SENT!')
('2017-08-17 20:31:25', 'PONG SENT!')
('2017-08-17 20:36:25', 'PONG SENT!')
('2017-08-17 20:41:25', 'PONG SENT!')
('2017-08-17 20:46:25', 'PONG SENT!')
('2017-08-17 20:51:25', 'PONG SENT!')
('2017-08-17 20:56:25', 'PONG SENT!')
('2017-08-17 21:01:25', 'PONG SENT!')
2017-08-17 21:04:33 {u'userName': 'junglegeee', u'timeArrival': datetime.datetime(2017, 8, 17, 21, 4, 33), u'txt': '?', u'helpID': 1008, u'processed': 0}
Sent: PRIVMSG #twitchplaysrobotics :@junglegeee Twitch Plays Robotics is a community-driven project to teach robots language. To learn more about any aspect of the project, type ?robots, ?silverRobots ?reinforcement,  ?votes, ?scores, ?myscore, or ?commandScores. More details at https://tpr-uvm.github.io.
('Num of bytes sent out:', 302)
('2017-08-17 21:06:25', 'PONG SENT!')
2017-08-17 21:09:12 {u'userName': 'junglegeee', u'timeArrival': datetime.datetime(2017, 8, 17, 21, 9, 12), u'txt': '?', u'helpID': 1009, u'processed': 0}
Sent: PRIVMSG #twitchplaysrobotics :@junglegeee Twitch Plays Robotics is a community-driven project to teach robots language. To learn more about any aspect of the project, type ?robots, ?silverRobots ?reinforcement,  ?votes, ?scores, ?myscore, or ?commandScores. More details at https://tpr-uvm.github.io.
('Num of bytes sent out:', 302)
('2017-08-17 21:11:25', 'PONG SENT!')
('2017-08-17 21:16:25', 'PONG SENT!')
2017-08-17 21:19:01 {u'userName': 'dablob448', u'timeArrival': datetime.datetime(2017, 8, 17, 21, 19, 1), u'txt': 'first_time_contribution', u'helpID': 1010, u'processed': 0}
Sent: PRIVMSG #twitchplaysrobotics :@dablob448 Congratulations! You just earned your first point.
('Num of bytes sent out: ', 93)
2017-08-17 21:20:41 {u'userName': 'dablob448', u'timeArrival': datetime.datetime(2017, 8, 17, 21, 20, 41), u'txt': '?', u'helpID': 1011, u'processed': 0}
Sent: PRIVMSG #twitchplaysrobotics :@dablob448 Twitch Plays Robotics is a community-driven project to teach robots language. To learn more about any aspect of the project, type ?robots, ?silverRobots ?reinforcement,  ?votes, ?scores, ?myscore, or ?commandScores. More details at https://tpr-uvm.github.io.
('Num of bytes sent out:', 301)
('2017-08-17 21:21:25', 'PONG SENT!')
2017-08-17 21:21:44 {u'userName': 'junglegeee', u'timeArrival': datetime.datetime(2017, 8, 17, 21, 21, 44), u'txt': '?votes', u'helpID': 1012, u'processed': 0}
Sent: PRIVMSG #twitchplaysrobotics :@junglegeee Every three minutes, the command most voted on by the crowd is issued to the robot. There is no set list; you can type in anything you like.  You can vote for a command by typing !command. Don't forget the exclamation mark!
('Num of bytes sent out: ', 267)
('2017-08-17 21:26:25', 'PONG SENT!')
('2017-08-17 21:31:25', 'PONG SENT!')
('2017-08-17 21:36:25', 'PONG SENT!')
('2017-08-17 21:41:25', 'PONG SENT!')
('2017-08-17 21:46:25', 'PONG SENT!')
('2017-08-17 21:51:25', 'PONG SENT!')
('2017-08-17 21:56:25', 'PONG SENT!')
('2017-08-17 22:01:25', 'PONG SENT!')
('2017-08-17 22:06:25', 'PONG SENT!')
('2017-08-17 22:11:25', 'PONG SENT!')
('2017-08-17 22:16:25', 'PONG SENT!')
2017-08-17 22:19:58 {u'userName': 'pikachu32x', u'timeArrival': datetime.datetime(2017, 8, 17, 22, 19, 58), u'txt': 'first_time_contribution', u'helpID': 1013, u'processed': 0}
Sent: PRIVMSG #twitchplaysrobotics :@pikachu32x Congratulations! You just earned your first point.
('Num of bytes sent out: ', 94)
('2017-08-17 22:21:25', 'PONG SENT!')
('2017-08-17 22:26:25', 'PONG SENT!')
('2017-08-17 22:31:25', 'PONG SENT!')
('2017-08-17 22:36:25', 'PONG SENT!')
('2017-08-17 22:41:25', 'PONG SENT!')
('2017-08-17 22:46:25', 'PONG SENT!')
2017-08-17 22:47:01 {u'userName': 'leifthrasirv', u'timeArrival': datetime.datetime(2017, 8, 17, 22, 47, 1), u'txt': 'first_time_contribution', u'helpID': 1014, u'processed': 0}
Sent: PRIVMSG #twitchplaysrobotics :@leifthrasirv Congratulations! You just earned your first point.
('Num of bytes sent out: ', 96)
('2017-08-17 22:51:25', 'PONG SENT!')
2017-08-17 22:51:41 {u'userName': 'leifthrasirv', u'timeArrival': datetime.datetime(2017, 8, 17, 22, 51, 41), u'txt': '?help', u'helpID': 1015, u'processed': 0}
Sent: PRIVMSG #twitchplaysrobotics :@leifthrasirv Twitch Plays Robotics is a community-driven project to teach robots language. To learn more about any aspect of the project, type ?robots, ?silverRobots ?reinforcement,  ?votes, ?scores, ?myscore, or ?commandScores. More details at https://tpr-uvm.github.io.
('Num of bytes sent out:', 304)
2017-08-17 22:52:36 {u'userName': 'leifthrasirv', u'timeArrival': datetime.datetime(2017, 8, 17, 22, 52, 36), u'txt': '?commandscores', u'helpID': 1016, u'processed': 0}
Sent: PRIVMSG #twitchplaysrobotics :@leifthrasirv We wish to discover which commands are most learnable by the robots. A command is considered learnable if, over time, robots become increasingly obedient  to that command. In other words, bots collect an increasing number   of yes's from the crowd, under that command, over time.
('Num of bytes sent out: ', 325)
('2017-08-17 22:56:25', 'PONG SENT!')
('2017-08-17 23:01:25', 'PONG SENT!')
('2017-08-17 23:06:25', 'PONG SENT!')
('2017-08-17 23:11:25', 'PONG SENT!')
('2017-08-17 23:16:25', 'PONG SENT!')
('2017-08-17 23:21:25', 'PONG SENT!')
('2017-08-17 23:26:25', 'PONG SENT!')
('2017-08-17 23:31:25', 'PONG SENT!')
('2017-08-17 23:36:25', 'PONG SENT!')
('2017-08-17 23:41:25', 'PONG SENT!')
('2017-08-17 23:46:25', 'PONG SENT!')
2017-08-17 23:47:20 {u'userName': 'mrarnimal', u'timeArrival': datetime.datetime(2017, 8, 17, 23, 47, 20), u'txt': 'first_time_contribution', u'helpID': 1017, u'processed': 0}
Sent: PRIVMSG #twitchplaysrobotics :@mrarnimal Congratulations! You just earned your first point.
('Num of bytes sent out: ', 93)
2017-08-17 23:47:57 {u'userName': 'chesterlescure', u'timeArrival': datetime.datetime(2017, 8, 17, 23, 47, 57), u'txt': 'first_time_contribution', u'helpID': 1018, u'processed': 0}
Sent: PRIVMSG #twitchplaysrobotics :@chesterlescure Congratulations! You just earned your first point.
('Num of bytes sent out: ', 98)
('2017-08-17 23:51:26', 'PONG SENT!')
Unable to send pong message..
Connecting to twitch.tv
Connected to twitch
Sending our details to twitch...
:tmi.twitch.tv 001 tpr_bot2 :Welcome, GLHF!
:tmi.twitch.tv 002 tpr_bot2 :Your host is tmi.twitch.tv
:tmi.twitch.tv 003 tpr_bot2 :This server is rather new
:tmi.twitch.tv 004 tpr_bot2 :-
:tmi.twitch.tv 375 tpr_bot2 :-
:tmi.twitch.tv 372 tpr_bot2 :You are in a maze of twisty passages, all alike.
:tmi.twitch.tv 376 tpr_bot2 :>
:tpr_bot2!tpr_bot2@tpr_bot2.tmi.twitch.tv JOIN #twitchplaysrobotics
:tpr_bot2.tmi.twitch.tv 353 tpr_bot2 = #twitchplaysrobotics :tpr_bot2
:tpr_bot2.tmi.twitch.tv 366 tpr_bot2 #twitchplaysrobotics :End of /NAMES list
Joined twitchplaysrobotics channel..
Sent: PRIVMSG #twitchplaysrobotics :Joined chat...
('2017-08-18 00:01:26', 'PONG SENT!')
('2017-08-18 00:06:26', 'PONG SENT!')
('2017-08-18 00:11:26', 'PONG SENT!')
('2017-08-18 00:16:26', 'PONG SENT!')
('2017-08-18 00:21:26', 'PONG SENT!')
('2017-08-18 00:26:26', 'PONG SENT!')
('2017-08-18 00:31:26', 'PONG SENT!')
('2017-08-18 00:36:26', 'PONG SENT!')
('2017-08-18 00:41:26', 'PONG SENT!')
('2017-08-18 00:46:26', 'PONG SENT!')
('2017-08-18 00:51:26', 'PONG SENT!')
('2017-08-18 00:56:26', 'PONG SENT!')
('2017-08-18 01:01:26', 'PONG SENT!')
('2017-08-18 01:06:26', 'PONG SENT!')
('2017-08-18 01:11:26', 'PONG SENT!')
('2017-08-18 01:16:26', 'PONG SENT!')
2017-08-18 01:17:35 {u'userName': 'knightzito23', u'timeArrival': datetime.datetime(2017, 8, 18, 1, 17, 35), u'txt': 'first_time_contribution', u'helpID': 1019, u'processed': 0}
Sent: PRIVMSG #twitchplaysrobotics :@knightzito23 Congratulations! You just earned your first point.
('Num of bytes sent out: ', 96)
2017-08-18 01:18:03 {u'userName': 'lowtierking', u'timeArrival': datetime.datetime(2017, 8, 18, 1, 18, 3), u'txt': 'first_time_contribution', u'helpID': 1020, u'processed': 0}
Sent: PRIVMSG #twitchplaysrobotics :@lowtierking Congratulations! You just earned your first point.
('Num of bytes sent out: ', 95)
('2017-08-18 01:21:26', 'PONG SENT!')
('2017-08-18 01:26:26', 'PONG SENT!')
('2017-08-18 01:31:26', 'PONG SENT!')
('2017-08-18 01:36:26', 'PONG SENT!')
('2017-08-18 01:41:26', 'PONG SENT!')
('2017-08-18 01:46:26', 'PONG SENT!')
('2017-08-18 01:51:26', 'PONG SENT!')
('2017-08-18 01:56:26', 'PONG SENT!')
('2017-08-18 02:01:26', 'PONG SENT!')
('2017-08-18 02:06:26', 'PONG SENT!')
('2017-08-18 02:11:26', 'PONG SENT!')
('2017-08-18 02:16:26', 'PONG SENT!')
('2017-08-18 02:21:26', 'PONG SENT!')
('2017-08-18 02:26:26', 'PONG SENT!')
('2017-08-18 02:31:26', 'PONG SENT!')
('2017-08-18 02:36:26', 'PONG SENT!')
('2017-08-18 02:41:26', 'PONG SENT!')
('2017-08-18 02:46:26', 'PONG SENT!')
('2017-08-18 02:51:26', 'PONG SENT!')
('2017-08-18 02:56:26', 'PONG SENT!')
('2017-08-18 03:01:26', 'PONG SENT!')
('2017-08-18 03:06:26', 'PONG SENT!')
('2017-08-18 03:11:26', 'PONG SENT!')
('2017-08-18 03:16:26', 'PONG SENT!')
('2017-08-18 03:21:26', 'PONG SENT!')
2017-08-18 03:21:39 {u'userName': 'minibuka1', u'timeArrival': datetime.datetime(2017, 8, 18, 3, 21, 39), u'txt': 'first_time_contribution', u'helpID': 1021, u'processed': 0}
Sent: PRIVMSG #twitchplaysrobotics :@minibuka1 Congratulations! You just earned your first point.
('Num of bytes sent out: ', 93)
('2017-08-18 03:26:26', 'PONG SENT!')
('2017-08-18 03:31:26', 'PONG SENT!')
('2017-08-18 03:36:26', 'PONG SENT!')
('2017-08-18 03:41:26', 'PONG SENT!')
('2017-08-18 03:46:26', 'PONG SENT!')
('2017-08-18 03:51:26', 'PONG SENT!')
('2017-08-18 03:56:26', 'PONG SENT!')
('2017-08-18 04:01:26', 'PONG SENT!')
('2017-08-18 04:06:26', 'PONG SENT!')
('2017-08-18 04:11:26', 'PONG SENT!')
('2017-08-18 04:16:26', 'PONG SENT!')
('2017-08-18 04:21:26', 'PONG SENT!')
('2017-08-18 04:26:26', 'PONG SENT!')
('2017-08-18 04:31:26', 'PONG SENT!')
2017-08-18 04:33:09 {u'userName': 'hammersedge', u'timeArrival': datetime.datetime(2017, 8, 18, 4, 33, 9), u'txt': '?', u'helpID': 1022, u'processed': 0}
Sent: PRIVMSG #twitchplaysrobotics :@hammersedge Twitch Plays Robotics is a community-driven project to teach robots language. To learn more about any aspect of the project, type ?robots, ?silverRobots ?reinforcement,  ?votes, ?scores, ?myscore, or ?commandScores. More details at https://tpr-uvm.github.io.
('Num of bytes sent out:', 303)
('2017-08-18 04:36:26', 'PONG SENT!')
('2017-08-18 04:41:26', 'PONG SENT!')
('2017-08-18 04:46:26', 'PONG SENT!')
('2017-08-18 04:51:26', 'PONG SENT!')
('2017-08-18 04:56:26', 'PONG SENT!')
2017-08-18 05:00:39 {u'userName': 'nighthawk52', u'timeArrival': datetime.datetime(2017, 8, 18, 5, 0, 39), u'txt': 'first_time_contribution', u'helpID': 1023, u'processed': 0}
Sent: PRIVMSG #twitchplaysrobotics :@nighthawk52 Congratulations! You just earned your first point.
('Num of bytes sent out: ', 95)
('2017-08-18 05:01:26', 'PONG SENT!')
('2017-08-18 05:06:26', 'PONG SENT!')
('2017-08-18 05:11:26', 'PONG SENT!')
('2017-08-18 05:16:26', 'PONG SENT!')
('2017-08-18 05:21:26', 'PONG SENT!')
('2017-08-18 05:26:26', 'PONG SENT!')
('2017-08-18 05:31:26', 'PONG SENT!')
2017-08-18 05:33:38 {u'userName': 'undera4', u'timeArrival': datetime.datetime(2017, 8, 18, 5, 33, 38), u'txt': 'first_time_contribution', u'helpID': 1024, u'processed': 0}
Sent: PRIVMSG #twitchplaysrobotics :@undera4 Congratulations! You just earned your first point.
('Num of bytes sent out: ', 91)
('2017-08-18 05:36:26', 'PONG SENT!')
('2017-08-18 05:41:26', 'PONG SENT!')
('2017-08-18 05:46:26', 'PONG SENT!')
('2017-08-18 05:51:26', 'PONG SENT!')
('2017-08-18 05:56:26', 'PONG SENT!')
('2017-08-18 06:01:26', 'PONG SENT!')
('2017-08-18 06:06:26', 'PONG SENT!')
('2017-08-18 06:11:26', 'PONG SENT!')
('2017-08-18 06:16:26', 'PONG SENT!')
('2017-08-18 06:21:26', 'PONG SENT!')
('2017-08-18 06:26:26', 'PONG SENT!')
('2017-08-18 06:31:26', 'PONG SENT!')
('2017-08-18 06:36:26', 'PONG SENT!')
('2017-08-18 06:41:26', 'PONG SENT!')
('2017-08-18 06:46:26', 'PONG SENT!')
('2017-08-18 06:51:26', 'PONG SENT!')
('2017-08-18 06:56:26', 'PONG SENT!')
('2017-08-18 07:01:26', 'PONG SENT!')
('2017-08-18 07:06:26', 'PONG SENT!')
('2017-08-18 07:11:26', 'PONG SENT!')
('2017-08-18 07:16:26', 'PONG SENT!')
('2017-08-18 07:21:26', 'PONG SENT!')
('2017-08-18 07:26:26', 'PONG SENT!')
('2017-08-18 07:31:26', 'PONG SENT!')
('2017-08-18 07:36:26', 'PONG SENT!')
('2017-08-18 07:41:26', 'PONG SENT!')
('2017-08-18 07:46:26', 'PONG SENT!')
('2017-08-18 07:51:26', 'PONG SENT!')
('2017-08-18 07:56:26', 'PONG SENT!')
('2017-08-18 08:01:26', 'PONG SENT!')
('2017-08-18 08:06:26', 'PONG SENT!')
('2017-08-18 08:11:26', 'PONG SENT!')
('2017-08-18 08:16:26', 'PONG SENT!')
('2017-08-18 08:21:26', 'PONG SENT!')
('2017-08-18 08:26:26', 'PONG SENT!')
('2017-08-18 08:31:26', 'PONG SENT!')
('2017-08-18 08:36:26', 'PONG SENT!')
('2017-08-18 08:41:26', 'PONG SENT!')
('2017-08-18 08:46:26', 'PONG SENT!')
('2017-08-18 08:51:26', 'PONG SENT!')
('2017-08-18 08:56:26', 'PONG SENT!')
('2017-08-18 09:01:26', 'PONG SENT!')
('2017-08-18 09:06:26', 'PONG SENT!')
('2017-08-18 09:11:26', 'PONG SENT!')
('2017-08-18 09:16:26', 'PONG SENT!')
('2017-08-18 09:21:26', 'PONG SENT!')
('2017-08-18 09:26:26', 'PONG SENT!')
('2017-08-18 09:31:26', 'PONG SENT!')
('2017-08-18 09:36:26', 'PONG SENT!')
('2017-08-18 09:41:26', 'PONG SENT!')
('2017-08-18 09:46:26', 'PONG SENT!')
('2017-08-18 09:51:26', 'PONG SENT!')
2017-08-18 09:51:38 {u'userName': 'tristah', u'timeArrival': datetime.datetime(2017, 8, 18, 9, 51, 38), u'txt': '?robots', u'helpID': 1025, u'processed': 0}
Sent: PRIVMSG #twitchplaysrobotics :@tristah Every 30 seconds one robot, out a population of 50, is simulated. It "hears" the current command and senses its environment.  There are 10 species of bots: have you seen them all?
('Num of bytes sent out: ', 220)
2017-08-18 09:52:12 {u'userName': 'tristah', u'timeArrival': datetime.datetime(2017, 8, 18, 9, 52, 12), u'txt': 'first_time_contribution', u'helpID': 1026, u'processed': 0}
Sent: PRIVMSG #twitchplaysrobotics :@tristah Congratulations! You just earned your first point.
('Num of bytes sent out: ', 91)
('2017-08-18 09:56:26', 'PONG SENT!')
('2017-08-18 10:01:26', 'PONG SENT!')
('2017-08-18 10:06:26', 'PONG SENT!')
closed the connection...
